[I 200922 11:34:08 main:42] Model Name: laha_test4
[I 200922 11:34:08 main:45] Loading Training and Validation Set
[I 200922 11:34:25 main:57] Number of Labels: 1383
[I 200922 11:34:25 main:58] Size of Training Set: 791839
[I 200922 11:34:25 main:59] Size of Validation Set: 70000
[I 200922 11:34:25 main:61] Training
[I 200922 11:39:17 models:87] 0 25600 train loss: 0.00764 P@5: 0.02631 nDCG@5: 0.06934 early stop: 0
[I 200922 11:44:04 models:87] 0 51200 train loss: 0.00673 P@5: 0.04855 nDCG@5: 0.12262 early stop: 0
[I 200922 12:05:24 main:42] Model Name: laha_test_4
[I 200922 12:05:24 main:45] Loading Training and Validation Set
[I 200922 12:05:29 main:57] Number of Labels: 1383
[I 200922 12:05:29 main:58] Size of Training Set: 791839
[I 200922 12:05:29 main:59] Size of Validation Set: 70000
[I 200922 12:05:29 main:61] Training
[I 200922 12:10:21 models:87] 0 25600 train loss: 0.00809 P@5: 0.02991 nDCG@5: 0.07898 early stop: 0
[I 200922 12:15:07 models:87] 0 51200 train loss: 0.00698 P@5: 0.04019 nDCG@5: 0.11525 early stop: 0
[I 200922 12:19:53 models:87] 0 76800 train loss: 0.00698 P@5: 0.07188 nDCG@5: 0.18301 early stop: 0
[I 200922 12:24:38 models:87] 0 102400 train loss: 0.00604 P@5: 0.10123 nDCG@5: 0.26176 early stop: 0
[I 200922 12:29:23 models:87] 0 128000 train loss: 0.00545 P@5: 0.12404 nDCG@5: 0.32369 early stop: 0
[I 200922 12:34:09 models:87] 0 153600 train loss: 0.00519 P@5: 0.14389 nDCG@5: 0.38891 early stop: 0
[I 200922 12:38:56 models:87] 0 179200 train loss: 0.00441 P@5: 0.15907 nDCG@5: 0.44095 early stop: 0
[I 200922 12:43:42 models:87] 0 204800 train loss: 0.00472 P@5: 0.16861 nDCG@5: 0.47148 early stop: 0
[I 200922 12:48:27 models:87] 0 230400 train loss: 0.00432 P@5: 0.18001 nDCG@5: 0.50939 early stop: 0
[I 200922 12:53:13 models:87] 0 256000 train loss: 0.00395 P@5: 0.18286 nDCG@5: 0.52004 early stop: 0
[I 200922 12:57:58 models:87] 0 281600 train loss: 0.00396 P@5: 0.19081 nDCG@5: 0.54735 early stop: 0
[I 200922 13:02:44 models:87] 0 307200 train loss: 0.0038 P@5: 0.19213 nDCG@5: 0.54958 early stop: 0
[I 200922 13:07:29 models:87] 0 332800 train loss: 0.00378 P@5: 0.19526 nDCG@5: 0.56137 early stop: 0
[I 200922 13:12:14 models:87] 0 358400 train loss: 0.00357 P@5: 0.19883 nDCG@5: 0.57644 early stop: 0
[I 200922 13:17:00 models:87] 0 384000 train loss: 0.00375 P@5: 0.20107 nDCG@5: 0.58305 early stop: 0
[I 200922 13:21:46 models:87] 0 409600 train loss: 0.00346 P@5: 0.20468 nDCG@5: 0.59471 early stop: 0
[I 200922 13:26:32 models:87] 0 435200 train loss: 0.0032 P@5: 0.20743 nDCG@5: 0.60559 early stop: 0
[I 200922 13:31:18 models:87] 0 460800 train loss: 0.00369 P@5: 0.20953 nDCG@5: 0.61331 early stop: 0
[I 200922 13:36:04 models:87] 0 486400 train loss: 0.00282 P@5: 0.21068 nDCG@5: 0.61754 early stop: 0
[I 200922 13:40:50 models:87] 0 512000 train loss: 0.00301 P@5: 0.21213 nDCG@5: 0.62324 early stop: 0
[I 200922 13:45:36 models:87] 0 537600 train loss: 0.00308 P@5: 0.21359 nDCG@5: 0.63173 early stop: 0
[I 200922 13:50:22 models:87] 0 563200 train loss: 0.00305 P@5: 0.21466 nDCG@5: 0.63395 early stop: 0
[I 200922 13:55:07 models:87] 0 588800 train loss: 0.0029 P@5: 0.21613 nDCG@5: 0.63936 early stop: 0
[I 200922 13:59:52 models:87] 0 614400 train loss: 0.00338 P@5: 0.21804 nDCG@5: 0.64743 early stop: 0
[I 200922 14:04:36 models:87] 0 640000 train loss: 0.00336 P@5: 0.21688 nDCG@5: 0.64393 early stop: 1
[I 200922 14:09:22 models:87] 0 665600 train loss: 0.00329 P@5: 0.21917 nDCG@5: 0.6529 early stop: 0
[I 200922 14:14:08 models:87] 0 691200 train loss: 0.00337 P@5: 0.21985 nDCG@5: 0.65589 early stop: 0
[I 200922 14:18:53 models:87] 0 716800 train loss: 0.00306 P@5: 0.22021 nDCG@5: 0.6572 early stop: 0
[W 200922 14:19:06 models:108] Clipping gradients with total norm 0.02843 and max norm 0.00212
[I 200922 14:23:37 models:87] 0 742400 train loss: 0.00328 P@5: 0.22093 nDCG@5: 0.65796 early stop: 0
[I 200922 14:28:23 models:87] 0 768000 train loss: 0.00316 P@5: 0.22187 nDCG@5: 0.66241 early stop: 0
[I 200922 14:33:08 models:87] 1 1536 train loss: 0.00331 P@5: 0.22227 nDCG@5: 0.66437 early stop: 0
[I 200922 14:37:53 models:87] 1 27136 train loss: 0.00315 P@5: 0.22463 nDCG@5: 0.67208 early stop: 0
[I 200922 14:42:38 models:87] 1 52736 train loss: 0.00279 P@5: 0.22356 nDCG@5: 0.66986 early stop: 1
[I 200922 14:47:22 models:87] 1 78336 train loss: 0.00286 P@5: 0.22435 nDCG@5: 0.67173 early stop: 2
[I 200922 14:52:07 models:87] 1 103936 train loss: 0.0029 P@5: 0.22451 nDCG@5: 0.67348 early stop: 0
[I 200922 14:56:54 models:87] 1 129536 train loss: 0.00301 P@5: 0.22484 nDCG@5: 0.67504 early stop: 0
[I 200922 15:01:40 models:87] 1 155136 train loss: 0.00298 P@5: 0.22628 nDCG@5: 0.68062 early stop: 0
[I 200922 15:06:25 models:87] 1 180736 train loss: 0.003 P@5: 0.22736 nDCG@5: 0.68431 early stop: 0
[I 200922 15:11:09 models:87] 1 206336 train loss: 0.00295 P@5: 0.22665 nDCG@5: 0.68194 early stop: 1
[I 200922 15:15:55 models:87] 1 231936 train loss: 0.00314 P@5: 0.22851 nDCG@5: 0.68711 early stop: 0
[I 200922 15:20:38 models:87] 1 257536 train loss: 0.00296 P@5: 0.22789 nDCG@5: 0.68516 early stop: 1
[I 200922 15:25:23 models:87] 1 283136 train loss: 0.00318 P@5: 0.22819 nDCG@5: 0.68762 early stop: 0
[I 200922 15:30:08 models:87] 1 308736 train loss: 0.00262 P@5: 0.22999 nDCG@5: 0.69179 early stop: 0
[I 200922 15:34:51 models:87] 1 334336 train loss: 0.00293 P@5: 0.22844 nDCG@5: 0.68802 early stop: 1
[I 200922 15:39:35 models:87] 1 359936 train loss: 0.00294 P@5: 0.22915 nDCG@5: 0.69037 early stop: 2
[I 200922 15:44:21 models:87] 1 385536 train loss: 0.00258 P@5: 0.23047 nDCG@5: 0.69338 early stop: 0
[I 200922 15:49:05 models:87] 1 411136 train loss: 0.00293 P@5: 0.22974 nDCG@5: 0.69222 early stop: 1
[I 200922 15:53:51 models:87] 1 436736 train loss: 0.00278 P@5: 0.23167 nDCG@5: 0.69966 early stop: 0
[I 200922 15:58:35 models:87] 1 462336 train loss: 0.00275 P@5: 0.23132 nDCG@5: 0.69622 early stop: 1
[I 200922 16:03:19 models:87] 1 487936 train loss: 0.00282 P@5: 0.23168 nDCG@5: 0.69901 early stop: 2
[I 200922 16:08:03 models:87] 1 513536 train loss: 0.00284 P@5: 0.23127 nDCG@5: 0.69861 early stop: 3
[I 200922 16:12:47 models:87] 1 539136 train loss: 0.00275 P@5: 0.23128 nDCG@5: 0.69933 early stop: 4
[I 200922 16:17:33 models:87] 1 564736 train loss: 0.00263 P@5: 0.2318 nDCG@5: 0.70142 early stop: 0
[I 200922 16:22:19 models:87] 1 590336 train loss: 0.00273 P@5: 0.23175 nDCG@5: 0.70174 early stop: 0
[I 200922 16:27:03 models:87] 1 615936 train loss: 0.00265 P@5: 0.23249 nDCG@5: 0.7032 early stop: 0
[I 200922 16:31:48 models:87] 1 641536 train loss: 0.00282 P@5: 0.23231 nDCG@5: 0.70358 early stop: 0
[I 200922 16:36:33 models:87] 1 667136 train loss: 0.00283 P@5: 0.23258 nDCG@5: 0.70341 early stop: 1
[I 200922 16:41:18 models:87] 1 692736 train loss: 0.00281 P@5: 0.23332 nDCG@5: 0.70447 early stop: 0
[I 200922 16:46:05 models:87] 1 718336 train loss: 0.00271 P@5: 0.23343 nDCG@5: 0.70678 early stop: 0
[I 200922 16:50:51 models:87] 1 743936 train loss: 0.00281 P@5: 0.23429 nDCG@5: 0.71023 early stop: 0
[I 200922 16:55:37 models:87] 1 769536 train loss: 0.00264 P@5: 0.23467 nDCG@5: 0.71088 early stop: 0
[I 200922 17:00:20 models:87] 2 3072 train loss: 0.00284 P@5: 0.23409 nDCG@5: 0.70848 early stop: 1
[I 200922 17:05:06 models:87] 2 28672 train loss: 0.0027 P@5: 0.23575 nDCG@5: 0.71577 early stop: 0
[I 200922 17:09:49 models:87] 2 54272 train loss: 0.0028 P@5: 0.2348 nDCG@5: 0.71249 early stop: 1
[I 200922 17:14:33 models:87] 2 79872 train loss: 0.00271 P@5: 0.23572 nDCG@5: 0.71538 early stop: 2
[I 200922 17:19:17 models:87] 2 105472 train loss: 0.00236 P@5: 0.23573 nDCG@5: 0.71577 early stop: 3
[I 200922 17:24:01 models:87] 2 131072 train loss: 0.00275 P@5: 0.235 nDCG@5: 0.71322 early stop: 4
[I 200922 17:28:46 models:87] 2 156672 train loss: 0.00227 P@5: 0.2361 nDCG@5: 0.71621 early stop: 0
[I 200922 17:33:30 models:87] 2 182272 train loss: 0.00265 P@5: 0.23591 nDCG@5: 0.71609 early stop: 1
[I 200922 17:38:15 models:87] 2 207872 train loss: 0.00265 P@5: 0.23639 nDCG@5: 0.71716 early stop: 0
[I 200922 17:42:59 models:87] 2 233472 train loss: 0.00275 P@5: 0.23568 nDCG@5: 0.71591 early stop: 1
[I 200922 17:47:45 models:87] 2 259072 train loss: 0.00243 P@5: 0.23681 nDCG@5: 0.71948 early stop: 0
[I 200922 17:52:31 models:87] 2 284672 train loss: 0.00256 P@5: 0.23718 nDCG@5: 0.72156 early stop: 0
[I 200922 17:57:15 models:87] 2 310272 train loss: 0.00263 P@5: 0.23697 nDCG@5: 0.72082 early stop: 1
[I 200922 18:02:01 models:87] 2 335872 train loss: 0.00254 P@5: 0.23731 nDCG@5: 0.72214 early stop: 0
[I 200922 18:06:46 models:87] 2 361472 train loss: 0.00241 P@5: 0.23799 nDCG@5: 0.72332 early stop: 0
[I 200922 18:11:29 models:87] 2 387072 train loss: 0.00247 P@5: 0.23726 nDCG@5: 0.72137 early stop: 1
[I 200922 18:16:16 models:87] 2 412672 train loss: 0.00253 P@5: 0.23811 nDCG@5: 0.72471 early stop: 0
[I 200922 18:21:02 models:87] 2 438272 train loss: 0.00257 P@5: 0.2393 nDCG@5: 0.7277 early stop: 0
[I 200922 18:25:46 models:87] 2 463872 train loss: 0.00249 P@5: 0.23819 nDCG@5: 0.72472 early stop: 1
[I 200922 18:30:30 models:87] 2 489472 train loss: 0.00243 P@5: 0.23773 nDCG@5: 0.72502 early stop: 2
[I 200922 18:35:16 models:87] 2 515072 train loss: 0.00264 P@5: 0.23905 nDCG@5: 0.72795 early stop: 0
[I 200922 18:40:00 models:87] 2 540672 train loss: 0.00257 P@5: 0.23848 nDCG@5: 0.72426 early stop: 1
[I 200922 18:44:43 models:87] 2 566272 train loss: 0.00256 P@5: 0.2391 nDCG@5: 0.72749 early stop: 2
[I 200922 18:49:27 models:87] 2 591872 train loss: 0.00276 P@5: 0.23864 nDCG@5: 0.72696 early stop: 3
[I 200922 18:54:11 models:87] 2 617472 train loss: 0.00252 P@5: 0.23899 nDCG@5: 0.7278 early stop: 4
[I 200922 18:58:56 models:87] 2 643072 train loss: 0.00281 P@5: 0.2397 nDCG@5: 0.73085 early stop: 0
[I 200922 19:03:40 models:87] 2 668672 train loss: 0.0024 P@5: 0.23911 nDCG@5: 0.72876 early stop: 1
[I 200922 19:08:25 models:87] 2 694272 train loss: 0.0027 P@5: 0.2403 nDCG@5: 0.73353 early stop: 0
[I 200922 19:13:12 models:87] 2 719872 train loss: 0.00278 P@5: 0.24086 nDCG@5: 0.73375 early stop: 0
[I 200922 19:17:55 models:87] 2 745472 train loss: 0.00253 P@5: 0.24034 nDCG@5: 0.73118 early stop: 1
[I 200922 19:22:39 models:87] 2 771072 train loss: 0.00291 P@5: 0.24053 nDCG@5: 0.73328 early stop: 2
[I 200922 19:27:23 models:87] 3 4608 train loss: 0.00233 P@5: 0.24064 nDCG@5: 0.73398 early stop: 0
[I 200922 19:32:09 models:87] 3 30208 train loss: 0.00246 P@5: 0.24115 nDCG@5: 0.73575 early stop: 0
[I 200922 19:36:52 models:87] 3 55808 train loss: 0.00232 P@5: 0.24048 nDCG@5: 0.73351 early stop: 1
[I 200922 19:41:36 models:87] 3 81408 train loss: 0.0025 P@5: 0.24091 nDCG@5: 0.73485 early stop: 2
[I 200922 19:46:20 models:87] 3 107008 train loss: 0.00226 P@5: 0.24089 nDCG@5: 0.7351 early stop: 3
[I 200922 19:51:04 models:87] 3 132608 train loss: 0.0024 P@5: 0.24077 nDCG@5: 0.73473 early stop: 4
[I 200922 19:55:48 models:87] 3 158208 train loss: 0.00252 P@5: 0.24116 nDCG@5: 0.73521 early stop: 5
[I 200922 20:00:34 models:87] 3 183808 train loss: 0.00241 P@5: 0.24132 nDCG@5: 0.73576 early stop: 0
[I 200922 20:05:21 models:87] 3 209408 train loss: 0.00228 P@5: 0.24151 nDCG@5: 0.7369 early stop: 0
[I 200922 20:10:07 models:87] 3 235008 train loss: 0.00251 P@5: 0.24178 nDCG@5: 0.73706 early stop: 0
[I 200922 20:14:52 models:87] 3 260608 train loss: 0.00238 P@5: 0.24178 nDCG@5: 0.73791 early stop: 0
[I 200922 20:19:37 models:87] 3 286208 train loss: 0.0025 P@5: 0.24219 nDCG@5: 0.73833 early stop: 0
[I 200922 20:24:23 models:87] 3 311808 train loss: 0.00259 P@5: 0.24253 nDCG@5: 0.74053 early stop: 0
[I 200922 20:29:07 models:87] 3 337408 train loss: 0.00234 P@5: 0.24156 nDCG@5: 0.73787 early stop: 1
[I 200922 20:33:50 models:87] 3 363008 train loss: 0.00244 P@5: 0.24214 nDCG@5: 0.73914 early stop: 2
[I 200922 20:38:35 models:87] 3 388608 train loss: 0.00268 P@5: 0.2432 nDCG@5: 0.74209 early stop: 0
[I 200922 20:43:19 models:87] 3 414208 train loss: 0.00223 P@5: 0.24225 nDCG@5: 0.74064 early stop: 1
[I 200922 20:48:01 models:87] 3 439808 train loss: 0.00233 P@5: 0.24175 nDCG@5: 0.73739 early stop: 2
[I 200922 20:52:45 models:87] 3 465408 train loss: 0.00229 P@5: 0.24237 nDCG@5: 0.74022 early stop: 3
[I 200922 20:57:30 models:87] 3 491008 train loss: 0.00251 P@5: 0.24297 nDCG@5: 0.74413 early stop: 0
[I 200922 21:02:15 models:87] 3 516608 train loss: 0.0022 P@5: 0.24303 nDCG@5: 0.74258 early stop: 1
[I 200922 21:06:59 models:87] 3 542208 train loss: 0.00243 P@5: 0.24249 nDCG@5: 0.7408 early stop: 2
[I 200922 21:11:42 models:87] 3 567808 train loss: 0.00221 P@5: 0.24312 nDCG@5: 0.74327 early stop: 3
[I 200922 21:16:25 models:87] 3 593408 train loss: 0.00227 P@5: 0.24279 nDCG@5: 0.74273 early stop: 4
[I 200922 21:21:09 models:87] 3 619008 train loss: 0.00259 P@5: 0.24334 nDCG@5: 0.74334 early stop: 5
[I 200922 21:25:52 models:87] 3 644608 train loss: 0.00242 P@5: 0.24296 nDCG@5: 0.74298 early stop: 6
[I 200922 21:30:37 models:87] 3 670208 train loss: 0.00212 P@5: 0.24341 nDCG@5: 0.74628 early stop: 0
[I 200922 21:35:20 models:87] 3 695808 train loss: 0.0024 P@5: 0.24336 nDCG@5: 0.74422 early stop: 1
[I 200922 21:40:05 models:87] 3 721408 train loss: 0.00251 P@5: 0.24396 nDCG@5: 0.74657 early stop: 0
[I 200922 21:44:49 models:87] 3 747008 train loss: 0.00255 P@5: 0.24329 nDCG@5: 0.74356 early stop: 1
[I 200922 21:49:32 models:87] 3 772608 train loss: 0.00235 P@5: 0.24361 nDCG@5: 0.7451 early stop: 2
[I 200922 21:54:15 models:87] 4 6144 train loss: 0.00242 P@5: 0.24354 nDCG@5: 0.74644 early stop: 3
[I 200922 21:59:00 models:87] 4 31744 train loss: 0.00228 P@5: 0.24409 nDCG@5: 0.7473 early stop: 0
[I 200922 22:03:44 models:87] 4 57344 train loss: 0.00243 P@5: 0.24443 nDCG@5: 0.74784 early stop: 0
[I 200922 22:08:28 models:87] 4 82944 train loss: 0.00239 P@5: 0.24404 nDCG@5: 0.74675 early stop: 1
[I 200922 22:13:13 models:87] 4 108544 train loss: 0.00228 P@5: 0.24436 nDCG@5: 0.74847 early stop: 0
[I 200922 22:17:57 models:87] 4 134144 train loss: 0.00265 P@5: 0.2441 nDCG@5: 0.74647 early stop: 1
[I 200922 22:22:40 models:87] 4 159744 train loss: 0.00231 P@5: 0.24375 nDCG@5: 0.7453 early stop: 2
[I 200922 22:27:23 models:87] 4 185344 train loss: 0.00225 P@5: 0.24412 nDCG@5: 0.74734 early stop: 3
[I 200922 22:32:08 models:87] 4 210944 train loss: 0.00268 P@5: 0.24461 nDCG@5: 0.74804 early stop: 4
[I 200922 22:36:52 models:87] 4 236544 train loss: 0.00229 P@5: 0.24448 nDCG@5: 0.74876 early stop: 0
[I 200922 22:41:36 models:87] 4 262144 train loss: 0.0023 P@5: 0.24439 nDCG@5: 0.74728 early stop: 1
[I 200922 22:46:20 models:87] 4 287744 train loss: 0.00241 P@5: 0.24469 nDCG@5: 0.74851 early stop: 2
[I 200922 22:51:06 models:87] 4 313344 train loss: 0.00218 P@5: 0.24502 nDCG@5: 0.75045 early stop: 0
[I 200922 22:55:50 models:87] 4 338944 train loss: 0.00232 P@5: 0.24493 nDCG@5: 0.74991 early stop: 1
[I 200922 23:00:35 models:87] 4 364544 train loss: 0.00268 P@5: 0.24502 nDCG@5: 0.7506 early stop: 0
[I 200922 23:05:21 models:87] 4 390144 train loss: 0.00223 P@5: 0.24548 nDCG@5: 0.75106 early stop: 0
[I 200922 23:10:06 models:87] 4 415744 train loss: 0.00245 P@5: 0.24581 nDCG@5: 0.75337 early stop: 0
[I 200922 23:14:49 models:87] 4 441344 train loss: 0.00255 P@5: 0.24552 nDCG@5: 0.75164 early stop: 1
[I 200922 23:19:33 models:87] 4 466944 train loss: 0.00246 P@5: 0.24588 nDCG@5: 0.7533 early stop: 2
[I 200922 23:24:16 models:87] 4 492544 train loss: 0.0023 P@5: 0.24528 nDCG@5: 0.75268 early stop: 3
[I 200922 23:29:00 models:87] 4 518144 train loss: 0.00223 P@5: 0.245 nDCG@5: 0.75138 early stop: 4
[I 200922 23:33:43 models:87] 4 543744 train loss: 0.00253 P@5: 0.2453 nDCG@5: 0.75141 early stop: 5
[I 200922 23:38:28 models:87] 4 569344 train loss: 0.00199 P@5: 0.24599 nDCG@5: 0.75443 early stop: 0
[I 200922 23:43:12 models:87] 4 594944 train loss: 0.00245 P@5: 0.24555 nDCG@5: 0.75328 early stop: 1
[I 200922 23:47:55 models:87] 4 620544 train loss: 0.00238 P@5: 0.24562 nDCG@5: 0.75323 early stop: 2
[I 200922 23:52:38 models:87] 4 646144 train loss: 0.00213 P@5: 0.24527 nDCG@5: 0.7521 early stop: 3
[I 200922 23:57:23 models:87] 4 671744 train loss: 0.00224 P@5: 0.24604 nDCG@5: 0.75553 early stop: 0
[I 200923 00:02:07 models:87] 4 697344 train loss: 0.00244 P@5: 0.24583 nDCG@5: 0.7544 early stop: 1
[I 200923 00:06:50 models:87] 4 722944 train loss: 0.00236 P@5: 0.24607 nDCG@5: 0.75517 early stop: 2
[I 200923 00:11:35 models:87] 4 748544 train loss: 0.00245 P@5: 0.24622 nDCG@5: 0.75579 early stop: 0
[I 200923 00:16:20 models:87] 4 774144 train loss: 0.00224 P@5: 0.24632 nDCG@5: 0.75585 early stop: 0
[I 200923 00:21:03 models:87] 5 7680 train loss: 0.00235 P@5: 0.24558 nDCG@5: 0.75409 early stop: 1
[I 200923 00:25:48 models:87] 5 33280 train loss: 0.00217 P@5: 0.24616 nDCG@5: 0.75603 early stop: 0
[I 200923 00:30:34 models:87] 5 58880 train loss: 0.00224 P@5: 0.2461 nDCG@5: 0.75713 early stop: 0
[I 200923 00:35:17 models:87] 5 84480 train loss: 0.00227 P@5: 0.24646 nDCG@5: 0.75653 early stop: 1
[I 200923 00:40:01 models:87] 5 110080 train loss: 0.00222 P@5: 0.24612 nDCG@5: 0.75533 early stop: 2
[I 200923 00:44:45 models:87] 5 135680 train loss: 0.00204 P@5: 0.24607 nDCG@5: 0.7545 early stop: 3
[I 200923 00:49:29 models:87] 5 161280 train loss: 0.00222 P@5: 0.24654 nDCG@5: 0.75679 early stop: 4
[I 200923 00:54:13 models:87] 5 186880 train loss: 0.0024 P@5: 0.24607 nDCG@5: 0.7564 early stop: 5
[I 200923 00:58:58 models:87] 5 212480 train loss: 0.00227 P@5: 0.24656 nDCG@5: 0.75746 early stop: 0
[I 200923 01:03:41 models:87] 5 238080 train loss: 0.00215 P@5: 0.24644 nDCG@5: 0.75639 early stop: 1
[I 200923 01:08:27 models:87] 5 263680 train loss: 0.00224 P@5: 0.24651 nDCG@5: 0.75768 early stop: 0
[I 200923 01:13:10 models:87] 5 289280 train loss: 0.00238 P@5: 0.24659 nDCG@5: 0.75706 early stop: 1
[I 200923 01:17:55 models:87] 5 314880 train loss: 0.00202 P@5: 0.24711 nDCG@5: 0.7591 early stop: 0
[I 200923 01:22:39 models:87] 5 340480 train loss: 0.00215 P@5: 0.24696 nDCG@5: 0.75843 early stop: 1
[I 200923 01:27:23 models:87] 5 366080 train loss: 0.00231 P@5: 0.24709 nDCG@5: 0.75875 early stop: 2
[I 200923 01:32:07 models:87] 5 391680 train loss: 0.00223 P@5: 0.24646 nDCG@5: 0.75723 early stop: 3
[I 200923 01:36:52 models:87] 5 417280 train loss: 0.00199 P@5: 0.24717 nDCG@5: 0.75974 early stop: 0
[I 200923 01:41:36 models:87] 5 442880 train loss: 0.00227 P@5: 0.24734 nDCG@5: 0.7593 early stop: 1
[I 200923 01:46:20 models:87] 5 468480 train loss: 0.00224 P@5: 0.24731 nDCG@5: 0.75909 early stop: 2
[I 200923 01:51:05 models:87] 5 494080 train loss: 0.00211 P@5: 0.24768 nDCG@5: 0.75952 early stop: 3
[I 200923 01:55:50 models:87] 5 519680 train loss: 0.00211 P@5: 0.24779 nDCG@5: 0.76063 early stop: 0
[I 200923 02:00:34 models:87] 5 545280 train loss: 0.00222 P@5: 0.24733 nDCG@5: 0.75933 early stop: 1
[I 200923 02:05:18 models:87] 5 570880 train loss: 0.00235 P@5: 0.24756 nDCG@5: 0.76004 early stop: 2
[I 200923 02:10:03 models:87] 5 596480 train loss: 0.00234 P@5: 0.24689 nDCG@5: 0.7588 early stop: 3
[I 200923 02:14:46 models:87] 5 622080 train loss: 0.00236 P@5: 0.24685 nDCG@5: 0.75731 early stop: 4
[I 200923 02:19:31 models:87] 5 647680 train loss: 0.0023 P@5: 0.2473 nDCG@5: 0.75959 early stop: 5
[I 200923 02:24:15 models:87] 5 673280 train loss: 0.00233 P@5: 0.24728 nDCG@5: 0.75966 early stop: 6
[I 200923 02:28:59 models:87] 5 698880 train loss: 0.00244 P@5: 0.24757 nDCG@5: 0.75982 early stop: 7
[I 200923 02:33:43 models:87] 5 724480 train loss: 0.00238 P@5: 0.2473 nDCG@5: 0.75984 early stop: 8
[I 200923 02:38:29 models:87] 5 750080 train loss: 0.00209 P@5: 0.24753 nDCG@5: 0.76074 early stop: 0
[I 200923 02:43:13 models:87] 5 775680 train loss: 0.00208 P@5: 0.24785 nDCG@5: 0.76223 early stop: 0
[I 200923 02:47:57 models:87] 6 9216 train loss: 0.00223 P@5: 0.24761 nDCG@5: 0.76139 early stop: 1
[I 200923 02:52:42 models:87] 6 34816 train loss: 0.00223 P@5: 0.24798 nDCG@5: 0.7627 early stop: 0
[I 200923 02:57:25 models:87] 6 60416 train loss: 0.0024 P@5: 0.24767 nDCG@5: 0.76094 early stop: 1
[I 200923 03:02:09 models:87] 6 86016 train loss: 0.0021 P@5: 0.24747 nDCG@5: 0.76184 early stop: 2
[I 200923 03:06:53 models:87] 6 111616 train loss: 0.00228 P@5: 0.2476 nDCG@5: 0.76165 early stop: 3
[I 200923 03:11:38 models:87] 6 137216 train loss: 0.00242 P@5: 0.24813 nDCG@5: 0.76299 early stop: 0
[I 200923 03:16:25 models:87] 6 162816 train loss: 0.00231 P@5: 0.248 nDCG@5: 0.76322 early stop: 0
[I 200923 03:21:09 models:87] 6 188416 train loss: 0.00228 P@5: 0.24753 nDCG@5: 0.75987 early stop: 1
[I 200923 03:25:53 models:87] 6 214016 train loss: 0.00242 P@5: 0.24784 nDCG@5: 0.76121 early stop: 2
[I 200923 03:30:37 models:87] 6 239616 train loss: 0.00227 P@5: 0.24745 nDCG@5: 0.76036 early stop: 3
[I 200923 03:35:21 models:87] 6 265216 train loss: 0.00232 P@5: 0.2474 nDCG@5: 0.76001 early stop: 4
[I 200923 03:40:04 models:87] 6 290816 train loss: 0.00225 P@5: 0.24725 nDCG@5: 0.76049 early stop: 5
[I 200923 03:44:50 models:87] 6 316416 train loss: 0.00209 P@5: 0.24805 nDCG@5: 0.76354 early stop: 0
[I 200923 03:49:35 models:87] 6 342016 train loss: 0.0024 P@5: 0.24739 nDCG@5: 0.7616 early stop: 1
[I 200923 03:54:18 models:87] 6 367616 train loss: 0.00193 P@5: 0.24786 nDCG@5: 0.76308 early stop: 2
[I 200923 03:59:01 models:87] 6 393216 train loss: 0.00208 P@5: 0.24787 nDCG@5: 0.76248 early stop: 3
[I 200923 04:03:47 models:87] 6 418816 train loss: 0.00232 P@5: 0.24836 nDCG@5: 0.76358 early stop: 0
[I 200923 04:08:32 models:87] 6 444416 train loss: 0.00225 P@5: 0.24833 nDCG@5: 0.76399 early stop: 0
[I 200923 04:13:16 models:87] 6 470016 train loss: 0.00236 P@5: 0.24774 nDCG@5: 0.762 early stop: 1
[I 200923 04:17:59 models:87] 6 495616 train loss: 0.0022 P@5: 0.24835 nDCG@5: 0.76336 early stop: 2
[I 200923 04:22:43 models:87] 6 521216 train loss: 0.00238 P@5: 0.24831 nDCG@5: 0.76369 early stop: 3
[I 200923 04:27:29 models:87] 6 546816 train loss: 0.00191 P@5: 0.24834 nDCG@5: 0.7648 early stop: 0
[I 200923 04:32:12 models:87] 6 572416 train loss: 0.0022 P@5: 0.24808 nDCG@5: 0.76389 early stop: 1
[I 200923 04:36:56 models:87] 6 598016 train loss: 0.00209 P@5: 0.24824 nDCG@5: 0.76366 early stop: 2
[I 200923 04:41:40 models:87] 6 623616 train loss: 0.00233 P@5: 0.24832 nDCG@5: 0.76315 early stop: 3
[I 200923 04:46:23 models:87] 6 649216 train loss: 0.00226 P@5: 0.24818 nDCG@5: 0.76391 early stop: 4
[I 200923 04:51:08 models:87] 6 674816 train loss: 0.00251 P@5: 0.24855 nDCG@5: 0.76509 early stop: 0
[I 200923 04:55:52 models:87] 6 700416 train loss: 0.00209 P@5: 0.24803 nDCG@5: 0.76367 early stop: 1
[I 200923 05:00:35 models:87] 6 726016 train loss: 0.00222 P@5: 0.24819 nDCG@5: 0.76383 early stop: 2
[I 200923 05:05:19 models:87] 6 751616 train loss: 0.00206 P@5: 0.24832 nDCG@5: 0.76379 early stop: 3
[I 200923 05:10:02 models:87] 6 777216 train loss: 0.00219 P@5: 0.24788 nDCG@5: 0.76259 early stop: 4
[I 200923 05:14:44 models:87] 7 10752 train loss: 0.00219 P@5: 0.24791 nDCG@5: 0.76326 early stop: 5
[I 200923 05:19:28 models:87] 7 36352 train loss: 0.00216 P@5: 0.24845 nDCG@5: 0.76497 early stop: 6
[I 200923 05:24:14 models:87] 7 61952 train loss: 0.00221 P@5: 0.24863 nDCG@5: 0.76585 early stop: 0
[I 200923 05:28:57 models:87] 7 87552 train loss: 0.00232 P@5: 0.24784 nDCG@5: 0.76283 early stop: 1
[I 200923 05:33:41 models:87] 7 113152 train loss: 0.00195 P@5: 0.24793 nDCG@5: 0.76158 early stop: 2
[I 200923 05:38:25 models:87] 7 138752 train loss: 0.00196 P@5: 0.24836 nDCG@5: 0.7634 early stop: 3
[I 200923 05:43:09 models:87] 7 164352 train loss: 0.00213 P@5: 0.24791 nDCG@5: 0.76335 early stop: 4
[I 200923 05:47:52 models:87] 7 189952 train loss: 0.0024 P@5: 0.24833 nDCG@5: 0.76461 early stop: 5
[I 200923 05:52:36 models:87] 7 215552 train loss: 0.00208 P@5: 0.24832 nDCG@5: 0.76385 early stop: 6
[I 200923 05:57:20 models:87] 7 241152 train loss: 0.00212 P@5: 0.2481 nDCG@5: 0.76427 early stop: 7
[I 200923 06:02:04 models:87] 7 266752 train loss: 0.00212 P@5: 0.24787 nDCG@5: 0.76335 early stop: 8
[I 200923 06:06:48 models:87] 7 292352 train loss: 0.00216 P@5: 0.24841 nDCG@5: 0.76487 early stop: 9
[I 200923 06:11:32 models:87] 7 317952 train loss: 0.0021 P@5: 0.24835 nDCG@5: 0.76386 early stop: 10
[I 200923 06:16:15 models:87] 7 343552 train loss: 0.00193 P@5: 0.24823 nDCG@5: 0.76351 early stop: 11
[I 200923 06:20:59 models:87] 7 369152 train loss: 0.00184 P@5: 0.24887 nDCG@5: 0.76523 early stop: 12
[I 200923 06:25:44 models:87] 7 394752 train loss: 0.00205 P@5: 0.24893 nDCG@5: 0.76645 early stop: 0
[I 200923 06:30:28 models:87] 7 420352 train loss: 0.00203 P@5: 0.24892 nDCG@5: 0.76612 early stop: 1
[I 200923 06:35:11 models:87] 7 445952 train loss: 0.00188 P@5: 0.24866 nDCG@5: 0.76524 early stop: 2
[I 200923 06:39:57 models:87] 7 471552 train loss: 0.00228 P@5: 0.24945 nDCG@5: 0.76737 early stop: 0
[I 200923 06:44:41 models:87] 7 497152 train loss: 0.00211 P@5: 0.24868 nDCG@5: 0.76577 early stop: 1
[I 200923 06:49:24 models:87] 7 522752 train loss: 0.0022 P@5: 0.24921 nDCG@5: 0.76641 early stop: 2
[I 200923 06:54:09 models:87] 7 548352 train loss: 0.00211 P@5: 0.24955 nDCG@5: 0.76816 early stop: 0
[I 200923 06:58:53 models:87] 7 573952 train loss: 0.00251 P@5: 0.2492 nDCG@5: 0.76764 early stop: 1
[I 200923 07:03:37 models:87] 7 599552 train loss: 0.00207 P@5: 0.24965 nDCG@5: 0.76786 early stop: 2
[I 200923 07:08:20 models:87] 7 625152 train loss: 0.00196 P@5: 0.24913 nDCG@5: 0.76651 early stop: 3
[I 200923 07:13:05 models:87] 7 650752 train loss: 0.00195 P@5: 0.24973 nDCG@5: 0.7682 early stop: 0
[I 200923 07:17:51 models:87] 7 676352 train loss: 0.00217 P@5: 0.24972 nDCG@5: 0.76826 early stop: 0
[I 200923 07:22:34 models:87] 7 701952 train loss: 0.00214 P@5: 0.24911 nDCG@5: 0.76695 early stop: 1
[I 200923 07:27:19 models:87] 7 727552 train loss: 0.00207 P@5: 0.24992 nDCG@5: 0.76928 early stop: 0
[I 200923 07:32:02 models:87] 7 753152 train loss: 0.00215 P@5: 0.24964 nDCG@5: 0.7681 early stop: 1
[I 200923 07:36:45 models:87] 7 778752 train loss: 0.00206 P@5: 0.24903 nDCG@5: 0.76617 early stop: 2
[I 200923 07:41:28 models:87] 8 12288 train loss: 0.00209 P@5: 0.24956 nDCG@5: 0.7681 early stop: 3
[I 200923 07:46:12 models:87] 8 37888 train loss: 0.00192 P@5: 0.24936 nDCG@5: 0.76723 early stop: 4
[I 200923 07:50:56 models:87] 8 63488 train loss: 0.0018 P@5: 0.24945 nDCG@5: 0.76746 early stop: 5
[I 200923 07:55:39 models:87] 8 89088 train loss: 0.00203 P@5: 0.24905 nDCG@5: 0.76691 early stop: 6
[I 200923 08:00:25 models:87] 8 114688 train loss: 0.00225 P@5: 0.2497 nDCG@5: 0.76952 early stop: 0
[I 200923 08:05:08 models:87] 8 140288 train loss: 0.00171 P@5: 0.24921 nDCG@5: 0.76741 early stop: 1
[I 200923 08:09:52 models:87] 8 165888 train loss: 0.00201 P@5: 0.24933 nDCG@5: 0.76756 early stop: 2
[I 200923 08:14:36 models:87] 8 191488 train loss: 0.00191 P@5: 0.24941 nDCG@5: 0.76816 early stop: 3
[I 200923 08:19:20 models:87] 8 217088 train loss: 0.00199 P@5: 0.24932 nDCG@5: 0.76883 early stop: 4
[I 200923 08:24:06 models:87] 8 242688 train loss: 0.00206 P@5: 0.24985 nDCG@5: 0.77014 early stop: 0
[I 200923 08:28:50 models:87] 8 268288 train loss: 0.00224 P@5: 0.24944 nDCG@5: 0.76827 early stop: 1
[I 200923 08:33:33 models:87] 8 293888 train loss: 0.002 P@5: 0.24973 nDCG@5: 0.76905 early stop: 2
[I 200923 08:38:16 models:87] 8 319488 train loss: 0.00231 P@5: 0.24941 nDCG@5: 0.76796 early stop: 3
[I 200923 08:43:00 models:87] 8 345088 train loss: 0.0021 P@5: 0.24961 nDCG@5: 0.76897 early stop: 4
[I 200923 08:47:43 models:87] 8 370688 train loss: 0.002 P@5: 0.24952 nDCG@5: 0.7672 early stop: 5
[I 200923 08:52:26 models:87] 8 396288 train loss: 0.00207 P@5: 0.25003 nDCG@5: 0.7696 early stop: 6
[I 200923 08:57:10 models:87] 8 421888 train loss: 0.00202 P@5: 0.24996 nDCG@5: 0.7698 early stop: 7
[I 200923 09:01:53 models:87] 8 447488 train loss: 0.00204 P@5: 0.24979 nDCG@5: 0.76908 early stop: 8
[I 200923 09:06:36 models:87] 8 473088 train loss: 0.00226 P@5: 0.2499 nDCG@5: 0.76961 early stop: 9
[I 200923 09:11:22 models:87] 8 498688 train loss: 0.00223 P@5: 0.25012 nDCG@5: 0.77044 early stop: 0
[I 200923 09:16:06 models:87] 8 524288 train loss: 0.00227 P@5: 0.24927 nDCG@5: 0.76799 early stop: 1
[I 200923 09:20:49 models:87] 8 549888 train loss: 0.00198 P@5: 0.25009 nDCG@5: 0.76968 early stop: 2
[I 200923 09:25:33 models:87] 8 575488 train loss: 0.002 P@5: 0.24985 nDCG@5: 0.76914 early stop: 3
[I 200923 09:30:16 models:87] 8 601088 train loss: 0.0021 P@5: 0.24931 nDCG@5: 0.76872 early stop: 4
[I 200923 09:35:01 models:87] 8 626688 train loss: 0.00206 P@5: 0.2502 nDCG@5: 0.77175 early stop: 0
[I 200923 09:39:45 models:87] 8 652288 train loss: 0.0019 P@5: 0.24992 nDCG@5: 0.77026 early stop: 1
[I 200923 09:44:27 models:87] 8 677888 train loss: 0.00222 P@5: 0.25 nDCG@5: 0.76938 early stop: 2
[I 200923 09:49:10 models:87] 8 703488 train loss: 0.00194 P@5: 0.24976 nDCG@5: 0.76986 early stop: 3
[I 200923 09:53:54 models:87] 8 729088 train loss: 0.00235 P@5: 0.25014 nDCG@5: 0.77016 early stop: 4
[I 200923 09:58:37 models:87] 8 754688 train loss: 0.00212 P@5: 0.24961 nDCG@5: 0.7684 early stop: 5
[I 200923 10:03:21 models:87] 8 780288 train loss: 0.00234 P@5: 0.25007 nDCG@5: 0.76978 early stop: 6
[I 200923 10:08:04 models:87] 9 13824 train loss: 0.00188 P@5: 0.25018 nDCG@5: 0.77039 early stop: 7
[I 200923 10:12:47 models:87] 9 39424 train loss: 0.00198 P@5: 0.25023 nDCG@5: 0.77107 early stop: 8
[I 200923 10:17:33 models:87] 9 65024 train loss: 0.00193 P@5: 0.25002 nDCG@5: 0.77196 early stop: 0
[I 200923 10:22:17 models:87] 9 90624 train loss: 0.00219 P@5: 0.25018 nDCG@5: 0.77167 early stop: 1
[I 200923 10:27:01 models:87] 9 116224 train loss: 0.00166 P@5: 0.24944 nDCG@5: 0.76821 early stop: 2
[I 200923 10:31:45 models:87] 9 141824 train loss: 0.00195 P@5: 0.24935 nDCG@5: 0.76893 early stop: 3
[I 200923 10:36:29 models:87] 9 167424 train loss: 0.00193 P@5: 0.24961 nDCG@5: 0.77006 early stop: 4
[I 200923 10:41:12 models:87] 9 193024 train loss: 0.00198 P@5: 0.25045 nDCG@5: 0.77157 early stop: 5
[I 200923 10:45:55 models:87] 9 218624 train loss: 0.00186 P@5: 0.24993 nDCG@5: 0.76958 early stop: 6
[I 200923 10:50:39 models:87] 9 244224 train loss: 0.00211 P@5: 0.24967 nDCG@5: 0.76871 early stop: 7
[I 200923 10:55:22 models:87] 9 269824 train loss: 0.00187 P@5: 0.24969 nDCG@5: 0.76941 early stop: 8
[I 200923 11:00:05 models:87] 9 295424 train loss: 0.0018 P@5: 0.24963 nDCG@5: 0.76902 early stop: 9
[I 200923 11:04:48 models:87] 9 321024 train loss: 0.00192 P@5: 0.24944 nDCG@5: 0.76941 early stop: 10
[I 200923 11:09:31 models:87] 9 346624 train loss: 0.00199 P@5: 0.24944 nDCG@5: 0.76896 early stop: 11
[I 200923 11:14:15 models:87] 9 372224 train loss: 0.00225 P@5: 0.24947 nDCG@5: 0.76912 early stop: 12
[I 200923 11:18:58 models:87] 9 397824 train loss: 0.00198 P@5: 0.24957 nDCG@5: 0.76874 early stop: 13
[I 200923 11:23:42 models:87] 9 423424 train loss: 0.00229 P@5: 0.24991 nDCG@5: 0.77047 early stop: 14
[I 200923 11:28:26 models:87] 9 449024 train loss: 0.002 P@5: 0.24959 nDCG@5: 0.77013 early stop: 15
[I 200923 11:33:09 models:87] 9 474624 train loss: 0.00206 P@5: 0.24984 nDCG@5: 0.77056 early stop: 16
[I 200923 11:37:53 models:87] 9 500224 train loss: 0.00216 P@5: 0.25021 nDCG@5: 0.77107 early stop: 17
[I 200923 11:42:39 models:87] 9 525824 train loss: 0.00243 P@5: 0.25045 nDCG@5: 0.77218 early stop: 0
[W 200923 11:43:04 models:108] Clipping gradients with total norm 0.01092 and max norm 0.00149
[I 200923 11:47:23 models:87] 9 551424 train loss: 0.00229 P@5: 0.25051 nDCG@5: 0.77161 early stop: 1
[I 200923 11:52:07 models:87] 9 577024 train loss: 0.00227 P@5: 0.25031 nDCG@5: 0.7717 early stop: 2
[I 200923 11:56:51 models:87] 9 602624 train loss: 0.00199 P@5: 0.24992 nDCG@5: 0.77073 early stop: 3
[I 200923 12:01:37 models:87] 9 628224 train loss: 0.00207 P@5: 0.25082 nDCG@5: 0.77402 early stop: 0
[I 200923 12:06:22 models:87] 9 653824 train loss: 0.00209 P@5: 0.25086 nDCG@5: 0.77407 early stop: 0
[I 200923 12:11:06 models:87] 9 679424 train loss: 0.00205 P@5: 0.25062 nDCG@5: 0.77286 early stop: 1
[I 200923 12:15:50 models:87] 9 705024 train loss: 0.00187 P@5: 0.25043 nDCG@5: 0.7728 early stop: 2
[I 200923 12:20:34 models:87] 9 730624 train loss: 0.00225 P@5: 0.25043 nDCG@5: 0.77185 early stop: 3
[I 200923 12:25:17 models:87] 9 756224 train loss: 0.00211 P@5: 0.25039 nDCG@5: 0.77168 early stop: 4
[I 200923 12:30:01 models:87] 9 781824 train loss: 0.00197 P@5: 0.25052 nDCG@5: 0.7724 early stop: 5
[I 200923 12:31:08 models:113] SWA Initializing
[I 200923 12:34:45 models:87] 10 15360 train loss: 0.00191 P@5: 0.25109 nDCG@5: 0.77469 early stop: 0
[I 200923 12:39:30 models:87] 10 40960 train loss: 0.00208 P@5: 0.25141 nDCG@5: 0.77579 early stop: 0
[I 200923 12:44:15 models:87] 10 66560 train loss: 0.00173 P@5: 0.25159 nDCG@5: 0.77663 early stop: 0
[I 200923 12:49:01 models:87] 10 92160 train loss: 0.00221 P@5: 0.25166 nDCG@5: 0.77706 early stop: 0
[I 200923 12:53:46 models:87] 10 117760 train loss: 0.00182 P@5: 0.25178 nDCG@5: 0.77738 early stop: 0
[I 200923 12:58:32 models:87] 10 143360 train loss: 0.00181 P@5: 0.25192 nDCG@5: 0.77768 early stop: 0
[I 200923 13:03:17 models:87] 10 168960 train loss: 0.00178 P@5: 0.25206 nDCG@5: 0.77792 early stop: 0
[I 200923 13:08:02 models:87] 10 194560 train loss: 0.00198 P@5: 0.2521 nDCG@5: 0.77808 early stop: 0
[I 200923 13:12:48 models:87] 10 220160 train loss: 0.00187 P@5: 0.25214 nDCG@5: 0.77833 early stop: 0
[I 200923 13:17:32 models:87] 10 245760 train loss: 0.00192 P@5: 0.25215 nDCG@5: 0.77828 early stop: 1
[I 200923 13:22:17 models:87] 10 271360 train loss: 0.00184 P@5: 0.25226 nDCG@5: 0.77856 early stop: 0
[I 200923 13:27:03 models:87] 10 296960 train loss: 0.00178 P@5: 0.25235 nDCG@5: 0.77871 early stop: 0
[I 200923 13:31:48 models:87] 10 322560 train loss: 0.00204 P@5: 0.25241 nDCG@5: 0.7789 early stop: 0
[I 200923 13:36:32 models:87] 10 348160 train loss: 0.00195 P@5: 0.25245 nDCG@5: 0.7791 early stop: 0
[I 200923 13:41:18 models:87] 10 373760 train loss: 0.00194 P@5: 0.25249 nDCG@5: 0.77936 early stop: 0
[I 200923 13:46:03 models:87] 10 399360 train loss: 0.00245 P@5: 0.25262 nDCG@5: 0.7798 early stop: 0
[I 200923 13:50:48 models:87] 10 424960 train loss: 0.00184 P@5: 0.2526 nDCG@5: 0.77985 early stop: 0
[I 200923 13:55:33 models:87] 10 450560 train loss: 0.00204 P@5: 0.25265 nDCG@5: 0.78016 early stop: 0
[I 200923 14:00:18 models:87] 10 476160 train loss: 0.00202 P@5: 0.25269 nDCG@5: 0.78021 early stop: 0
[I 200923 14:05:03 models:87] 10 501760 train loss: 0.00195 P@5: 0.2528 nDCG@5: 0.78046 early stop: 0
[I 200923 14:09:49 models:87] 10 527360 train loss: 0.00202 P@5: 0.25275 nDCG@5: 0.78049 early stop: 0
[I 200923 14:14:34 models:87] 10 552960 train loss: 0.00205 P@5: 0.25282 nDCG@5: 0.78066 early stop: 0
[I 200923 14:19:20 models:87] 10 578560 train loss: 0.00189 P@5: 0.25282 nDCG@5: 0.78074 early stop: 0
[I 200923 14:24:05 models:87] 10 604160 train loss: 0.00207 P@5: 0.2529 nDCG@5: 0.781 early stop: 0
[I 200923 14:28:50 models:87] 10 629760 train loss: 0.00223 P@5: 0.25298 nDCG@5: 0.78113 early stop: 0
[I 200923 14:33:36 models:87] 10 655360 train loss: 0.00184 P@5: 0.25298 nDCG@5: 0.78124 early stop: 0
[I 200923 14:38:22 models:87] 10 680960 train loss: 0.00211 P@5: 0.25306 nDCG@5: 0.78136 early stop: 0
[I 200923 14:43:05 models:87] 10 706560 train loss: 0.00202 P@5: 0.25306 nDCG@5: 0.78133 early stop: 1
[I 200923 14:47:51 models:87] 10 732160 train loss: 0.002 P@5: 0.25317 nDCG@5: 0.78158 early stop: 0
[I 200923 14:52:37 models:87] 10 757760 train loss: 0.00192 P@5: 0.2532 nDCG@5: 0.78165 early stop: 0
[I 200923 14:57:22 models:87] 10 783360 train loss: 0.00216 P@5: 0.25326 nDCG@5: 0.78183 early stop: 0
[I 200923 15:02:07 models:87] 11 16896 train loss: 0.00206 P@5: 0.25335 nDCG@5: 0.78191 early stop: 0
[I 200923 15:06:53 models:87] 11 42496 train loss: 0.00191 P@5: 0.25336 nDCG@5: 0.78205 early stop: 0
[I 200923 15:11:36 models:87] 11 68096 train loss: 0.00188 P@5: 0.25331 nDCG@5: 0.78197 early stop: 1
[I 200923 15:16:19 models:87] 11 93696 train loss: 0.00187 P@5: 0.25342 nDCG@5: 0.782 early stop: 2
[I 200923 15:21:03 models:87] 11 119296 train loss: 0.00197 P@5: 0.25347 nDCG@5: 0.78201 early stop: 3
[I 200923 15:25:48 models:87] 11 144896 train loss: 0.00209 P@5: 0.25355 nDCG@5: 0.78221 early stop: 0
[I 200923 15:30:33 models:87] 11 170496 train loss: 0.00201 P@5: 0.25355 nDCG@5: 0.78222 early stop: 0
[I 200923 15:35:17 models:87] 11 196096 train loss: 0.00194 P@5: 0.25351 nDCG@5: 0.78219 early stop: 1
[I 200923 15:40:00 models:87] 11 221696 train loss: 0.00186 P@5: 0.25353 nDCG@5: 0.78213 early stop: 2
[I 200923 15:44:44 models:87] 11 247296 train loss: 0.00208 P@5: 0.25354 nDCG@5: 0.78219 early stop: 3
[I 200923 15:49:29 models:87] 11 272896 train loss: 0.002 P@5: 0.2535 nDCG@5: 0.78222 early stop: 0
[I 200923 15:54:14 models:87] 11 298496 train loss: 0.00197 P@5: 0.25357 nDCG@5: 0.78238 early stop: 0
[I 200923 15:58:57 models:87] 11 324096 train loss: 0.00203 P@5: 0.25351 nDCG@5: 0.78229 early stop: 1
[I 200923 16:03:41 models:87] 11 349696 train loss: 0.00193 P@5: 0.25352 nDCG@5: 0.78237 early stop: 2
[I 200923 16:08:27 models:87] 11 375296 train loss: 0.00197 P@5: 0.25349 nDCG@5: 0.78238 early stop: 0
[I 200923 16:13:09 models:87] 11 400896 train loss: 0.0021 P@5: 0.25348 nDCG@5: 0.78236 early stop: 1
[I 200923 16:17:55 models:87] 11 426496 train loss: 0.00217 P@5: 0.25353 nDCG@5: 0.7825 early stop: 0
[I 200923 16:22:38 models:87] 11 452096 train loss: 0.00198 P@5: 0.25356 nDCG@5: 0.78248 early stop: 1
[I 200923 16:27:23 models:87] 11 477696 train loss: 0.00189 P@5: 0.25359 nDCG@5: 0.78265 early stop: 0
[I 200923 16:32:06 models:87] 11 503296 train loss: 0.00204 P@5: 0.25357 nDCG@5: 0.7826 early stop: 1
[I 200923 16:36:52 models:87] 11 528896 train loss: 0.00191 P@5: 0.25353 nDCG@5: 0.78268 early stop: 0
[I 200923 16:41:37 models:87] 11 554496 train loss: 0.00204 P@5: 0.25355 nDCG@5: 0.78275 early stop: 0
[I 200923 16:46:24 models:87] 11 580096 train loss: 0.00195 P@5: 0.25355 nDCG@5: 0.78285 early stop: 0
[I 200923 16:51:07 models:87] 11 605696 train loss: 0.00198 P@5: 0.25356 nDCG@5: 0.78284 early stop: 1
[I 200923 16:55:53 models:87] 11 631296 train loss: 0.00198 P@5: 0.25359 nDCG@5: 0.78287 early stop: 0
[I 200923 17:00:36 models:87] 11 656896 train loss: 0.00196 P@5: 0.25362 nDCG@5: 0.78286 early stop: 1
[I 200923 17:05:21 models:87] 11 682496 train loss: 0.00172 P@5: 0.25364 nDCG@5: 0.78295 early stop: 0
[I 200923 17:10:07 models:87] 11 708096 train loss: 0.00202 P@5: 0.25373 nDCG@5: 0.7831 early stop: 0
[I 200923 17:14:53 models:87] 11 733696 train loss: 0.00205 P@5: 0.25376 nDCG@5: 0.78317 early stop: 0
[I 200923 17:19:38 models:87] 11 759296 train loss: 0.00176 P@5: 0.25375 nDCG@5: 0.78323 early stop: 0
[I 200923 17:24:23 models:87] 11 784896 train loss: 0.00212 P@5: 0.25379 nDCG@5: 0.78329 early stop: 0
[I 200923 17:29:07 models:87] 12 18432 train loss: 0.00178 P@5: 0.25383 nDCG@5: 0.78335 early stop: 0
[I 200923 17:33:52 models:87] 12 44032 train loss: 0.00173 P@5: 0.25385 nDCG@5: 0.78339 early stop: 0
[I 200923 17:38:35 models:87] 12 69632 train loss: 0.00194 P@5: 0.25383 nDCG@5: 0.78337 early stop: 1
[I 200923 17:43:19 models:87] 12 95232 train loss: 0.00205 P@5: 0.25385 nDCG@5: 0.78338 early stop: 2
[I 200923 17:48:04 models:87] 12 120832 train loss: 0.00211 P@5: 0.25385 nDCG@5: 0.78343 early stop: 0
[I 200923 17:52:49 models:87] 12 146432 train loss: 0.00188 P@5: 0.25387 nDCG@5: 0.78345 early stop: 0
[I 200923 17:57:34 models:87] 12 172032 train loss: 0.00202 P@5: 0.25393 nDCG@5: 0.78354 early stop: 0
[I 200923 18:02:19 models:87] 12 197632 train loss: 0.00195 P@5: 0.2539 nDCG@5: 0.78355 early stop: 0
[I 200923 18:07:05 models:87] 12 223232 train loss: 0.00186 P@5: 0.25394 nDCG@5: 0.78358 early stop: 0
[I 200923 18:11:50 models:87] 12 248832 train loss: 0.00185 P@5: 0.25397 nDCG@5: 0.78361 early stop: 0
[I 200923 18:16:36 models:87] 12 274432 train loss: 0.00234 P@5: 0.25399 nDCG@5: 0.78368 early stop: 0
[I 200923 18:21:21 models:87] 12 300032 train loss: 0.00208 P@5: 0.25399 nDCG@5: 0.7837 early stop: 0
[I 200923 18:26:07 models:87] 12 325632 train loss: 0.00192 P@5: 0.25397 nDCG@5: 0.78375 early stop: 0
[I 200923 18:30:53 models:87] 12 351232 train loss: 0.002 P@5: 0.254 nDCG@5: 0.78384 early stop: 0
[I 200923 18:35:37 models:87] 12 376832 train loss: 0.00177 P@5: 0.25403 nDCG@5: 0.78387 early stop: 0
[I 200923 18:40:23 models:87] 12 402432 train loss: 0.00205 P@5: 0.25402 nDCG@5: 0.78388 early stop: 0
[I 200923 18:45:08 models:87] 12 428032 train loss: 0.00177 P@5: 0.25404 nDCG@5: 0.78398 early stop: 0
[I 200923 18:49:53 models:87] 12 453632 train loss: 0.00197 P@5: 0.25406 nDCG@5: 0.7841 early stop: 0
[I 200923 18:54:39 models:87] 12 479232 train loss: 0.0019 P@5: 0.25406 nDCG@5: 0.78411 early stop: 0
[I 200923 18:59:24 models:87] 12 504832 train loss: 0.002 P@5: 0.2541 nDCG@5: 0.78414 early stop: 0
[I 200923 19:04:09 models:87] 12 530432 train loss: 0.00185 P@5: 0.25411 nDCG@5: 0.78417 early stop: 0
[I 200923 19:08:54 models:87] 12 556032 train loss: 0.0019 P@5: 0.25412 nDCG@5: 0.78424 early stop: 0
[I 200923 19:13:39 models:87] 12 581632 train loss: 0.00214 P@5: 0.25412 nDCG@5: 0.78428 early stop: 0
[I 200923 19:18:22 models:87] 12 607232 train loss: 0.00173 P@5: 0.25411 nDCG@5: 0.78426 early stop: 1
[I 200923 19:23:06 models:87] 12 632832 train loss: 0.00209 P@5: 0.25409 nDCG@5: 0.78421 early stop: 2
[I 200923 19:27:50 models:87] 12 658432 train loss: 0.00201 P@5: 0.25413 nDCG@5: 0.78422 early stop: 3
[I 200923 19:32:33 models:87] 12 684032 train loss: 0.0019 P@5: 0.25413 nDCG@5: 0.78419 early stop: 4
[I 200923 19:37:17 models:87] 12 709632 train loss: 0.00227 P@5: 0.25412 nDCG@5: 0.78411 early stop: 5
[I 200923 19:42:00 models:87] 12 735232 train loss: 0.00198 P@5: 0.25411 nDCG@5: 0.78408 early stop: 6
[I 200923 19:46:43 models:87] 12 760832 train loss: 0.00195 P@5: 0.25412 nDCG@5: 0.78407 early stop: 7
[I 200923 19:51:27 models:87] 12 786432 train loss: 0.00191 P@5: 0.25409 nDCG@5: 0.78402 early stop: 8
[I 200923 19:56:10 models:87] 13 19968 train loss: 0.00202 P@5: 0.25407 nDCG@5: 0.78402 early stop: 9
[I 200923 20:00:53 models:87] 13 45568 train loss: 0.0017 P@5: 0.25407 nDCG@5: 0.78395 early stop: 10
[I 200923 20:05:36 models:87] 13 71168 train loss: 0.00176 P@5: 0.25404 nDCG@5: 0.78393 early stop: 11
[I 200923 20:10:19 models:87] 13 96768 train loss: 0.00159 P@5: 0.254 nDCG@5: 0.78391 early stop: 12
[I 200923 20:15:03 models:87] 13 122368 train loss: 0.00178 P@5: 0.25395 nDCG@5: 0.78383 early stop: 13
[I 200923 20:19:47 models:87] 13 147968 train loss: 0.00177 P@5: 0.25399 nDCG@5: 0.7839 early stop: 14
[I 200923 20:24:31 models:87] 13 173568 train loss: 0.00205 P@5: 0.25398 nDCG@5: 0.7839 early stop: 15
[I 200923 20:29:14 models:87] 13 199168 train loss: 0.00163 P@5: 0.25403 nDCG@5: 0.784 early stop: 16
[I 200923 20:33:58 models:87] 13 224768 train loss: 0.00185 P@5: 0.25404 nDCG@5: 0.78398 early stop: 17
[I 200923 20:38:42 models:87] 13 250368 train loss: 0.00172 P@5: 0.25402 nDCG@5: 0.78395 early stop: 18
[I 200923 20:43:25 models:87] 13 275968 train loss: 0.00184 P@5: 0.25404 nDCG@5: 0.78404 early stop: 19
[I 200923 20:48:09 models:87] 13 301568 train loss: 0.00171 P@5: 0.25405 nDCG@5: 0.78405 early stop: 20
[I 200923 20:52:52 models:87] 13 327168 train loss: 0.00191 P@5: 0.2541 nDCG@5: 0.78416 early stop: 21
[I 200923 20:57:36 models:87] 13 352768 train loss: 0.00175 P@5: 0.25414 nDCG@5: 0.78429 early stop: 0
[I 200923 21:02:21 models:87] 13 378368 train loss: 0.00198 P@5: 0.25413 nDCG@5: 0.7843 early stop: 0
[I 200923 21:07:04 models:87] 13 403968 train loss: 0.00206 P@5: 0.25414 nDCG@5: 0.78429 early stop: 1
[I 200923 21:11:48 models:87] 13 429568 train loss: 0.00181 P@5: 0.25412 nDCG@5: 0.78426 early stop: 2
[I 200923 21:16:31 models:87] 13 455168 train loss: 0.00179 P@5: 0.25413 nDCG@5: 0.78423 early stop: 3
[I 200923 21:21:14 models:87] 13 480768 train loss: 0.00193 P@5: 0.25411 nDCG@5: 0.78428 early stop: 4
[I 200923 21:25:59 models:87] 13 506368 train loss: 0.00205 P@5: 0.25414 nDCG@5: 0.78432 early stop: 0
[I 200923 21:30:45 models:87] 13 531968 train loss: 0.00203 P@5: 0.25415 nDCG@5: 0.78436 early stop: 0
[I 200923 21:35:30 models:87] 13 557568 train loss: 0.00185 P@5: 0.25415 nDCG@5: 0.78437 early stop: 0
[I 200923 21:40:13 models:87] 13 583168 train loss: 0.0022 P@5: 0.25413 nDCG@5: 0.78433 early stop: 1
[I 200923 21:44:57 models:87] 13 608768 train loss: 0.00195 P@5: 0.25413 nDCG@5: 0.78434 early stop: 2
[I 200923 21:49:41 models:87] 13 634368 train loss: 0.00187 P@5: 0.25413 nDCG@5: 0.78434 early stop: 3
[I 200923 21:54:25 models:87] 13 659968 train loss: 0.0018 P@5: 0.25412 nDCG@5: 0.78434 early stop: 4
[I 200923 21:59:09 models:87] 13 685568 train loss: 0.00216 P@5: 0.25411 nDCG@5: 0.78436 early stop: 5
[I 200923 22:03:54 models:87] 13 711168 train loss: 0.00183 P@5: 0.25411 nDCG@5: 0.78443 early stop: 0
[I 200923 22:08:38 models:87] 13 736768 train loss: 0.00194 P@5: 0.25414 nDCG@5: 0.78451 early stop: 0
[I 200923 22:13:24 models:87] 13 762368 train loss: 0.00196 P@5: 0.25413 nDCG@5: 0.78453 early stop: 0
[I 200923 22:18:09 models:87] 13 787968 train loss: 0.0018 P@5: 0.25417 nDCG@5: 0.78461 early stop: 0
[I 200923 22:22:53 models:87] 14 21504 train loss: 0.00216 P@5: 0.25416 nDCG@5: 0.78463 early stop: 0
[I 200923 22:27:38 models:87] 14 47104 train loss: 0.00168 P@5: 0.25418 nDCG@5: 0.78473 early stop: 0
[I 200923 22:32:23 models:87] 14 72704 train loss: 0.0019 P@5: 0.25419 nDCG@5: 0.78479 early stop: 0
[I 200923 22:37:07 models:87] 14 98304 train loss: 0.00208 P@5: 0.2542 nDCG@5: 0.78475 early stop: 1
[I 200923 22:41:51 models:87] 14 123904 train loss: 0.00194 P@5: 0.25419 nDCG@5: 0.78473 early stop: 2
[I 200923 22:46:34 models:87] 14 149504 train loss: 0.0017 P@5: 0.25417 nDCG@5: 0.78466 early stop: 3
[I 200923 22:51:17 models:87] 14 175104 train loss: 0.00182 P@5: 0.25413 nDCG@5: 0.78463 early stop: 4
[I 200923 22:56:01 models:87] 14 200704 train loss: 0.00174 P@5: 0.25416 nDCG@5: 0.78472 early stop: 5
[I 200923 23:00:45 models:87] 14 226304 train loss: 0.00179 P@5: 0.25417 nDCG@5: 0.78469 early stop: 6
[I 200923 23:05:28 models:87] 14 251904 train loss: 0.00174 P@5: 0.25415 nDCG@5: 0.78462 early stop: 7
[I 200923 23:10:12 models:87] 14 277504 train loss: 0.00187 P@5: 0.25416 nDCG@5: 0.78463 early stop: 8
[I 200923 23:14:55 models:87] 14 303104 train loss: 0.00207 P@5: 0.25414 nDCG@5: 0.78461 early stop: 9
[I 200923 23:19:37 models:87] 14 328704 train loss: 0.00185 P@5: 0.25415 nDCG@5: 0.78464 early stop: 10
[I 200923 23:24:21 models:87] 14 354304 train loss: 0.00196 P@5: 0.25413 nDCG@5: 0.78468 early stop: 11
[I 200923 23:29:04 models:87] 14 379904 train loss: 0.00226 P@5: 0.25415 nDCG@5: 0.7847 early stop: 12
[I 200923 23:33:48 models:87] 14 405504 train loss: 0.0018 P@5: 0.25419 nDCG@5: 0.78478 early stop: 13
[I 200923 23:38:34 models:87] 14 431104 train loss: 0.00185 P@5: 0.25421 nDCG@5: 0.78481 early stop: 0
[I 200923 23:43:18 models:87] 14 456704 train loss: 0.00186 P@5: 0.2542 nDCG@5: 0.78482 early stop: 0
[I 200923 23:48:04 models:87] 14 482304 train loss: 0.00198 P@5: 0.25425 nDCG@5: 0.7849 early stop: 0
[I 200923 23:52:48 models:87] 14 507904 train loss: 0.00202 P@5: 0.25422 nDCG@5: 0.78486 early stop: 1
[I 200923 23:57:31 models:87] 14 533504 train loss: 0.00197 P@5: 0.25421 nDCG@5: 0.7849 early stop: 2
[I 200924 00:02:14 models:87] 14 559104 train loss: 0.0019 P@5: 0.25425 nDCG@5: 0.78489 early stop: 3
[I 200924 00:07:00 models:87] 14 584704 train loss: 0.0021 P@5: 0.25425 nDCG@5: 0.78491 early stop: 0
[I 200924 00:11:46 models:87] 14 610304 train loss: 0.00211 P@5: 0.25426 nDCG@5: 0.78497 early stop: 0
[I 200924 00:16:31 models:87] 14 635904 train loss: 0.00195 P@5: 0.25425 nDCG@5: 0.78499 early stop: 0
[I 200924 00:21:16 models:87] 14 661504 train loss: 0.00218 P@5: 0.25426 nDCG@5: 0.78505 early stop: 0
[I 200924 00:26:01 models:87] 14 687104 train loss: 0.00202 P@5: 0.25428 nDCG@5: 0.7851 early stop: 0
[I 200924 00:30:46 models:87] 14 712704 train loss: 0.00207 P@5: 0.25429 nDCG@5: 0.78511 early stop: 0
[I 200924 00:35:31 models:87] 14 738304 train loss: 0.00195 P@5: 0.25433 nDCG@5: 0.78521 early stop: 0
[I 200924 00:40:15 models:87] 14 763904 train loss: 0.00212 P@5: 0.25437 nDCG@5: 0.7852 early stop: 1
[I 200924 00:44:58 models:87] 14 789504 train loss: 0.00184 P@5: 0.25437 nDCG@5: 0.78518 early stop: 2
[I 200924 00:49:43 models:87] 15 23040 train loss: 0.0017 P@5: 0.25435 nDCG@5: 0.78521 early stop: 0
[I 200924 00:54:26 models:87] 15 48640 train loss: 0.00181 P@5: 0.25437 nDCG@5: 0.78517 early stop: 1
[I 200924 00:59:10 models:87] 15 74240 train loss: 0.00176 P@5: 0.25437 nDCG@5: 0.78515 early stop: 2
[I 200924 01:03:54 models:87] 15 99840 train loss: 0.00204 P@5: 0.25437 nDCG@5: 0.78504 early stop: 3
[I 200924 01:08:37 models:87] 15 125440 train loss: 0.00181 P@5: 0.2544 nDCG@5: 0.78512 early stop: 4
[I 200924 01:13:21 models:87] 15 151040 train loss: 0.00168 P@5: 0.2544 nDCG@5: 0.78508 early stop: 5
[I 200924 01:18:04 models:87] 15 176640 train loss: 0.00163 P@5: 0.25442 nDCG@5: 0.78519 early stop: 6
[I 200924 01:22:49 models:87] 15 202240 train loss: 0.00186 P@5: 0.25449 nDCG@5: 0.78532 early stop: 0
[I 200924 01:27:33 models:87] 15 227840 train loss: 0.00181 P@5: 0.25442 nDCG@5: 0.78526 early stop: 1
[I 200924 01:32:17 models:87] 15 253440 train loss: 0.002 P@5: 0.25441 nDCG@5: 0.78527 early stop: 2
[I 200924 01:37:00 models:87] 15 279040 train loss: 0.00212 P@5: 0.25437 nDCG@5: 0.78522 early stop: 3
[I 200924 01:41:43 models:87] 15 304640 train loss: 0.00197 P@5: 0.25441 nDCG@5: 0.78529 early stop: 4
[I 200924 01:46:27 models:87] 15 330240 train loss: 0.00188 P@5: 0.25437 nDCG@5: 0.78531 early stop: 5
[I 200924 01:51:13 models:87] 15 355840 train loss: 0.00186 P@5: 0.25439 nDCG@5: 0.78536 early stop: 0
[I 200924 01:55:58 models:87] 15 381440 train loss: 0.0017 P@5: 0.2544 nDCG@5: 0.78539 early stop: 0
[I 200924 02:00:41 models:87] 15 407040 train loss: 0.00187 P@5: 0.25437 nDCG@5: 0.78535 early stop: 1
[I 200924 02:05:24 models:87] 15 432640 train loss: 0.00187 P@5: 0.25435 nDCG@5: 0.78534 early stop: 2
[I 200924 02:10:08 models:87] 15 458240 train loss: 0.00228 P@5: 0.25436 nDCG@5: 0.78536 early stop: 3
[I 200924 02:14:52 models:87] 15 483840 train loss: 0.00173 P@5: 0.25439 nDCG@5: 0.78537 early stop: 4
[I 200924 02:19:36 models:87] 15 509440 train loss: 0.00183 P@5: 0.25443 nDCG@5: 0.78545 early stop: 0
[I 200924 02:24:22 models:87] 15 535040 train loss: 0.0019 P@5: 0.25443 nDCG@5: 0.78551 early stop: 0
[I 200924 02:29:05 models:87] 15 560640 train loss: 0.00181 P@5: 0.25444 nDCG@5: 0.78548 early stop: 1
[I 200924 02:33:48 models:87] 15 586240 train loss: 0.0019 P@5: 0.25445 nDCG@5: 0.7855 early stop: 2
[I 200924 02:38:32 models:87] 15 611840 train loss: 0.00201 P@5: 0.25449 nDCG@5: 0.7855 early stop: 3
[I 200924 02:43:18 models:87] 15 637440 train loss: 0.00171 P@5: 0.25453 nDCG@5: 0.78555 early stop: 0
[I 200924 02:48:03 models:87] 15 663040 train loss: 0.00178 P@5: 0.25458 nDCG@5: 0.78565 early stop: 0
[I 200924 02:52:46 models:87] 15 688640 train loss: 0.00192 P@5: 0.25457 nDCG@5: 0.78561 early stop: 1
[I 200924 02:57:29 models:87] 15 714240 train loss: 0.00193 P@5: 0.25457 nDCG@5: 0.78563 early stop: 2
[I 200924 03:02:15 models:87] 15 739840 train loss: 0.00167 P@5: 0.25461 nDCG@5: 0.78569 early stop: 0
[I 200924 03:07:01 models:87] 15 765440 train loss: 0.00193 P@5: 0.25464 nDCG@5: 0.78572 early stop: 0
[I 200924 03:11:48 models:87] 15 791040 train loss: 0.00181 P@5: 0.25464 nDCG@5: 0.78578 early stop: 0
[I 200924 03:16:32 models:87] 16 24576 train loss: 0.00175 P@5: 0.25467 nDCG@5: 0.78581 early stop: 0
[I 200924 03:21:17 models:87] 16 50176 train loss: 0.00167 P@5: 0.2547 nDCG@5: 0.78583 early stop: 0
[I 200924 03:26:03 models:87] 16 75776 train loss: 0.00164 P@5: 0.25469 nDCG@5: 0.78591 early stop: 0
[I 200924 03:30:49 models:87] 16 101376 train loss: 0.00166 P@5: 0.2547 nDCG@5: 0.78595 early stop: 0
[I 200924 03:35:33 models:87] 16 126976 train loss: 0.00197 P@5: 0.25471 nDCG@5: 0.78594 early stop: 1
[I 200924 03:40:19 models:87] 16 152576 train loss: 0.00181 P@5: 0.25473 nDCG@5: 0.78601 early stop: 0
[I 200924 03:45:05 models:87] 16 178176 train loss: 0.00197 P@5: 0.25475 nDCG@5: 0.78609 early stop: 0
[I 200924 03:49:51 models:87] 16 203776 train loss: 0.00163 P@5: 0.25475 nDCG@5: 0.78611 early stop: 0
[I 200924 03:54:34 models:87] 16 229376 train loss: 0.0019 P@5: 0.25473 nDCG@5: 0.7861 early stop: 1
[I 200924 03:59:18 models:87] 16 254976 train loss: 0.00201 P@5: 0.25469 nDCG@5: 0.78606 early stop: 2
[I 200924 04:04:01 models:87] 16 280576 train loss: 0.00152 P@5: 0.2547 nDCG@5: 0.78608 early stop: 3
[I 200924 04:08:46 models:87] 16 306176 train loss: 0.00201 P@5: 0.25469 nDCG@5: 0.78607 early stop: 4
[I 200924 04:13:29 models:87] 16 331776 train loss: 0.00185 P@5: 0.2547 nDCG@5: 0.78607 early stop: 5
[I 200924 04:18:12 models:87] 16 357376 train loss: 0.00212 P@5: 0.25467 nDCG@5: 0.78606 early stop: 6
[I 200924 04:22:56 models:87] 16 382976 train loss: 0.00166 P@5: 0.25465 nDCG@5: 0.78603 early stop: 7
[I 200924 04:27:39 models:87] 16 408576 train loss: 0.00184 P@5: 0.25465 nDCG@5: 0.78604 early stop: 8
[I 200924 04:32:23 models:87] 16 434176 train loss: 0.00186 P@5: 0.25465 nDCG@5: 0.78601 early stop: 9
[I 200924 04:37:07 models:87] 16 459776 train loss: 0.00181 P@5: 0.25468 nDCG@5: 0.78606 early stop: 10
[I 200924 04:41:50 models:87] 16 485376 train loss: 0.00177 P@5: 0.25466 nDCG@5: 0.78604 early stop: 11
[I 200924 04:46:34 models:87] 16 510976 train loss: 0.00199 P@5: 0.25465 nDCG@5: 0.78605 early stop: 12
[I 200924 04:51:18 models:87] 16 536576 train loss: 0.0018 P@5: 0.25464 nDCG@5: 0.78605 early stop: 13
[W 200924 04:52:58 models:108] Clipping gradients with total norm 0.01004 and max norm 0.00175
[I 200924 04:56:01 models:87] 16 562176 train loss: 0.0019 P@5: 0.25462 nDCG@5: 0.78597 early stop: 14
[I 200924 05:00:44 models:87] 16 587776 train loss: 0.00171 P@5: 0.25461 nDCG@5: 0.78593 early stop: 15
[I 200924 05:05:28 models:87] 16 613376 train loss: 0.0019 P@5: 0.25459 nDCG@5: 0.78588 early stop: 16
[I 200924 05:10:11 models:87] 16 638976 train loss: 0.00191 P@5: 0.25455 nDCG@5: 0.78584 early stop: 17
[I 200924 05:14:55 models:87] 16 664576 train loss: 0.00193 P@5: 0.25454 nDCG@5: 0.78582 early stop: 18
[I 200924 05:19:40 models:87] 16 690176 train loss: 0.00183 P@5: 0.25453 nDCG@5: 0.78582 early stop: 19
[W 200924 05:19:59 models:108] Clipping gradients with total norm 0.11451 and max norm 0.00158
[I 200924 05:24:23 models:87] 16 715776 train loss: 0.00182 P@5: 0.25455 nDCG@5: 0.78585 early stop: 20
[I 200924 05:29:06 models:87] 16 741376 train loss: 0.00207 P@5: 0.25456 nDCG@5: 0.78593 early stop: 21
[I 200924 05:33:50 models:87] 16 766976 train loss: 0.00187 P@5: 0.25457 nDCG@5: 0.78588 early stop: 22
[I 200924 05:38:32 models:87] 17 512 train loss: 0.00157 P@5: 0.25455 nDCG@5: 0.78589 early stop: 23
[I 200924 05:43:16 models:87] 17 26112 train loss: 0.00188 P@5: 0.25454 nDCG@5: 0.78589 early stop: 24
[I 200924 05:47:59 models:87] 17 51712 train loss: 0.00199 P@5: 0.25453 nDCG@5: 0.78586 early stop: 25
[I 200924 05:52:43 models:87] 17 77312 train loss: 0.00166 P@5: 0.25454 nDCG@5: 0.78593 early stop: 26
[I 200924 05:57:26 models:87] 17 102912 train loss: 0.00192 P@5: 0.25457 nDCG@5: 0.78594 early stop: 27
[I 200924 06:02:11 models:87] 17 128512 train loss: 0.00166 P@5: 0.25457 nDCG@5: 0.78592 early stop: 28
[I 200924 06:06:55 models:87] 17 154112 train loss: 0.00174 P@5: 0.25459 nDCG@5: 0.78595 early stop: 29
[I 200924 06:11:38 models:87] 17 179712 train loss: 0.00173 P@5: 0.25458 nDCG@5: 0.78594 early stop: 30
[I 200924 06:16:22 models:87] 17 205312 train loss: 0.00184 P@5: 0.25461 nDCG@5: 0.786 early stop: 31
[I 200924 06:21:05 models:87] 17 230912 train loss: 0.00171 P@5: 0.25461 nDCG@5: 0.78601 early stop: 32
[I 200924 06:25:48 models:87] 17 256512 train loss: 0.00178 P@5: 0.25461 nDCG@5: 0.78603 early stop: 33
[I 200924 06:30:34 models:87] 17 282112 train loss: 0.00194 P@5: 0.25461 nDCG@5: 0.78612 early stop: 0
[I 200924 06:35:19 models:87] 17 307712 train loss: 0.00174 P@5: 0.25463 nDCG@5: 0.78615 early stop: 0
[I 200924 06:40:03 models:87] 17 333312 train loss: 0.00188 P@5: 0.25465 nDCG@5: 0.78614 early stop: 1
[I 200924 06:44:48 models:87] 17 358912 train loss: 0.00187 P@5: 0.25466 nDCG@5: 0.78619 early stop: 0
[I 200924 06:49:31 models:87] 17 384512 train loss: 0.00183 P@5: 0.25466 nDCG@5: 0.78614 early stop: 1
[I 200924 06:54:14 models:87] 17 410112 train loss: 0.0018 P@5: 0.25466 nDCG@5: 0.78608 early stop: 2
[I 200924 06:58:58 models:87] 17 435712 train loss: 0.00196 P@5: 0.25468 nDCG@5: 0.78615 early stop: 3
[I 200924 07:03:42 models:87] 17 461312 train loss: 0.00178 P@5: 0.25469 nDCG@5: 0.7862 early stop: 0
[I 200924 07:08:25 models:87] 17 486912 train loss: 0.00168 P@5: 0.25467 nDCG@5: 0.78618 early stop: 1
[I 200924 07:13:10 models:87] 17 512512 train loss: 0.00169 P@5: 0.2547 nDCG@5: 0.78622 early stop: 0
[I 200924 07:17:53 models:87] 17 538112 train loss: 0.00191 P@5: 0.25471 nDCG@5: 0.78622 early stop: 1
[I 200924 07:22:38 models:87] 17 563712 train loss: 0.00183 P@5: 0.2547 nDCG@5: 0.78622 early stop: 0
[I 200924 07:27:22 models:87] 17 589312 train loss: 0.0017 P@5: 0.25471 nDCG@5: 0.7862 early stop: 1
[I 200924 07:32:07 models:87] 17 614912 train loss: 0.00172 P@5: 0.25472 nDCG@5: 0.78627 early stop: 0
[I 200924 07:36:52 models:87] 17 640512 train loss: 0.00172 P@5: 0.25473 nDCG@5: 0.78632 early stop: 0
[I 200924 07:41:37 models:87] 17 666112 train loss: 0.00183 P@5: 0.25473 nDCG@5: 0.78628 early stop: 1
[I 200924 07:46:20 models:87] 17 691712 train loss: 0.00183 P@5: 0.2547 nDCG@5: 0.78626 early stop: 2
[I 200924 07:51:03 models:87] 17 717312 train loss: 0.00172 P@5: 0.25469 nDCG@5: 0.78623 early stop: 3
[I 200924 07:55:47 models:87] 17 742912 train loss: 0.00195 P@5: 0.25467 nDCG@5: 0.78624 early stop: 4
[W 200924 07:56:57 models:108] Clipping gradients with total norm 0.00895 and max norm 0.00148
[I 200924 08:00:31 models:87] 17 768512 train loss: 0.00188 P@5: 0.25466 nDCG@5: 0.78629 early stop: 5
[I 200924 08:05:16 models:87] 18 2048 train loss: 0.00178 P@5: 0.25467 nDCG@5: 0.78634 early stop: 0
[I 200924 08:10:00 models:87] 18 27648 train loss: 0.00172 P@5: 0.25465 nDCG@5: 0.78631 early stop: 1
[I 200924 08:14:45 models:87] 18 53248 train loss: 0.00188 P@5: 0.25466 nDCG@5: 0.78634 early stop: 0
[I 200924 08:19:30 models:87] 18 78848 train loss: 0.00155 P@5: 0.25467 nDCG@5: 0.7864 early stop: 0
[I 200924 08:24:13 models:87] 18 104448 train loss: 0.00184 P@5: 0.25466 nDCG@5: 0.78633 early stop: 1
[I 200924 08:28:56 models:87] 18 130048 train loss: 0.00183 P@5: 0.25465 nDCG@5: 0.78632 early stop: 2
[I 200924 08:33:39 models:87] 18 155648 train loss: 0.00184 P@5: 0.25465 nDCG@5: 0.78632 early stop: 3
[I 200924 08:38:23 models:87] 18 181248 train loss: 0.00159 P@5: 0.25467 nDCG@5: 0.78636 early stop: 4
[I 200924 08:43:07 models:87] 18 206848 train loss: 0.00166 P@5: 0.25465 nDCG@5: 0.78631 early stop: 5
[I 200924 08:47:51 models:87] 18 232448 train loss: 0.00185 P@5: 0.25466 nDCG@5: 0.78634 early stop: 6
[I 200924 08:52:34 models:87] 18 258048 train loss: 0.00176 P@5: 0.25467 nDCG@5: 0.78635 early stop: 7
[I 200924 08:57:19 models:87] 18 283648 train loss: 0.00161 P@5: 0.25467 nDCG@5: 0.78641 early stop: 0
[I 200924 09:02:02 models:87] 18 309248 train loss: 0.00196 P@5: 0.25465 nDCG@5: 0.78639 early stop: 1
[I 200924 09:06:45 models:87] 18 334848 train loss: 0.00172 P@5: 0.25467 nDCG@5: 0.78636 early stop: 2
[I 200924 09:11:29 models:87] 18 360448 train loss: 0.00156 P@5: 0.2547 nDCG@5: 0.78633 early stop: 3
[I 200924 09:16:12 models:87] 18 386048 train loss: 0.00172 P@5: 0.2547 nDCG@5: 0.78635 early stop: 4
[I 200924 09:20:56 models:87] 18 411648 train loss: 0.0016 P@5: 0.25472 nDCG@5: 0.78641 early stop: 5
[I 200924 09:25:39 models:87] 18 437248 train loss: 0.0021 P@5: 0.25471 nDCG@5: 0.78638 early stop: 6
[I 200924 09:30:22 models:87] 18 462848 train loss: 0.00176 P@5: 0.25469 nDCG@5: 0.78636 early stop: 7
[I 200924 09:35:06 models:87] 18 488448 train loss: 0.00177 P@5: 0.25469 nDCG@5: 0.78638 early stop: 8
[I 200924 09:39:50 models:87] 18 514048 train loss: 0.00213 P@5: 0.2547 nDCG@5: 0.78639 early stop: 9
[I 200924 09:44:33 models:87] 18 539648 train loss: 0.00168 P@5: 0.25471 nDCG@5: 0.78641 early stop: 10
[I 200924 09:49:19 models:87] 18 565248 train loss: 0.00224 P@5: 0.25473 nDCG@5: 0.78642 early stop: 0
[I 200924 09:54:02 models:87] 18 590848 train loss: 0.00174 P@5: 0.25471 nDCG@5: 0.78634 early stop: 1
[I 200924 09:58:45 models:87] 18 616448 train loss: 0.00169 P@5: 0.25474 nDCG@5: 0.78636 early stop: 2
[I 200924 10:03:28 models:87] 18 642048 train loss: 0.00158 P@5: 0.25475 nDCG@5: 0.78638 early stop: 3
[I 200924 10:08:12 models:87] 18 667648 train loss: 0.00154 P@5: 0.25472 nDCG@5: 0.78639 early stop: 4
[I 200924 10:12:55 models:87] 18 693248 train loss: 0.00164 P@5: 0.2547 nDCG@5: 0.7864 early stop: 5
[I 200924 10:17:39 models:87] 18 718848 train loss: 0.00199 P@5: 0.2547 nDCG@5: 0.78641 early stop: 6
[I 200924 10:22:22 models:87] 18 744448 train loss: 0.00182 P@5: 0.25469 nDCG@5: 0.7864 early stop: 7
[I 200924 10:27:05 models:87] 18 770048 train loss: 0.0017 P@5: 0.25467 nDCG@5: 0.78637 early stop: 8
[I 200924 10:31:47 models:87] 19 3584 train loss: 0.00153 P@5: 0.25468 nDCG@5: 0.78639 early stop: 9
[I 200924 10:36:30 models:87] 19 29184 train loss: 0.00168 P@5: 0.25467 nDCG@5: 0.78641 early stop: 10
[I 200924 10:41:15 models:87] 19 54784 train loss: 0.00148 P@5: 0.2547 nDCG@5: 0.78644 early stop: 0
[I 200924 10:45:59 models:87] 19 80384 train loss: 0.00165 P@5: 0.2547 nDCG@5: 0.78641 early stop: 1
[I 200924 10:50:42 models:87] 19 105984 train loss: 0.00186 P@5: 0.25468 nDCG@5: 0.78637 early stop: 2
[I 200924 10:55:25 models:87] 19 131584 train loss: 0.00178 P@5: 0.25466 nDCG@5: 0.78633 early stop: 3
[I 200924 11:00:08 models:87] 19 157184 train loss: 0.00199 P@5: 0.25466 nDCG@5: 0.78637 early stop: 4
[I 200924 11:04:52 models:87] 19 182784 train loss: 0.00162 P@5: 0.25466 nDCG@5: 0.78634 early stop: 5
[I 200924 11:09:36 models:87] 19 208384 train loss: 0.00183 P@5: 0.25463 nDCG@5: 0.78627 early stop: 6
[I 200924 11:14:20 models:87] 19 233984 train loss: 0.00157 P@5: 0.25462 nDCG@5: 0.78626 early stop: 7
[I 200924 11:19:03 models:87] 19 259584 train loss: 0.00192 P@5: 0.25462 nDCG@5: 0.78627 early stop: 8
[I 200924 11:23:47 models:87] 19 285184 train loss: 0.00174 P@5: 0.25461 nDCG@5: 0.7862 early stop: 9
[I 200924 11:28:31 models:87] 19 310784 train loss: 0.00173 P@5: 0.25463 nDCG@5: 0.78614 early stop: 10
[I 200924 11:33:13 models:87] 19 336384 train loss: 0.00171 P@5: 0.2546 nDCG@5: 0.78609 early stop: 11
[I 200924 11:37:57 models:87] 19 361984 train loss: 0.00163 P@5: 0.25459 nDCG@5: 0.78601 early stop: 12
[I 200924 11:42:40 models:87] 19 387584 train loss: 0.00176 P@5: 0.25463 nDCG@5: 0.78603 early stop: 13
[I 200924 11:47:24 models:87] 19 413184 train loss: 0.00172 P@5: 0.25459 nDCG@5: 0.78602 early stop: 14
[I 200924 11:52:07 models:87] 19 438784 train loss: 0.0017 P@5: 0.25457 nDCG@5: 0.78602 early stop: 15
[I 200924 11:56:51 models:87] 19 464384 train loss: 0.00184 P@5: 0.25461 nDCG@5: 0.78608 early stop: 16
[I 200924 12:01:34 models:87] 19 489984 train loss: 0.00225 P@5: 0.25459 nDCG@5: 0.78609 early stop: 17
[I 200924 12:06:17 models:87] 19 515584 train loss: 0.0018 P@5: 0.25459 nDCG@5: 0.78611 early stop: 18
[I 200924 12:11:01 models:87] 19 541184 train loss: 0.0019 P@5: 0.25458 nDCG@5: 0.78611 early stop: 19
[I 200924 12:15:44 models:87] 19 566784 train loss: 0.00168 P@5: 0.25456 nDCG@5: 0.78609 early stop: 20
[I 200924 12:20:27 models:87] 19 592384 train loss: 0.00182 P@5: 0.25458 nDCG@5: 0.78611 early stop: 21
[I 200924 12:25:11 models:87] 19 617984 train loss: 0.00198 P@5: 0.25459 nDCG@5: 0.78609 early stop: 22
[I 200924 12:29:54 models:87] 19 643584 train loss: 0.00186 P@5: 0.25459 nDCG@5: 0.78609 early stop: 23
[I 200924 12:34:37 models:87] 19 669184 train loss: 0.00162 P@5: 0.2546 nDCG@5: 0.78609 early stop: 24
[I 200924 12:39:21 models:87] 19 694784 train loss: 0.00195 P@5: 0.25461 nDCG@5: 0.78608 early stop: 25
[I 200924 12:44:05 models:87] 19 720384 train loss: 0.00184 P@5: 0.2546 nDCG@5: 0.78607 early stop: 26
[I 200924 12:48:48 models:87] 19 745984 train loss: 0.00188 P@5: 0.25458 nDCG@5: 0.78604 early stop: 27
[I 200924 12:53:31 models:87] 19 771584 train loss: 0.00207 P@5: 0.25458 nDCG@5: 0.78606 early stop: 28
[I 200924 12:58:14 models:87] 20 5120 train loss: 0.00153 P@5: 0.25457 nDCG@5: 0.78606 early stop: 29
[I 200924 13:02:56 models:87] 20 30720 train loss: 0.00159 P@5: 0.25457 nDCG@5: 0.78601 early stop: 30
[I 200924 13:07:40 models:87] 20 56320 train loss: 0.00157 P@5: 0.25458 nDCG@5: 0.78607 early stop: 31
[I 200924 13:12:23 models:87] 20 81920 train loss: 0.00166 P@5: 0.25457 nDCG@5: 0.78607 early stop: 32
[I 200924 13:17:06 models:87] 20 107520 train loss: 0.00177 P@5: 0.25456 nDCG@5: 0.78606 early stop: 33
[I 200924 13:21:50 models:87] 20 133120 train loss: 0.00176 P@5: 0.25455 nDCG@5: 0.78606 early stop: 34
[I 200924 13:26:33 models:87] 20 158720 train loss: 0.00162 P@5: 0.25454 nDCG@5: 0.78603 early stop: 35
[I 200924 13:31:16 models:87] 20 184320 train loss: 0.00159 P@5: 0.25454 nDCG@5: 0.78607 early stop: 36
[I 200924 13:35:59 models:87] 20 209920 train loss: 0.0017 P@5: 0.25455 nDCG@5: 0.78611 early stop: 37
[I 200924 13:40:43 models:87] 20 235520 train loss: 0.00148 P@5: 0.25456 nDCG@5: 0.78609 early stop: 38
[I 200924 13:45:26 models:87] 20 261120 train loss: 0.00186 P@5: 0.25456 nDCG@5: 0.78614 early stop: 39
[I 200924 13:50:10 models:87] 20 286720 train loss: 0.00178 P@5: 0.25459 nDCG@5: 0.7862 early stop: 40
[I 200924 13:54:53 models:87] 20 312320 train loss: 0.00159 P@5: 0.25456 nDCG@5: 0.78616 early stop: 41
[I 200924 13:59:36 models:87] 20 337920 train loss: 0.00149 P@5: 0.25455 nDCG@5: 0.78618 early stop: 42
[I 200924 14:04:20 models:87] 20 363520 train loss: 0.00186 P@5: 0.25457 nDCG@5: 0.78622 early stop: 43
[I 200924 14:09:04 models:87] 20 389120 train loss: 0.00175 P@5: 0.25457 nDCG@5: 0.78623 early stop: 44
[I 200924 14:13:47 models:87] 20 414720 train loss: 0.00192 P@5: 0.25458 nDCG@5: 0.78631 early stop: 45
[I 200924 14:18:32 models:87] 20 440320 train loss: 0.0017 P@5: 0.25462 nDCG@5: 0.78637 early stop: 46
[I 200924 14:23:15 models:87] 20 465920 train loss: 0.00195 P@5: 0.25463 nDCG@5: 0.78641 early stop: 47
[I 200924 14:27:58 models:87] 20 491520 train loss: 0.00182 P@5: 0.25463 nDCG@5: 0.78641 early stop: 48
[I 200924 14:32:42 models:87] 20 517120 train loss: 0.0017 P@5: 0.25463 nDCG@5: 0.78641 early stop: 49
[I 200924 14:37:25 models:87] 20 542720 train loss: 0.00172 P@5: 0.25463 nDCG@5: 0.78643 early stop: 50
[I 200924 14:42:09 main:72] Finish Training
[I 200924 14:42:09 main:75] Loading Test Set
[I 200924 14:42:09 main:79] Size of Test Set: 198116
[I 200924 14:42:09 main:81] Predicting
[I 200924 14:47:19 main:93] Finish Predicting
