
[I 200911 03:17:20 main:42] Model Name: pre_glove
[I 200911 03:17:20 main:45] Loading Training and Validation Set
[I 200911 03:17:25 main:57] Number of Labels: 1383
[I 200911 03:17:25 main:58] Size of Training Set: 791839
[I 200911 03:17:25 main:59] Size of Validation Set: 70000
[I 200911 03:17:25 main:61] Training
[I 200911 03:22:03 main:42] Model Name: pre_glove
[I 200911 03:22:03 main:45] Loading Training and Validation Set
[I 200911 03:22:08 main:57] Number of Labels: 1383
[I 200911 03:22:08 main:58] Size of Training Set: 791839
[I 200911 03:22:08 main:59] Size of Validation Set: 70000
[I 200911 03:22:08 main:61] Training
[I 200911 03:30:01 main:42] Model Name: pre_glove
[I 200911 03:30:01 main:45] Loading Training and Validation Set
[I 200911 03:30:06 main:57] Number of Labels: 1383
[I 200911 03:30:06 main:58] Size of Training Set: 791839
[I 200911 03:30:06 main:59] Size of Validation Set: 70000
[I 200911 03:30:06 main:61] Training
[I 200911 03:33:35 models:86] 0 25600 train loss: 0.00826 P@5: 0.00633 nDCG@5: 0.01099 early stop: 0
[I 200911 03:36:58 models:86] 0 51200 train loss: 0.00738 P@5: 0.02509 nDCG@5: 0.06594 early stop: 0
[I 200911 03:40:21 models:86] 0 76800 train loss: 0.00735 P@5: 0.02747 nDCG@5: 0.073 early stop: 0
[I 200911 03:43:44 models:86] 0 102400 train loss: 0.00704 P@5: 0.02862 nDCG@5: 0.07535 early stop: 0
[I 200911 03:47:07 models:86] 0 128000 train loss: 0.00737 P@5: 0.03485 nDCG@5: 0.08872 early stop: 0
[I 200911 03:50:30 models:86] 0 153600 train loss: 0.00721 P@5: 0.04194 nDCG@5: 0.10246 early stop: 0
[I 200911 03:53:53 models:86] 0 179200 train loss: 0.00664 P@5: 0.07329 nDCG@5: 0.19065 early stop: 0
[I 200911 03:57:15 models:86] 0 204800 train loss: 0.00665 P@5: 0.09101 nDCG@5: 0.23805 early stop: 0
[I 200911 04:00:40 models:86] 0 230400 train loss: 0.0056 P@5: 0.11271 nDCG@5: 0.30263 early stop: 0
[I 200911 04:04:03 models:86] 0 256000 train loss: 0.00522 P@5: 0.13049 nDCG@5: 0.35365 early stop: 0
[I 200911 04:07:26 models:86] 0 281600 train loss: 0.0052 P@5: 0.1422 nDCG@5: 0.39355 early stop: 0
[I 200911 04:10:50 models:86] 0 307200 train loss: 0.00447 P@5: 0.15323 nDCG@5: 0.42616 early stop: 0
[I 200911 04:14:14 models:86] 0 332800 train loss: 0.00454 P@5: 0.16207 nDCG@5: 0.4557 early stop: 0
[W 200911 04:15:20 models:107] Clipping gradients with total norm 0.011749999597668648 and max norm 0.002309999894350767
[I 200911 04:17:36 models:86] 0 358400 train loss: 0.0042 P@5: 0.17025 nDCG@5: 0.48555 early stop: 0
[I 200911 04:21:00 models:86] 0 384000 train loss: 0.00396 P@5: 0.17447 nDCG@5: 0.49863 early stop: 0
[I 200911 04:24:25 models:86] 0 409600 train loss: 0.00432 P@5: 0.18047 nDCG@5: 0.51926 early stop: 0
[I 200911 04:27:47 models:86] 0 435200 train loss: 0.00383 P@5: 0.18426 nDCG@5: 0.53436 early stop: 0
[I 200911 04:31:11 models:86] 0 460800 train loss: 0.00397 P@5: 0.18467 nDCG@5: 0.53559 early stop: 0
[I 200911 04:34:34 models:86] 0 486400 train loss: 0.00382 P@5: 0.19142 nDCG@5: 0.55727 early stop: 0
[I 200911 04:37:57 models:86] 0 512000 train loss: 0.0038 P@5: 0.1939 nDCG@5: 0.56687 early stop: 0
[I 200911 04:41:21 models:86] 0 537600 train loss: 0.00402 P@5: 0.19574 nDCG@5: 0.57315 early stop: 0
[I 200911 04:44:44 models:86] 0 563200 train loss: 0.00363 P@5: 0.19778 nDCG@5: 0.5789 early stop: 0
[I 200911 04:48:05 models:86] 0 588800 train loss: 0.0037 P@5: 0.19685 nDCG@5: 0.57847 early stop: 1
[I 200911 04:51:29 models:86] 0 614400 train loss: 0.00365 P@5: 0.20101 nDCG@5: 0.59097 early stop: 0
[I 200911 04:54:51 models:86] 0 640000 train loss: 0.00341 P@5: 0.20094 nDCG@5: 0.5923 early stop: 0
[I 200911 04:58:15 models:86] 0 665600 train loss: 0.00375 P@5: 0.20319 nDCG@5: 0.60133 early stop: 0
[I 200911 05:01:38 models:86] 0 691200 train loss: 0.00387 P@5: 0.2043 nDCG@5: 0.60625 early stop: 0
[I 200911 05:05:01 models:86] 0 716800 train loss: 0.0031 P@5: 0.20653 nDCG@5: 0.61292 early stop: 0
[I 200911 05:08:24 models:86] 0 742400 train loss: 0.00327 P@5: 0.20783 nDCG@5: 0.6183 early stop: 0
[I 200911 05:11:48 models:86] 0 768000 train loss: 0.00338 P@5: 0.20843 nDCG@5: 0.62035 early stop: 0
[I 200911 05:15:09 models:86] 1 1536 train loss: 0.00334 P@5: 0.20728 nDCG@5: 0.61757 early stop: 1
[I 200911 05:18:32 models:86] 1 27136 train loss: 0.00314 P@5: 0.20878 nDCG@5: 0.62163 early stop: 0
[I 200911 05:21:56 models:86] 1 52736 train loss: 0.00303 P@5: 0.21033 nDCG@5: 0.62824 early stop: 0
[I 200911 05:25:21 models:86] 1 78336 train loss: 0.00291 P@5: 0.21351 nDCG@5: 0.64034 early stop: 0
[I 200911 05:28:43 models:86] 1 103936 train loss: 0.00316 P@5: 0.21197 nDCG@5: 0.63453 early stop: 1
[I 200911 05:32:04 models:86] 1 129536 train loss: 0.00309 P@5: 0.21326 nDCG@5: 0.63878 early stop: 2
[I 200911 05:35:27 models:86] 1 155136 train loss: 0.00298 P@5: 0.21455 nDCG@5: 0.64259 early stop: 0
[I 200911 05:38:51 models:86] 1 180736 train loss: 0.00328 P@5: 0.21498 nDCG@5: 0.64559 early stop: 0
[I 200911 05:42:15 models:86] 1 206336 train loss: 0.00299 P@5: 0.21635 nDCG@5: 0.64863 early stop: 0
[I 200911 05:45:38 models:86] 1 231936 train loss: 0.00315 P@5: 0.21702 nDCG@5: 0.65357 early stop: 0
[I 200911 05:48:58 models:86] 1 257536 train loss: 0.00306 P@5: 0.21723 nDCG@5: 0.65298 early stop: 1
[I 200911 05:52:20 models:86] 1 283136 train loss: 0.00302 P@5: 0.21735 nDCG@5: 0.65349 early stop: 2
[I 200911 05:55:43 models:86] 1 308736 train loss: 0.00368 P@5: 0.21811 nDCG@5: 0.6563 early stop: 0
[I 200911 05:59:06 models:86] 1 334336 train loss: 0.00268 P@5: 0.21917 nDCG@5: 0.65956 early stop: 0
[I 200911 06:02:28 models:86] 1 359936 train loss: 0.00319 P@5: 0.21921 nDCG@5: 0.65904 early stop: 1
[I 200911 06:05:52 models:86] 1 385536 train loss: 0.00324 P@5: 0.21963 nDCG@5: 0.66098 early stop: 0
[I 200911 06:09:15 models:86] 1 411136 train loss: 0.00265 P@5: 0.21965 nDCG@5: 0.66242 early stop: 0
[I 200911 06:12:38 models:86] 1 436736 train loss: 0.00303 P@5: 0.22041 nDCG@5: 0.66556 early stop: 0
[I 200911 06:15:59 models:86] 1 462336 train loss: 0.00273 P@5: 0.2206 nDCG@5: 0.66545 early stop: 1
[I 200911 06:19:22 models:86] 1 487936 train loss: 0.00286 P@5: 0.22233 nDCG@5: 0.67135 early stop: 0
[I 200911 06:22:45 models:86] 1 513536 train loss: 0.00293 P@5: 0.22179 nDCG@5: 0.67156 early stop: 0
[I 200911 06:26:06 models:86] 1 539136 train loss: 0.00281 P@5: 0.22212 nDCG@5: 0.67149 early stop: 1
[I 200911 06:29:29 models:86] 1 564736 train loss: 0.00304 P@5: 0.22263 nDCG@5: 0.6726 early stop: 0
[I 200911 06:32:53 models:86] 1 590336 train loss: 0.00283 P@5: 0.22378 nDCG@5: 0.67684 early stop: 0
[I 200911 06:36:16 models:86] 1 615936 train loss: 0.00299 P@5: 0.22464 nDCG@5: 0.67818 early stop: 0
[I 200911 06:39:37 models:86] 1 641536 train loss: 0.00285 P@5: 0.2236 nDCG@5: 0.67623 early stop: 1
[I 200911 06:43:01 models:86] 1 667136 train loss: 0.00283 P@5: 0.22459 nDCG@5: 0.68009 early stop: 0
[I 200911 06:46:24 models:86] 1 692736 train loss: 0.00271 P@5: 0.22471 nDCG@5: 0.68099 early stop: 0
[I 200911 06:49:47 models:86] 1 718336 train loss: 0.00268 P@5: 0.22504 nDCG@5: 0.68196 early stop: 0
[I 200911 06:53:11 models:86] 1 743936 train loss: 0.00308 P@5: 0.22633 nDCG@5: 0.68594 early stop: 0
[I 200911 06:56:32 models:86] 1 769536 train loss: 0.00282 P@5: 0.22535 nDCG@5: 0.68372 early stop: 1
[I 200911 06:59:53 models:86] 2 3072 train loss: 0.00266 P@5: 0.22595 nDCG@5: 0.68483 early stop: 2
[I 200911 07:03:16 models:86] 2 28672 train loss: 0.00261 P@5: 0.22727 nDCG@5: 0.68899 early stop: 0
[I 200911 07:06:40 models:86] 2 54272 train loss: 0.0027 P@5: 0.22762 nDCG@5: 0.69016 early stop: 0
[I 200911 07:10:04 models:86] 2 79872 train loss: 0.003 P@5: 0.22699 nDCG@5: 0.69024 early stop: 0
[I 200911 07:13:25 models:86] 2 105472 train loss: 0.00269 P@5: 0.22653 nDCG@5: 0.68779 early stop: 1
[I 200911 07:16:46 models:86] 2 131072 train loss: 0.00281 P@5: 0.22722 nDCG@5: 0.69017 early stop: 2
[I 200911 07:20:10 models:86] 2 156672 train loss: 0.00258 P@5: 0.228 nDCG@5: 0.69294 early stop: 0
[I 200911 07:23:35 models:86] 2 182272 train loss: 0.00264 P@5: 0.22846 nDCG@5: 0.69479 early stop: 0
[I 200911 07:26:58 models:86] 2 207872 train loss: 0.0025 P@5: 0.22957 nDCG@5: 0.6981 early stop: 0
[I 200911 07:30:20 models:86] 2 233472 train loss: 0.00268 P@5: 0.22896 nDCG@5: 0.69602 early stop: 1
[I 200911 07:33:44 models:86] 2 259072 train loss: 0.00259 P@5: 0.22977 nDCG@5: 0.69836 early stop: 0
[I 200911 07:37:08 models:86] 2 284672 train loss: 0.00246 P@5: 0.22983 nDCG@5: 0.70136 early stop: 0
[I 200911 07:40:30 models:86] 2 310272 train loss: 0.00228 P@5: 0.2299 nDCG@5: 0.69903 early stop: 1
[I 200911 07:43:51 models:86] 2 335872 train loss: 0.00266 P@5: 0.2298 nDCG@5: 0.69944 early stop: 2
[I 200911 07:47:12 models:86] 2 361472 train loss: 0.00261 P@5: 0.23032 nDCG@5: 0.69994 early stop: 3
[I 200911 07:50:35 models:86] 2 387072 train loss: 0.00263 P@5: 0.23051 nDCG@5: 0.70234 early stop: 0
[I 200911 07:53:57 models:86] 2 412672 train loss: 0.00271 P@5: 0.23048 nDCG@5: 0.70053 early stop: 1
[I 200911 07:57:20 models:86] 2 438272 train loss: 0.00243 P@5: 0.23076 nDCG@5: 0.70399 early stop: 0
[I 200911 08:00:43 models:86] 2 463872 train loss: 0.00273 P@5: 0.23155 nDCG@5: 0.70592 early stop: 0
[I 200911 08:04:04 models:86] 2 489472 train loss: 0.00257 P@5: 0.23099 nDCG@5: 0.70264 early stop: 1
[I 200911 08:07:27 models:86] 2 515072 train loss: 0.00257 P@5: 0.23217 nDCG@5: 0.70718 early stop: 0
[I 200911 08:10:50 models:86] 2 540672 train loss: 0.00259 P@5: 0.23291 nDCG@5: 0.71025 early stop: 0
[I 200911 08:14:11 models:86] 2 566272 train loss: 0.00278 P@5: 0.23221 nDCG@5: 0.70581 early stop: 1
[I 200911 08:17:35 models:86] 2 591872 train loss: 0.00272 P@5: 0.23277 nDCG@5: 0.71036 early stop: 0
[I 200911 08:20:59 models:86] 2 617472 train loss: 0.00253 P@5: 0.23327 nDCG@5: 0.71153 early stop: 0
[I 200911 08:24:20 models:86] 2 643072 train loss: 0.00253 P@5: 0.2324 nDCG@5: 0.70824 early stop: 1
[I 200911 08:27:41 models:86] 2 668672 train loss: 0.00265 P@5: 0.23302 nDCG@5: 0.71131 early stop: 2
[I 200911 08:31:04 models:86] 2 694272 train loss: 0.00289 P@5: 0.2337 nDCG@5: 0.71424 early stop: 0
[I 200911 08:34:27 models:86] 2 719872 train loss: 0.00271 P@5: 0.23345 nDCG@5: 0.71279 early stop: 1
[I 200911 08:37:47 models:86] 2 745472 train loss: 0.0025 P@5: 0.23351 nDCG@5: 0.71377 early stop: 2
[I 200911 08:41:10 models:86] 2 771072 train loss: 0.00233 P@5: 0.23369 nDCG@5: 0.71488 early stop: 0
[I 200911 08:44:32 models:86] 3 4608 train loss: 0.00225 P@5: 0.23349 nDCG@5: 0.71161 early stop: 1
[I 200911 08:47:52 models:86] 3 30208 train loss: 0.00242 P@5: 0.23289 nDCG@5: 0.71206 early stop: 2
[I 200911 08:51:14 models:86] 3 55808 train loss: 0.00234 P@5: 0.23349 nDCG@5: 0.71318 early stop: 3
[I 200911 08:54:37 models:86] 3 81408 train loss: 0.00249 P@5: 0.23423 nDCG@5: 0.71566 early stop: 0
[I 200911 08:57:59 models:86] 3 107008 train loss: 0.00214 P@5: 0.23395 nDCG@5: 0.71532 early stop: 1
[I 200911 09:01:20 models:86] 3 132608 train loss: 0.00218 P@5: 0.23399 nDCG@5: 0.7145 early stop: 2
[I 200911 09:04:41 models:86] 3 158208 train loss: 0.00231 P@5: 0.23371 nDCG@5: 0.7152 early stop: 3
[I 200911 09:08:05 models:86] 3 183808 train loss: 0.00241 P@5: 0.23457 nDCG@5: 0.71807 early stop: 0
[I 200911 09:11:30 models:86] 3 209408 train loss: 0.00248 P@5: 0.23473 nDCG@5: 0.71883 early stop: 0
[I 200911 09:14:52 models:86] 3 235008 train loss: 0.00245 P@5: 0.23466 nDCG@5: 0.71835 early stop: 1
[I 200911 09:18:13 models:86] 3 260608 train loss: 0.0023 P@5: 0.2342 nDCG@5: 0.71745 early stop: 2
[I 200911 09:21:36 models:86] 3 286208 train loss: 0.00255 P@5: 0.23507 nDCG@5: 0.71962 early stop: 0
[I 200911 09:24:58 models:86] 3 311808 train loss: 0.00229 P@5: 0.23519 nDCG@5: 0.71939 early stop: 1
[I 200911 09:28:21 models:86] 3 337408 train loss: 0.00255 P@5: 0.236 nDCG@5: 0.72161 early stop: 0
[I 200911 09:31:44 models:86] 3 363008 train loss: 0.00263 P@5: 0.23598 nDCG@5: 0.72179 early stop: 0
[I 200911 09:35:09 models:86] 3 388608 train loss: 0.00254 P@5: 0.23611 nDCG@5: 0.72181 early stop: 0
[I 200911 09:38:31 models:86] 3 414208 train loss: 0.00244 P@5: 0.23626 nDCG@5: 0.72325 early stop: 0
[I 200911 09:41:55 models:86] 3 439808 train loss: 0.00224 P@5: 0.23602 nDCG@5: 0.72337 early stop: 0
[I 200911 09:45:16 models:86] 3 465408 train loss: 0.00247 P@5: 0.23586 nDCG@5: 0.72276 early stop: 1
[I 200911 09:48:40 models:86] 3 491008 train loss: 0.00253 P@5: 0.23621 nDCG@5: 0.72394 early stop: 0
[I 200911 09:52:03 models:86] 3 516608 train loss: 0.00228 P@5: 0.23643 nDCG@5: 0.72423 early stop: 0
[I 200911 09:55:27 models:86] 3 542208 train loss: 0.00219 P@5: 0.23653 nDCG@5: 0.72448 early stop: 0
[I 200911 09:58:52 models:86] 3 567808 train loss: 0.00236 P@5: 0.23723 nDCG@5: 0.72613 early stop: 0
[I 200911 10:02:14 models:86] 3 593408 train loss: 0.00243 P@5: 0.2367 nDCG@5: 0.72575 early stop: 1
[I 200911 10:05:35 models:86] 3 619008 train loss: 0.00236 P@5: 0.23557 nDCG@5: 0.72204 early stop: 2
[I 200911 10:08:59 models:86] 3 644608 train loss: 0.00228 P@5: 0.23705 nDCG@5: 0.72625 early stop: 0
[I 200911 10:12:19 models:86] 3 670208 train loss: 0.00233 P@5: 0.23674 nDCG@5: 0.72591 early stop: 1
[I 200911 10:15:41 models:86] 3 695808 train loss: 0.00245 P@5: 0.23684 nDCG@5: 0.72414 early stop: 2
[I 200911 10:19:05 models:86] 3 721408 train loss: 0.00225 P@5: 0.23745 nDCG@5: 0.72861 early stop: 0
[I 200911 10:22:25 models:86] 3 747008 train loss: 0.00231 P@5: 0.23725 nDCG@5: 0.72727 early stop: 1
[I 200911 10:25:48 models:86] 3 772608 train loss: 0.00227 P@5: 0.23727 nDCG@5: 0.72636 early stop: 2
[I 200911 10:29:09 models:86] 4 6144 train loss: 0.00201 P@5: 0.23692 nDCG@5: 0.72479 early stop: 3
[I 200911 10:32:30 models:86] 4 31744 train loss: 0.00225 P@5: 0.23735 nDCG@5: 0.72804 early stop: 4
[I 200911 10:35:51 models:86] 4 57344 train loss: 0.00222 P@5: 0.23629 nDCG@5: 0.725 early stop: 5
[I 200911 10:39:13 models:86] 4 82944 train loss: 0.00214 P@5: 0.23673 nDCG@5: 0.72575 early stop: 6
[I 200911 10:42:33 models:86] 4 108544 train loss: 0.00223 P@5: 0.23747 nDCG@5: 0.7281 early stop: 7
[I 200911 10:45:55 models:86] 4 134144 train loss: 0.00219 P@5: 0.23657 nDCG@5: 0.72558 early stop: 8
[I 200911 10:49:15 models:86] 4 159744 train loss: 0.00222 P@5: 0.23694 nDCG@5: 0.72765 early stop: 9
[I 200911 10:52:36 models:86] 4 185344 train loss: 0.0021 P@5: 0.23757 nDCG@5: 0.72814 early stop: 10
[I 200911 10:55:57 models:86] 4 210944 train loss: 0.00219 P@5: 0.23679 nDCG@5: 0.72668 early stop: 11
[I 200911 10:59:18 models:86] 4 236544 train loss: 0.00224 P@5: 0.23708 nDCG@5: 0.72787 early stop: 12
[I 200911 11:02:39 models:86] 4 262144 train loss: 0.0021 P@5: 0.23689 nDCG@5: 0.727 early stop: 13
[I 200911 11:06:03 models:86] 4 287744 train loss: 0.00211 P@5: 0.23796 nDCG@5: 0.73153 early stop: 0
[I 200911 11:09:24 models:86] 4 313344 train loss: 0.00209 P@5: 0.23641 nDCG@5: 0.72645 early stop: 1
[I 200911 11:12:45 models:86] 4 338944 train loss: 0.00206 P@5: 0.23765 nDCG@5: 0.72982 early stop: 2
[I 200911 11:16:06 models:86] 4 364544 train loss: 0.00202 P@5: 0.23791 nDCG@5: 0.73093 early stop: 3
[I 200911 11:19:27 models:86] 4 390144 train loss: 0.00238 P@5: 0.2378 nDCG@5: 0.72988 early stop: 4
[I 200911 11:22:48 models:86] 4 415744 train loss: 0.00224 P@5: 0.23776 nDCG@5: 0.72965 early stop: 5
[I 200911 11:26:12 models:86] 4 441344 train loss: 0.0019 P@5: 0.2393 nDCG@5: 0.73517 early stop: 0
[I 200911 11:29:33 models:86] 4 466944 train loss: 0.00206 P@5: 0.23823 nDCG@5: 0.73179 early stop: 1
[I 200911 11:32:54 models:86] 4 492544 train loss: 0.00219 P@5: 0.23809 nDCG@5: 0.72976 early stop: 2
[I 200911 11:36:16 models:86] 4 518144 train loss: 0.00228 P@5: 0.23876 nDCG@5: 0.73389 early stop: 3
[I 200911 11:39:38 models:86] 4 543744 train loss: 0.00218 P@5: 0.23829 nDCG@5: 0.73176 early stop: 4
[I 200911 11:43:00 models:86] 4 569344 train loss: 0.00204 P@5: 0.23855 nDCG@5: 0.73139 early stop: 5
[I 200911 11:46:21 models:86] 4 594944 train loss: 0.00227 P@5: 0.23802 nDCG@5: 0.73102 early stop: 6
[W 200911 11:48:11 models:107] Clipping gradients with total norm 0.052390001714229584 and max norm 0.0012400000123307109
[I 200911 11:49:43 models:86] 4 620544 train loss: 0.00219 P@5: 0.23829 nDCG@5: 0.73249 early stop: 7
[I 200911 11:53:07 models:86] 4 646144 train loss: 0.00203 P@5: 0.2393 nDCG@5: 0.73546 early stop: 0
[I 200911 11:56:31 models:86] 4 671744 train loss: 0.00222 P@5: 0.23935 nDCG@5: 0.73597 early stop: 0
[I 200911 11:59:52 models:86] 4 697344 train loss: 0.00214 P@5: 0.2392 nDCG@5: 0.73596 early stop: 1
[I 200911 12:03:13 models:86] 4 722944 train loss: 0.00222 P@5: 0.23926 nDCG@5: 0.73467 early stop: 2
[I 200911 12:06:37 models:86] 4 748544 train loss: 0.00189 P@5: 0.23973 nDCG@5: 0.73689 early stop: 0
[I 200911 12:09:57 models:86] 4 774144 train loss: 0.00186 P@5: 0.23977 nDCG@5: 0.73637 early stop: 1
[I 200911 12:13:18 models:86] 5 7680 train loss: 0.00197 P@5: 0.23877 nDCG@5: 0.73475 early stop: 2
[I 200911 12:16:41 models:86] 5 33280 train loss: 0.00198 P@5: 0.2383 nDCG@5: 0.73427 early stop: 3
[I 200911 12:20:02 models:86] 5 58880 train loss: 0.00173 P@5: 0.23816 nDCG@5: 0.73221 early stop: 4
[I 200911 12:23:23 models:86] 5 84480 train loss: 0.00185 P@5: 0.23801 nDCG@5: 0.73198 early stop: 5
[I 200911 12:26:44 models:86] 5 110080 train loss: 0.00196 P@5: 0.23845 nDCG@5: 0.734 early stop: 6
[I 200911 12:30:06 models:86] 5 135680 train loss: 0.00169 P@5: 0.23888 nDCG@5: 0.73486 early stop: 7
[I 200911 12:33:26 models:86] 5 161280 train loss: 0.00196 P@5: 0.23776 nDCG@5: 0.73099 early stop: 8
[I 200911 12:36:48 models:86] 5 186880 train loss: 0.00199 P@5: 0.23802 nDCG@5: 0.73235 early stop: 9
[I 200911 12:40:09 models:86] 5 212480 train loss: 0.00204 P@5: 0.23866 nDCG@5: 0.73404 early stop: 10
[I 200911 12:43:31 models:86] 5 238080 train loss: 0.00203 P@5: 0.23819 nDCG@5: 0.73285 early stop: 11
[I 200911 12:46:53 models:86] 5 263680 train loss: 0.00186 P@5: 0.23905 nDCG@5: 0.73557 early stop: 12
[I 200911 12:50:13 models:86] 5 289280 train loss: 0.00198 P@5: 0.23846 nDCG@5: 0.73447 early stop: 13
[I 200911 12:53:36 models:86] 5 314880 train loss: 0.00176 P@5: 0.23819 nDCG@5: 0.7332 early stop: 14
[I 200911 12:56:58 models:86] 5 340480 train loss: 0.00206 P@5: 0.23872 nDCG@5: 0.73485 early stop: 15
[I 200911 13:00:18 models:86] 5 366080 train loss: 0.00223 P@5: 0.23752 nDCG@5: 0.73065 early stop: 16
[I 200911 13:03:40 models:86] 5 391680 train loss: 0.00188 P@5: 0.23834 nDCG@5: 0.73395 early stop: 17
[I 200911 13:07:02 models:86] 5 417280 train loss: 0.00193 P@5: 0.23865 nDCG@5: 0.73441 early stop: 18
[I 200911 13:10:22 models:86] 5 442880 train loss: 0.00169 P@5: 0.23838 nDCG@5: 0.73339 early stop: 19
[I 200911 13:13:43 models:86] 5 468480 train loss: 0.0019 P@5: 0.23893 nDCG@5: 0.73597 early stop: 20
[I 200911 13:17:05 models:86] 5 494080 train loss: 0.00193 P@5: 0.23853 nDCG@5: 0.73435 early stop: 21
[I 200911 13:20:27 models:86] 5 519680 train loss: 0.00173 P@5: 0.23852 nDCG@5: 0.73446 early stop: 22
[I 200911 13:23:51 models:86] 5 545280 train loss: 0.00192 P@5: 0.23985 nDCG@5: 0.73929 early stop: 0
[I 200911 13:27:12 models:86] 5 570880 train loss: 0.00216 P@5: 0.23965 nDCG@5: 0.73786 early stop: 1
[I 200911 13:30:33 models:86] 5 596480 train loss: 0.00206 P@5: 0.23931 nDCG@5: 0.73675 early stop: 2
[I 200911 13:33:54 models:86] 5 622080 train loss: 0.00214 P@5: 0.23961 nDCG@5: 0.73676 early stop: 3
[I 200911 13:37:15 models:86] 5 647680 train loss: 0.00198 P@5: 0.23937 nDCG@5: 0.7368 early stop: 4
[I 200911 13:40:36 models:86] 5 673280 train loss: 0.00186 P@5: 0.23932 nDCG@5: 0.73621 early stop: 5
[I 200911 13:43:57 models:86] 5 698880 train loss: 0.00213 P@5: 0.23973 nDCG@5: 0.73691 early stop: 6
[I 200911 13:47:19 models:86] 5 724480 train loss: 0.00207 P@5: 0.23945 nDCG@5: 0.73592 early stop: 7
[I 200911 13:50:40 models:86] 5 750080 train loss: 0.00185 P@5: 0.23948 nDCG@5: 0.73677 early stop: 8
[I 200911 13:54:01 models:86] 5 775680 train loss: 0.00202 P@5: 0.23998 nDCG@5: 0.73801 early stop: 9
[I 200911 13:57:23 models:86] 6 9216 train loss: 0.00162 P@5: 0.23916 nDCG@5: 0.73585 early stop: 10
[I 200911 14:00:44 models:86] 6 34816 train loss: 0.00187 P@5: 0.2382 nDCG@5: 0.73361 early stop: 11
[I 200911 14:04:05 models:86] 6 60416 train loss: 0.00151 P@5: 0.23818 nDCG@5: 0.73362 early stop: 12
[I 200911 14:07:26 models:86] 6 86016 train loss: 0.00163 P@5: 0.23771 nDCG@5: 0.73291 early stop: 13
[I 200911 14:10:48 models:86] 6 111616 train loss: 0.00158 P@5: 0.23763 nDCG@5: 0.73284 early stop: 14
[I 200911 14:14:09 models:86] 6 137216 train loss: 0.00181 P@5: 0.23858 nDCG@5: 0.73632 early stop: 15
[I 200911 14:17:30 models:86] 6 162816 train loss: 0.00175 P@5: 0.2374 nDCG@5: 0.73293 early stop: 16
[I 200911 14:20:51 models:86] 6 188416 train loss: 0.00161 P@5: 0.23758 nDCG@5: 0.73123 early stop: 17
[I 200911 14:24:13 models:86] 6 214016 train loss: 0.00186 P@5: 0.23773 nDCG@5: 0.73108 early stop: 18
[I 200911 14:27:34 models:86] 6 239616 train loss: 0.00174 P@5: 0.23879 nDCG@5: 0.7368 early stop: 19
[I 200911 14:30:54 models:86] 6 265216 train loss: 0.00158 P@5: 0.23743 nDCG@5: 0.73119 early stop: 20
[I 200911 14:34:16 models:86] 6 290816 train loss: 0.00179 P@5: 0.2379 nDCG@5: 0.73323 early stop: 21
[I 200911 14:37:38 models:86] 6 316416 train loss: 0.00168 P@5: 0.23831 nDCG@5: 0.73473 early stop: 22
[I 200911 14:40:59 models:86] 6 342016 train loss: 0.0018 P@5: 0.23863 nDCG@5: 0.73651 early stop: 23
[I 200911 14:44:21 models:86] 6 367616 train loss: 0.00173 P@5: 0.2381 nDCG@5: 0.73459 early stop: 24
[I 200911 14:47:43 models:86] 6 393216 train loss: 0.00156 P@5: 0.23814 nDCG@5: 0.73348 early stop: 25
[I 200911 14:51:03 models:86] 6 418816 train loss: 0.00178 P@5: 0.23853 nDCG@5: 0.7357 early stop: 26
[I 200911 14:54:24 models:86] 6 444416 train loss: 0.00205 P@5: 0.23902 nDCG@5: 0.73638 early stop: 27
[I 200911 14:57:46 models:86] 6 470016 train loss: 0.00184 P@5: 0.23924 nDCG@5: 0.7372 early stop: 28
[I 200911 15:01:08 models:86] 6 495616 train loss: 0.0017 P@5: 0.23908 nDCG@5: 0.73662 early stop: 29
[I 200911 15:04:29 models:86] 6 521216 train loss: 0.00173 P@5: 0.23861 nDCG@5: 0.73536 early stop: 30
[I 200911 15:07:50 models:86] 6 546816 train loss: 0.00162 P@5: 0.23912 nDCG@5: 0.73727 early stop: 31
[I 200911 15:11:15 models:86] 6 572416 train loss: 0.00175 P@5: 0.23975 nDCG@5: 0.73941 early stop: 0
[I 200911 15:14:38 models:86] 6 598016 train loss: 0.00209 P@5: 0.2398 nDCG@5: 0.73989 early stop: 0
[I 200911 15:17:59 models:86] 6 623616 train loss: 0.00189 P@5: 0.23934 nDCG@5: 0.73726 early stop: 1
[I 200911 15:21:20 models:86] 6 649216 train loss: 0.00178 P@5: 0.23915 nDCG@5: 0.73622 early stop: 2
[I 200911 15:24:42 models:86] 6 674816 train loss: 0.0019 P@5: 0.23977 nDCG@5: 0.73974 early stop: 3
[I 200911 15:28:04 models:86] 6 700416 train loss: 0.00146 P@5: 0.23949 nDCG@5: 0.73909 early stop: 4
[I 200911 15:31:25 models:86] 6 726016 train loss: 0.00197 P@5: 0.23966 nDCG@5: 0.73841 early stop: 5
[I 200911 15:34:46 models:86] 6 751616 train loss: 0.00198 P@5: 0.23983 nDCG@5: 0.73922 early stop: 6
[I 200911 15:38:09 models:86] 6 777216 train loss: 0.00178 P@5: 0.23981 nDCG@5: 0.73944 early stop: 7
[I 200911 15:41:30 models:86] 7 10752 train loss: 0.00142 P@5: 0.23901 nDCG@5: 0.73667 early stop: 8
[I 200911 15:44:51 models:86] 7 36352 train loss: 0.00143 P@5: 0.23752 nDCG@5: 0.7329 early stop: 9
[I 200911 15:48:13 models:86] 7 61952 train loss: 0.0015 P@5: 0.23688 nDCG@5: 0.73191 early stop: 10
[I 200911 15:51:34 models:86] 7 87552 train loss: 0.00155 P@5: 0.23708 nDCG@5: 0.73089 early stop: 11
[I 200911 15:54:56 models:86] 7 113152 train loss: 0.00156 P@5: 0.23664 nDCG@5: 0.72983 early stop: 12
[I 200911 15:58:17 models:86] 7 138752 train loss: 0.00159 P@5: 0.23703 nDCG@5: 0.73172 early stop: 13
[I 200911 16:01:39 models:86] 7 164352 train loss: 0.00176 P@5: 0.23786 nDCG@5: 0.73485 early stop: 14
[I 200911 16:05:00 models:86] 7 189952 train loss: 0.0014 P@5: 0.23756 nDCG@5: 0.73364 early stop: 15
[I 200911 16:08:22 models:86] 7 215552 train loss: 0.00151 P@5: 0.23639 nDCG@5: 0.72963 early stop: 16
[I 200911 16:11:44 models:86] 7 241152 train loss: 0.00145 P@5: 0.23693 nDCG@5: 0.73131 early stop: 17
[I 200911 16:15:06 models:86] 7 266752 train loss: 0.00172 P@5: 0.23675 nDCG@5: 0.72946 early stop: 18
[I 200911 16:18:27 models:86] 7 292352 train loss: 0.00157 P@5: 0.23706 nDCG@5: 0.73076 early stop: 19
[I 200911 16:21:47 models:86] 7 317952 train loss: 0.00156 P@5: 0.2373 nDCG@5: 0.73229 early stop: 20
[I 200911 16:25:09 models:86] 7 343552 train loss: 0.00164 P@5: 0.23718 nDCG@5: 0.73292 early stop: 21
[I 200911 16:28:31 models:86] 7 369152 train loss: 0.00185 P@5: 0.23695 nDCG@5: 0.73091 early stop: 22
[I 200911 16:31:51 models:86] 7 394752 train loss: 0.00154 P@5: 0.23691 nDCG@5: 0.73041 early stop: 23
[I 200911 16:35:12 models:86] 7 420352 train loss: 0.00167 P@5: 0.23827 nDCG@5: 0.7359 early stop: 24
[I 200911 16:38:33 models:86] 7 445952 train loss: 0.00175 P@5: 0.23818 nDCG@5: 0.73566 early stop: 25
[I 200911 16:41:54 models:86] 7 471552 train loss: 0.0017 P@5: 0.23746 nDCG@5: 0.73191 early stop: 26
[I 200911 16:45:15 models:86] 7 497152 train loss: 0.00152 P@5: 0.238 nDCG@5: 0.73442 early stop: 27
[I 200911 16:48:37 models:86] 7 522752 train loss: 0.00156 P@5: 0.23819 nDCG@5: 0.7343 early stop: 28
[I 200911 16:51:58 models:86] 7 548352 train loss: 0.00148 P@5: 0.23798 nDCG@5: 0.73439 early stop: 29
[I 200911 16:55:19 models:86] 7 573952 train loss: 0.00157 P@5: 0.238 nDCG@5: 0.73324 early stop: 30
[I 200911 16:58:40 models:86] 7 599552 train loss: 0.00183 P@5: 0.23795 nDCG@5: 0.7346 early stop: 31
[I 200911 17:02:02 models:86] 7 625152 train loss: 0.00165 P@5: 0.2384 nDCG@5: 0.73615 early stop: 32
[I 200911 17:05:24 models:86] 7 650752 train loss: 0.00178 P@5: 0.23839 nDCG@5: 0.73724 early stop: 33
[I 200911 17:08:48 models:86] 7 676352 train loss: 0.00168 P@5: 0.23942 nDCG@5: 0.74024 early stop: 0
[I 200911 17:12:09 models:86] 7 701952 train loss: 0.00188 P@5: 0.23891 nDCG@5: 0.73853 early stop: 1
[I 200911 17:15:30 models:86] 7 727552 train loss: 0.00165 P@5: 0.23944 nDCG@5: 0.73959 early stop: 2
[I 200911 17:18:51 models:86] 7 753152 train loss: 0.00154 P@5: 0.23842 nDCG@5: 0.73678 early stop: 3
[I 200911 17:22:12 models:86] 7 778752 train loss: 0.00159 P@5: 0.23802 nDCG@5: 0.7349 early stop: 4
[I 200911 17:25:33 models:86] 8 12288 train loss: 0.00158 P@5: 0.23756 nDCG@5: 0.73518 early stop: 5
[I 200911 17:28:55 models:86] 8 37888 train loss: 0.0014 P@5: 0.23704 nDCG@5: 0.7323 early stop: 6
[I 200911 17:32:16 models:86] 8 63488 train loss: 0.00132 P@5: 0.23701 nDCG@5: 0.73195 early stop: 7
[I 200911 17:35:37 models:86] 8 89088 train loss: 0.00131 P@5: 0.23673 nDCG@5: 0.73144 early stop: 8
[I 200911 17:38:59 models:86] 8 114688 train loss: 0.00155 P@5: 0.23643 nDCG@5: 0.73116 early stop: 9
[I 200911 17:42:21 models:86] 8 140288 train loss: 0.00154 P@5: 0.23599 nDCG@5: 0.72948 early stop: 10
[I 200911 17:45:42 models:86] 8 165888 train loss: 0.00157 P@5: 0.23633 nDCG@5: 0.73025 early stop: 11
[I 200911 17:49:04 models:86] 8 191488 train loss: 0.00138 P@5: 0.23636 nDCG@5: 0.72973 early stop: 12
[I 200911 17:52:25 models:86] 8 217088 train loss: 0.00144 P@5: 0.23491 nDCG@5: 0.72589 early stop: 13
[I 200911 17:55:47 models:86] 8 242688 train loss: 0.00143 P@5: 0.23623 nDCG@5: 0.72997 early stop: 14
[I 200911 17:59:09 models:86] 8 268288 train loss: 0.00153 P@5: 0.23574 nDCG@5: 0.72817 early stop: 15
[I 200911 18:02:31 models:86] 8 293888 train loss: 0.00147 P@5: 0.23638 nDCG@5: 0.73133 early stop: 16
[I 200911 18:05:52 models:86] 8 319488 train loss: 0.00144 P@5: 0.23606 nDCG@5: 0.73075 early stop: 17
[I 200911 18:09:14 models:86] 8 345088 train loss: 0.00147 P@5: 0.23671 nDCG@5: 0.73161 early stop: 18
[I 200911 18:12:35 models:86] 8 370688 train loss: 0.00147 P@5: 0.2367 nDCG@5: 0.73271 early stop: 19
[I 200911 18:15:56 models:86] 8 396288 train loss: 0.00147 P@5: 0.23664 nDCG@5: 0.73167 early stop: 20
[I 200911 18:19:17 models:86] 8 421888 train loss: 0.00156 P@5: 0.23704 nDCG@5: 0.73348 early stop: 21
[I 200911 18:22:39 models:86] 8 447488 train loss: 0.00146 P@5: 0.23739 nDCG@5: 0.73352 early stop: 22
[I 200911 18:26:00 models:86] 8 473088 train loss: 0.00134 P@5: 0.2362 nDCG@5: 0.7297 early stop: 23
[I 200911 18:29:22 models:86] 8 498688 train loss: 0.00154 P@5: 0.23731 nDCG@5: 0.73297 early stop: 24
[I 200911 18:32:44 models:86] 8 524288 train loss: 0.00152 P@5: 0.23659 nDCG@5: 0.73129 early stop: 25
[I 200911 18:36:05 models:86] 8 549888 train loss: 0.00138 P@5: 0.23534 nDCG@5: 0.72847 early stop: 26
[I 200911 18:39:27 models:86] 8 575488 train loss: 0.00148 P@5: 0.23586 nDCG@5: 0.72979 early stop: 27
[I 200911 18:42:47 models:86] 8 601088 train loss: 0.00152 P@5: 0.23728 nDCG@5: 0.73338 early stop: 28
[I 200911 18:46:08 models:86] 8 626688 train loss: 0.00138 P@5: 0.23672 nDCG@5: 0.73212 early stop: 29
[I 200911 18:49:30 models:86] 8 652288 train loss: 0.0014 P@5: 0.23689 nDCG@5: 0.73295 early stop: 30
[I 200911 18:52:51 models:86] 8 677888 train loss: 0.00133 P@5: 0.23676 nDCG@5: 0.73288 early stop: 31
[I 200911 18:56:12 models:86] 8 703488 train loss: 0.00165 P@5: 0.23759 nDCG@5: 0.7355 early stop: 32
[I 200911 18:59:34 models:86] 8 729088 train loss: 0.0015 P@5: 0.23665 nDCG@5: 0.73153 early stop: 33
[I 200911 19:02:55 models:86] 8 754688 train loss: 0.00156 P@5: 0.23735 nDCG@5: 0.73459 early stop: 34
[I 200911 19:06:16 models:86] 8 780288 train loss: 0.0018 P@5: 0.23777 nDCG@5: 0.73531 early stop: 35
[I 200911 19:09:37 models:86] 9 13824 train loss: 0.00125 P@5: 0.23647 nDCG@5: 0.73142 early stop: 36
[I 200911 19:12:59 models:86] 9 39424 train loss: 0.0013 P@5: 0.23502 nDCG@5: 0.72738 early stop: 37
[I 200911 19:16:19 models:86] 9 65024 train loss: 0.00133 P@5: 0.23554 nDCG@5: 0.72919 early stop: 38
[I 200911 19:19:42 models:86] 9 90624 train loss: 0.00128 P@5: 0.23449 nDCG@5: 0.72533 early stop: 39
[I 200911 19:23:03 models:86] 9 116224 train loss: 0.00135 P@5: 0.23484 nDCG@5: 0.72604 early stop: 40
[I 200911 19:26:24 models:86] 9 141824 train loss: 0.0013 P@5: 0.23553 nDCG@5: 0.72883 early stop: 41
[I 200911 19:29:45 models:86] 9 167424 train loss: 0.00126 P@5: 0.23554 nDCG@5: 0.72955 early stop: 42
[I 200911 19:33:07 models:86] 9 193024 train loss: 0.00125 P@5: 0.23545 nDCG@5: 0.7291 early stop: 43
[I 200911 19:36:27 models:86] 9 218624 train loss: 0.00131 P@5: 0.23391 nDCG@5: 0.72372 early stop: 44
[I 200911 19:39:49 models:86] 9 244224 train loss: 0.00152 P@5: 0.23402 nDCG@5: 0.72413 early stop: 45
[I 200911 19:43:09 models:86] 9 269824 train loss: 0.00135 P@5: 0.23433 nDCG@5: 0.72495 early stop: 46
[I 200911 19:46:31 models:86] 9 295424 train loss: 0.00128 P@5: 0.23448 nDCG@5: 0.72594 early stop: 47
[I 200911 19:49:52 models:86] 9 321024 train loss: 0.00144 P@5: 0.23476 nDCG@5: 0.72664 early stop: 48
[I 200911 19:53:13 models:86] 9 346624 train loss: 0.00143 P@5: 0.23582 nDCG@5: 0.73006 early stop: 49
[I 200911 19:56:35 models:86] 9 372224 train loss: 0.00121 P@5: 0.23584 nDCG@5: 0.72996 early stop: 50
[I 200911 19:59:57 main:72] Finish Training
[I 200911 19:59:57 main:75] Loading Test Set
[I 200911 19:59:58 main:79] Size of Test Set: 198116
[I 200911 19:59:58 main:81] Predicting
[I 200911 20:03:35 main:93] Finish Predicting
