[I 200915 12:09:37 main:42] Model Name: snowball
[I 200915 12:09:37 main:45] Loading Training and Validation Set
[I 200915 12:09:41 main:57] Number of Labels: 1383
[I 200915 12:09:41 main:58] Size of Training Set: 791839
[I 200915 12:09:41 main:59] Size of Validation Set: 70000
[I 200915 12:09:41 main:61] Training
[I 200915 12:13:14 models:83] 0 25600 train loss: 0.00747 P@5: 0.03298 nDCG@5: 0.08524 early stop: 0
[I 200915 12:16:45 models:83] 0 51200 train loss: 0.00714 P@5: 0.04192 nDCG@5: 0.10965 early stop: 0
[I 200915 12:20:17 models:83] 0 76800 train loss: 0.00589 P@5: 0.08722 nDCG@5: 0.22712 early stop: 0
[I 200915 12:23:48 models:83] 0 102400 train loss: 0.00477 P@5: 0.13166 nDCG@5: 0.3568 early stop: 0
[I 200915 12:27:19 models:83] 0 128000 train loss: 0.00443 P@5: 0.15686 nDCG@5: 0.43841 early stop: 0
[I 200915 12:30:49 models:83] 0 153600 train loss: 0.00436 P@5: 0.17197 nDCG@5: 0.48343 early stop: 0
[W 200915 12:31:08 models:104] Clipping gradients with total norm 0.019190000370144844 and max norm 0.003470000112429261
[I 200915 12:34:19 models:83] 0 179200 train loss: 0.0041 P@5: 0.17907 nDCG@5: 0.50816 early stop: 0
[I 200915 12:37:49 models:83] 0 204800 train loss: 0.00388 P@5: 0.18647 nDCG@5: 0.53053 early stop: 0
[I 200915 12:41:19 models:83] 0 230400 train loss: 0.00377 P@5: 0.19176 nDCG@5: 0.55242 early stop: 0
[I 200915 12:44:49 models:83] 0 256000 train loss: 0.00345 P@5: 0.19606 nDCG@5: 0.56461 early stop: 0
[I 200915 12:48:19 models:83] 0 281600 train loss: 0.00336 P@5: 0.20009 nDCG@5: 0.58141 early stop: 0
[I 200915 12:51:50 models:83] 0 307200 train loss: 0.0033 P@5: 0.20227 nDCG@5: 0.58927 early stop: 0
[I 200915 12:55:21 models:83] 0 332800 train loss: 0.0033 P@5: 0.20512 nDCG@5: 0.59969 early stop: 0
[W 200915 12:55:31 models:104] Clipping gradients with total norm 0.01623000018298626 and max norm 0.0025100000202655792
[I 200915 12:58:51 models:83] 0 358400 train loss: 0.0037 P@5: 0.20749 nDCG@5: 0.60859 early stop: 0
[I 200915 13:02:21 models:83] 0 384000 train loss: 0.00336 P@5: 0.20975 nDCG@5: 0.61555 early stop: 0
[I 200915 13:05:53 models:83] 0 409600 train loss: 0.00323 P@5: 0.21189 nDCG@5: 0.62421 early stop: 0
[I 200915 13:09:24 models:83] 0 435200 train loss: 0.0034 P@5: 0.21354 nDCG@5: 0.63073 early stop: 0
[I 200915 13:12:55 models:83] 0 460800 train loss: 0.00282 P@5: 0.21533 nDCG@5: 0.63797 early stop: 0
[I 200915 13:16:23 models:83] 0 486400 train loss: 0.00351 P@5: 0.21493 nDCG@5: 0.63639 early stop: 1
[I 200915 13:19:54 models:83] 0 512000 train loss: 0.00329 P@5: 0.21614 nDCG@5: 0.64247 early stop: 0
[I 200915 13:23:25 models:83] 0 537600 train loss: 0.00301 P@5: 0.21853 nDCG@5: 0.64979 early stop: 0
[I 200915 13:26:57 models:83] 0 563200 train loss: 0.00344 P@5: 0.219 nDCG@5: 0.6518 early stop: 0
[I 200915 13:30:27 models:83] 0 588800 train loss: 0.00305 P@5: 0.22008 nDCG@5: 0.65719 early stop: 0
[I 200915 13:33:59 models:83] 0 614400 train loss: 0.00297 P@5: 0.21999 nDCG@5: 0.6578 early stop: 0
[I 200915 13:37:30 models:83] 0 640000 train loss: 0.00319 P@5: 0.22173 nDCG@5: 0.66195 early stop: 0
[I 200915 13:41:01 models:83] 0 665600 train loss: 0.0027 P@5: 0.22391 nDCG@5: 0.6696 early stop: 0
[I 200915 13:44:31 models:83] 0 691200 train loss: 0.00324 P@5: 0.22544 nDCG@5: 0.67331 early stop: 0
[I 200915 13:47:58 models:83] 0 716800 train loss: 0.00304 P@5: 0.22404 nDCG@5: 0.66971 early stop: 1
[I 200915 13:51:29 models:83] 0 742400 train loss: 0.00291 P@5: 0.2249 nDCG@5: 0.67491 early stop: 0
[I 200915 13:55:00 models:83] 0 768000 train loss: 0.00288 P@5: 0.22555 nDCG@5: 0.67742 early stop: 0
[I 200915 13:58:28 models:83] 1 1536 train loss: 0.00277 P@5: 0.22491 nDCG@5: 0.67635 early stop: 1
[I 200915 14:01:58 models:83] 1 27136 train loss: 0.00284 P@5: 0.22648 nDCG@5: 0.68196 early stop: 0
[I 200915 14:05:29 models:83] 1 52736 train loss: 0.00266 P@5: 0.22788 nDCG@5: 0.68719 early stop: 0
[I 200915 14:08:59 models:83] 1 78336 train loss: 0.00263 P@5: 0.22796 nDCG@5: 0.68749 early stop: 0
[I 200915 14:12:29 models:83] 1 103936 train loss: 0.00265 P@5: 0.2298 nDCG@5: 0.69217 early stop: 0
[I 200915 14:15:57 models:83] 1 129536 train loss: 0.00305 P@5: 0.22911 nDCG@5: 0.69059 early stop: 1
[I 200915 14:19:27 models:83] 1 155136 train loss: 0.00299 P@5: 0.2312 nDCG@5: 0.69876 early stop: 0
[I 200915 14:22:55 models:83] 1 180736 train loss: 0.00276 P@5: 0.22957 nDCG@5: 0.69353 early stop: 1
[I 200915 14:26:23 models:83] 1 206336 train loss: 0.00291 P@5: 0.22953 nDCG@5: 0.69346 early stop: 2
[I 200915 14:29:51 models:83] 1 231936 train loss: 0.00281 P@5: 0.23069 nDCG@5: 0.69761 early stop: 3
[I 200915 14:33:19 models:83] 1 257536 train loss: 0.0026 P@5: 0.23087 nDCG@5: 0.69597 early stop: 4
[I 200915 14:36:50 models:83] 1 283136 train loss: 0.00266 P@5: 0.23155 nDCG@5: 0.70144 early stop: 0
[I 200915 14:40:17 models:83] 1 308736 train loss: 0.00302 P@5: 0.23157 nDCG@5: 0.70005 early stop: 1
[I 200915 14:43:47 models:83] 1 334336 train loss: 0.00246 P@5: 0.23246 nDCG@5: 0.70283 early stop: 0
[I 200915 14:47:16 models:83] 1 359936 train loss: 0.0027 P@5: 0.23215 nDCG@5: 0.70206 early stop: 1
[I 200915 14:50:47 models:83] 1 385536 train loss: 0.00307 P@5: 0.2325 nDCG@5: 0.70352 early stop: 0
[I 200915 14:54:17 models:83] 1 411136 train loss: 0.00285 P@5: 0.23354 nDCG@5: 0.70531 early stop: 0
[I 200915 14:57:48 models:83] 1 436736 train loss: 0.00286 P@5: 0.2332 nDCG@5: 0.70738 early stop: 0
[I 200915 15:01:16 models:83] 1 462336 train loss: 0.00265 P@5: 0.23387 nDCG@5: 0.70735 early stop: 1
[I 200915 15:04:46 models:83] 1 487936 train loss: 0.00287 P@5: 0.23452 nDCG@5: 0.7112 early stop: 0
[I 200915 15:08:18 models:83] 1 513536 train loss: 0.00295 P@5: 0.23502 nDCG@5: 0.71269 early stop: 0
[I 200915 15:11:48 models:83] 1 539136 train loss: 0.00291 P@5: 0.2355 nDCG@5: 0.71555 early stop: 0
[I 200915 15:15:16 models:83] 1 564736 train loss: 0.0026 P@5: 0.23551 nDCG@5: 0.71434 early stop: 1
[I 200915 15:18:44 models:83] 1 590336 train loss: 0.00272 P@5: 0.23576 nDCG@5: 0.7139 early stop: 2
[I 200915 15:22:15 models:83] 1 615936 train loss: 0.00257 P@5: 0.23601 nDCG@5: 0.71636 early stop: 0
[I 200915 15:25:46 models:83] 1 641536 train loss: 0.0029 P@5: 0.2366 nDCG@5: 0.71944 early stop: 0
[I 200915 15:29:18 models:83] 1 667136 train loss: 0.00289 P@5: 0.23698 nDCG@5: 0.72124 early stop: 0
[I 200915 15:32:45 models:83] 1 692736 train loss: 0.0026 P@5: 0.23696 nDCG@5: 0.71888 early stop: 1
[I 200915 15:36:13 models:83] 1 718336 train loss: 0.00284 P@5: 0.23644 nDCG@5: 0.71891 early stop: 2
[I 200915 15:39:42 models:83] 1 743936 train loss: 0.00271 P@5: 0.23671 nDCG@5: 0.71957 early stop: 3
[I 200915 15:43:12 models:83] 1 769536 train loss: 0.00293 P@5: 0.23787 nDCG@5: 0.72228 early stop: 0
[I 200915 15:46:40 models:83] 2 3072 train loss: 0.00259 P@5: 0.23759 nDCG@5: 0.72186 early stop: 1
[I 200915 15:50:12 models:83] 2 28672 train loss: 0.00245 P@5: 0.23783 nDCG@5: 0.72303 early stop: 0
[I 200915 15:53:42 models:83] 2 54272 train loss: 0.00254 P@5: 0.23896 nDCG@5: 0.7261 early stop: 0
[I 200915 15:57:10 models:83] 2 79872 train loss: 0.00223 P@5: 0.23687 nDCG@5: 0.71949 early stop: 1
[I 200915 16:00:39 models:83] 2 105472 train loss: 0.00251 P@5: 0.23773 nDCG@5: 0.7239 early stop: 2
[I 200915 16:04:09 models:83] 2 131072 train loss: 0.00268 P@5: 0.23877 nDCG@5: 0.7264 early stop: 0
[I 200915 16:07:37 models:83] 2 156672 train loss: 0.00279 P@5: 0.23812 nDCG@5: 0.72428 early stop: 1
[I 200915 16:11:05 models:83] 2 182272 train loss: 0.00257 P@5: 0.23813 nDCG@5: 0.72455 early stop: 2
[I 200915 16:14:35 models:83] 2 207872 train loss: 0.00252 P@5: 0.23926 nDCG@5: 0.72904 early stop: 0
[I 200915 16:18:03 models:83] 2 233472 train loss: 0.00265 P@5: 0.23901 nDCG@5: 0.72833 early stop: 1
[I 200915 16:21:31 models:83] 2 259072 train loss: 0.00263 P@5: 0.23898 nDCG@5: 0.72723 early stop: 2
[I 200915 16:24:59 models:83] 2 284672 train loss: 0.00262 P@5: 0.2383 nDCG@5: 0.72452 early stop: 3
[I 200915 16:28:30 models:83] 2 310272 train loss: 0.00258 P@5: 0.23949 nDCG@5: 0.7294 early stop: 0
[I 200915 16:32:01 models:83] 2 335872 train loss: 0.00269 P@5: 0.2399 nDCG@5: 0.73135 early stop: 0
[I 200915 16:35:31 models:83] 2 361472 train loss: 0.00267 P@5: 0.24065 nDCG@5: 0.73397 early stop: 0
[I 200915 16:38:59 models:83] 2 387072 train loss: 0.00233 P@5: 0.24019 nDCG@5: 0.7317 early stop: 1
[I 200915 16:42:30 models:83] 2 412672 train loss: 0.0026 P@5: 0.24097 nDCG@5: 0.73405 early stop: 0
[I 200915 16:46:01 models:83] 2 438272 train loss: 0.00254 P@5: 0.24121 nDCG@5: 0.73666 early stop: 0
[I 200915 16:49:29 models:83] 2 463872 train loss: 0.0023 P@5: 0.23984 nDCG@5: 0.73095 early stop: 1
[I 200915 16:52:58 models:83] 2 489472 train loss: 0.00236 P@5: 0.24106 nDCG@5: 0.73501 early stop: 2
[I 200915 16:56:25 models:83] 2 515072 train loss: 0.00222 P@5: 0.24057 nDCG@5: 0.73547 early stop: 3
[I 200915 16:59:53 models:83] 2 540672 train loss: 0.00269 P@5: 0.24042 nDCG@5: 0.73343 early stop: 4
[I 200915 17:03:25 models:83] 2 566272 train loss: 0.00231 P@5: 0.24114 nDCG@5: 0.73676 early stop: 0
[I 200915 17:06:53 models:83] 2 591872 train loss: 0.00244 P@5: 0.24124 nDCG@5: 0.73482 early stop: 1
[I 200915 17:10:22 models:83] 2 617472 train loss: 0.00264 P@5: 0.24121 nDCG@5: 0.7367 early stop: 2
[I 200915 17:13:54 models:83] 2 643072 train loss: 0.00263 P@5: 0.24177 nDCG@5: 0.73729 early stop: 0
[I 200915 17:17:24 models:83] 2 668672 train loss: 0.0026 P@5: 0.24213 nDCG@5: 0.73906 early stop: 0
[I 200915 17:20:52 models:83] 2 694272 train loss: 0.00229 P@5: 0.24189 nDCG@5: 0.73883 early stop: 1
[I 200915 17:24:23 models:83] 2 719872 train loss: 0.00241 P@5: 0.24247 nDCG@5: 0.74136 early stop: 0
[I 200915 17:27:51 models:83] 2 745472 train loss: 0.00247 P@5: 0.2423 nDCG@5: 0.73976 early stop: 1
[I 200915 17:31:19 models:83] 2 771072 train loss: 0.00233 P@5: 0.24182 nDCG@5: 0.73786 early stop: 2
[I 200915 17:34:47 models:83] 3 4608 train loss: 0.00247 P@5: 0.2418 nDCG@5: 0.73826 early stop: 3
[I 200915 17:38:17 models:83] 3 30208 train loss: 0.0022 P@5: 0.24263 nDCG@5: 0.74245 early stop: 0
[I 200915 17:41:44 models:83] 3 55808 train loss: 0.00237 P@5: 0.2424 nDCG@5: 0.74053 early stop: 1
[I 200915 17:45:16 models:83] 3 81408 train loss: 0.00237 P@5: 0.24265 nDCG@5: 0.74287 early stop: 0
[I 200915 17:48:44 models:83] 3 107008 train loss: 0.00236 P@5: 0.24237 nDCG@5: 0.74135 early stop: 1
[I 200915 17:52:13 models:83] 3 132608 train loss: 0.00253 P@5: 0.24306 nDCG@5: 0.74282 early stop: 2
[I 200915 17:55:41 models:83] 3 158208 train loss: 0.00235 P@5: 0.24268 nDCG@5: 0.74193 early stop: 3
[I 200915 17:59:10 models:83] 3 183808 train loss: 0.00254 P@5: 0.24294 nDCG@5: 0.74311 early stop: 0
[I 200915 18:02:38 models:83] 3 209408 train loss: 0.00238 P@5: 0.24294 nDCG@5: 0.7416 early stop: 1
[I 200915 18:06:06 models:83] 3 235008 train loss: 0.00223 P@5: 0.24242 nDCG@5: 0.74158 early stop: 2
[I 200915 18:09:37 models:83] 3 260608 train loss: 0.00242 P@5: 0.24263 nDCG@5: 0.74335 early stop: 0
[I 200915 18:13:04 models:83] 3 286208 train loss: 0.00237 P@5: 0.24269 nDCG@5: 0.74225 early stop: 1
[I 200915 18:16:35 models:83] 3 311808 train loss: 0.00218 P@5: 0.24316 nDCG@5: 0.74403 early stop: 0
[I 200915 18:20:06 models:83] 3 337408 train loss: 0.00229 P@5: 0.24359 nDCG@5: 0.74546 early stop: 0
[I 200915 18:23:37 models:83] 3 363008 train loss: 0.00236 P@5: 0.24425 nDCG@5: 0.74884 early stop: 0
[I 200915 18:27:08 models:83] 3 388608 train loss: 0.00261 P@5: 0.24502 nDCG@5: 0.75129 early stop: 0
[I 200915 18:30:36 models:83] 3 414208 train loss: 0.0025 P@5: 0.24435 nDCG@5: 0.7471 early stop: 1
[I 200915 18:34:03 models:83] 3 439808 train loss: 0.00229 P@5: 0.2444 nDCG@5: 0.74858 early stop: 2
[I 200915 18:37:31 models:83] 3 465408 train loss: 0.00232 P@5: 0.2446 nDCG@5: 0.74962 early stop: 3
[I 200915 18:40:59 models:83] 3 491008 train loss: 0.00244 P@5: 0.244 nDCG@5: 0.74722 early stop: 4
[I 200915 18:44:27 models:83] 3 516608 train loss: 0.00237 P@5: 0.24436 nDCG@5: 0.74895 early stop: 5
[I 200915 18:47:55 models:83] 3 542208 train loss: 0.00241 P@5: 0.24458 nDCG@5: 0.74799 early stop: 6
[I 200915 18:51:23 models:83] 3 567808 train loss: 0.00222 P@5: 0.24465 nDCG@5: 0.74892 early stop: 7
[I 200915 18:54:53 models:83] 3 593408 train loss: 0.00238 P@5: 0.24567 nDCG@5: 0.7521 early stop: 0
[I 200915 18:58:21 models:83] 3 619008 train loss: 0.00242 P@5: 0.24424 nDCG@5: 0.74875 early stop: 1
[I 200915 19:01:49 models:83] 3 644608 train loss: 0.00243 P@5: 0.24515 nDCG@5: 0.75106 early stop: 2
[I 200915 19:05:17 models:83] 3 670208 train loss: 0.00223 P@5: 0.24515 nDCG@5: 0.75074 early stop: 3
[I 200915 19:08:45 models:83] 3 695808 train loss: 0.00219 P@5: 0.24516 nDCG@5: 0.75177 early stop: 4
[I 200915 19:12:14 models:83] 3 721408 train loss: 0.00222 P@5: 0.24443 nDCG@5: 0.74984 early stop: 5
[I 200915 19:15:42 models:83] 3 747008 train loss: 0.00232 P@5: 0.24506 nDCG@5: 0.75137 early stop: 6
[I 200915 19:19:11 models:83] 3 772608 train loss: 0.00244 P@5: 0.24487 nDCG@5: 0.75046 early stop: 7
[I 200915 19:22:39 models:83] 4 6144 train loss: 0.00209 P@5: 0.24505 nDCG@5: 0.7504 early stop: 8
[I 200915 19:26:08 models:83] 4 31744 train loss: 0.00205 P@5: 0.2456 nDCG@5: 0.7544 early stop: 0
[I 200915 19:29:36 models:83] 4 57344 train loss: 0.00215 P@5: 0.24467 nDCG@5: 0.74961 early stop: 1
[I 200915 19:33:05 models:83] 4 82944 train loss: 0.00221 P@5: 0.24562 nDCG@5: 0.75167 early stop: 2
[I 200915 19:36:33 models:83] 4 108544 train loss: 0.00223 P@5: 0.24506 nDCG@5: 0.75082 early stop: 3
[I 200915 19:40:01 models:83] 4 134144 train loss: 0.00197 P@5: 0.2458 nDCG@5: 0.75416 early stop: 4
[I 200915 19:43:32 models:83] 4 159744 train loss: 0.00235 P@5: 0.24602 nDCG@5: 0.75523 early stop: 0
[I 200915 19:47:00 models:83] 4 185344 train loss: 0.00212 P@5: 0.24566 nDCG@5: 0.75311 early stop: 1
[I 200915 19:50:32 models:83] 4 210944 train loss: 0.00222 P@5: 0.24615 nDCG@5: 0.75562 early stop: 0
[I 200915 19:53:59 models:83] 4 236544 train loss: 0.00214 P@5: 0.24595 nDCG@5: 0.75471 early stop: 1
[I 200915 19:57:30 models:83] 4 262144 train loss: 0.00232 P@5: 0.24621 nDCG@5: 0.75568 early stop: 0
[I 200915 20:01:01 models:83] 4 287744 train loss: 0.00247 P@5: 0.24639 nDCG@5: 0.75618 early stop: 0
[I 200915 20:04:29 models:83] 4 313344 train loss: 0.00233 P@5: 0.24565 nDCG@5: 0.75279 early stop: 1
[I 200915 20:07:57 models:83] 4 338944 train loss: 0.00191 P@5: 0.24561 nDCG@5: 0.75445 early stop: 2
[I 200915 20:11:25 models:83] 4 364544 train loss: 0.00231 P@5: 0.24593 nDCG@5: 0.75514 early stop: 3
[I 200915 20:14:53 models:83] 4 390144 train loss: 0.00223 P@5: 0.24587 nDCG@5: 0.75589 early stop: 4
[I 200915 20:18:21 models:83] 4 415744 train loss: 0.0024 P@5: 0.24553 nDCG@5: 0.75348 early stop: 5
[I 200915 20:21:52 models:83] 4 441344 train loss: 0.00247 P@5: 0.24629 nDCG@5: 0.75665 early stop: 0
[I 200915 20:25:19 models:83] 4 466944 train loss: 0.00232 P@5: 0.2463 nDCG@5: 0.75582 early stop: 1
[I 200915 20:28:50 models:83] 4 492544 train loss: 0.00242 P@5: 0.24639 nDCG@5: 0.75672 early stop: 0
[I 200915 20:32:18 models:83] 4 518144 train loss: 0.00229 P@5: 0.24653 nDCG@5: 0.7563 early stop: 1
[I 200915 20:35:49 models:83] 4 543744 train loss: 0.00222 P@5: 0.24704 nDCG@5: 0.75976 early stop: 0
[I 200915 20:39:19 models:83] 4 569344 train loss: 0.00203 P@5: 0.24726 nDCG@5: 0.7596 early stop: 1
[I 200915 20:42:47 models:83] 4 594944 train loss: 0.00206 P@5: 0.24713 nDCG@5: 0.7594 early stop: 2
[I 200915 20:46:16 models:83] 4 620544 train loss: 0.00226 P@5: 0.24694 nDCG@5: 0.75834 early stop: 3
[I 200915 20:49:47 models:83] 4 646144 train loss: 0.00202 P@5: 0.24737 nDCG@5: 0.75994 early stop: 0
[I 200915 20:53:16 models:83] 4 671744 train loss: 0.0022 P@5: 0.24725 nDCG@5: 0.7597 early stop: 1
[I 200915 20:56:47 models:83] 4 697344 train loss: 0.00236 P@5: 0.24721 nDCG@5: 0.76044 early stop: 0
[I 200915 21:00:16 models:83] 4 722944 train loss: 0.00238 P@5: 0.2476 nDCG@5: 0.75973 early stop: 1
[I 200915 21:03:45 models:83] 4 748544 train loss: 0.00236 P@5: 0.24704 nDCG@5: 0.75886 early stop: 2
[I 200915 21:07:13 models:83] 4 774144 train loss: 0.00211 P@5: 0.2476 nDCG@5: 0.76033 early stop: 3
[I 200915 21:10:41 models:83] 5 7680 train loss: 0.00212 P@5: 0.24679 nDCG@5: 0.75836 early stop: 4
[I 200915 21:14:09 models:83] 5 33280 train loss: 0.00238 P@5: 0.24715 nDCG@5: 0.75933 early stop: 5
[I 200915 21:17:38 models:83] 5 58880 train loss: 0.002 P@5: 0.24713 nDCG@5: 0.75943 early stop: 6
[I 200915 21:21:06 models:83] 5 84480 train loss: 0.00216 P@5: 0.24708 nDCG@5: 0.7593 early stop: 7
[I 200915 21:24:35 models:83] 5 110080 train loss: 0.00212 P@5: 0.24705 nDCG@5: 0.75936 early stop: 8
[I 200915 21:28:07 models:83] 5 135680 train loss: 0.00202 P@5: 0.24741 nDCG@5: 0.76059 early stop: 0
[I 200915 21:31:35 models:83] 5 161280 train loss: 0.00216 P@5: 0.24705 nDCG@5: 0.75928 early stop: 1
[I 200915 21:35:03 models:83] 5 186880 train loss: 0.00215 P@5: 0.24697 nDCG@5: 0.75863 early stop: 2
[I 200915 21:38:30 models:83] 5 212480 train loss: 0.00223 P@5: 0.2474 nDCG@5: 0.76025 early stop: 3
[I 200915 21:42:01 models:83] 5 238080 train loss: 0.00198 P@5: 0.24758 nDCG@5: 0.76061 early stop: 0
[I 200915 21:45:29 models:83] 5 263680 train loss: 0.00231 P@5: 0.24739 nDCG@5: 0.75968 early stop: 1
[I 200915 21:49:00 models:83] 5 289280 train loss: 0.00201 P@5: 0.24741 nDCG@5: 0.76084 early stop: 0
[I 200915 21:52:30 models:83] 5 314880 train loss: 0.00222 P@5: 0.24766 nDCG@5: 0.76112 early stop: 0
[I 200915 21:55:59 models:83] 5 340480 train loss: 0.00223 P@5: 0.24753 nDCG@5: 0.76011 early stop: 1
[I 200915 21:59:27 models:83] 5 366080 train loss: 0.00219 P@5: 0.24723 nDCG@5: 0.75913 early stop: 2
[I 200915 22:02:54 models:83] 5 391680 train loss: 0.00214 P@5: 0.24781 nDCG@5: 0.76109 early stop: 3
[I 200915 22:06:23 models:83] 5 417280 train loss: 0.002 P@5: 0.24744 nDCG@5: 0.75971 early stop: 4
[I 200915 22:09:51 models:83] 5 442880 train loss: 0.00248 P@5: 0.24743 nDCG@5: 0.76057 early stop: 5
[I 200915 22:13:22 models:83] 5 468480 train loss: 0.0019 P@5: 0.24792 nDCG@5: 0.76159 early stop: 0
[I 200915 22:16:51 models:83] 5 494080 train loss: 0.00223 P@5: 0.24754 nDCG@5: 0.76045 early stop: 1
[I 200915 22:20:22 models:83] 5 519680 train loss: 0.00177 P@5: 0.24811 nDCG@5: 0.76287 early stop: 0
[I 200915 22:23:50 models:83] 5 545280 train loss: 0.00213 P@5: 0.24725 nDCG@5: 0.76021 early stop: 1
[I 200915 22:27:20 models:83] 5 570880 train loss: 0.00203 P@5: 0.24754 nDCG@5: 0.76078 early stop: 2
[I 200915 22:30:48 models:83] 5 596480 train loss: 0.00213 P@5: 0.24776 nDCG@5: 0.76183 early stop: 3
[I 200915 22:34:15 models:83] 5 622080 train loss: 0.00195 P@5: 0.24782 nDCG@5: 0.76195 early stop: 4
[I 200915 22:37:46 models:83] 5 647680 train loss: 0.00208 P@5: 0.24814 nDCG@5: 0.76287 early stop: 0
[I 200915 22:41:17 models:83] 5 673280 train loss: 0.00231 P@5: 0.24862 nDCG@5: 0.76496 early stop: 0
[I 200915 22:44:44 models:83] 5 698880 train loss: 0.0021 P@5: 0.24861 nDCG@5: 0.76337 early stop: 1
[I 200915 22:48:15 models:83] 5 724480 train loss: 0.0021 P@5: 0.24903 nDCG@5: 0.76598 early stop: 0
[I 200915 22:51:42 models:83] 5 750080 train loss: 0.002 P@5: 0.24827 nDCG@5: 0.76287 early stop: 1
[I 200915 22:55:10 models:83] 5 775680 train loss: 0.00197 P@5: 0.2483 nDCG@5: 0.76301 early stop: 2
[I 200915 22:58:38 models:83] 6 9216 train loss: 0.00205 P@5: 0.24851 nDCG@5: 0.76498 early stop: 3
[I 200915 23:02:06 models:83] 6 34816 train loss: 0.00208 P@5: 0.24815 nDCG@5: 0.76351 early stop: 4
[I 200915 23:05:34 models:83] 6 60416 train loss: 0.00205 P@5: 0.24837 nDCG@5: 0.7643 early stop: 5
[I 200915 23:09:02 models:83] 6 86016 train loss: 0.00222 P@5: 0.24808 nDCG@5: 0.76234 early stop: 6
[I 200915 23:12:31 models:83] 6 111616 train loss: 0.00223 P@5: 0.24815 nDCG@5: 0.76295 early stop: 7
[I 200915 23:15:59 models:83] 6 137216 train loss: 0.00228 P@5: 0.24789 nDCG@5: 0.76153 early stop: 8
[I 200915 23:19:27 models:83] 6 162816 train loss: 0.00192 P@5: 0.24781 nDCG@5: 0.76343 early stop: 9
[I 200915 23:22:55 models:83] 6 188416 train loss: 0.00196 P@5: 0.24811 nDCG@5: 0.76318 early stop: 10
[I 200915 23:26:23 models:83] 6 214016 train loss: 0.00203 P@5: 0.24843 nDCG@5: 0.76381 early stop: 11
[I 200915 23:29:51 models:83] 6 239616 train loss: 0.00204 P@5: 0.2479 nDCG@5: 0.76228 early stop: 12
[I 200915 23:33:19 models:83] 6 265216 train loss: 0.00236 P@5: 0.24773 nDCG@5: 0.76177 early stop: 13
[I 200915 23:36:46 models:83] 6 290816 train loss: 0.00257 P@5: 0.24747 nDCG@5: 0.76048 early stop: 14
[I 200915 23:40:15 models:83] 6 316416 train loss: 0.00223 P@5: 0.24875 nDCG@5: 0.76559 early stop: 15
[I 200915 23:43:43 models:83] 6 342016 train loss: 0.00216 P@5: 0.24749 nDCG@5: 0.76089 early stop: 16
[I 200915 23:47:11 models:83] 6 367616 train loss: 0.00216 P@5: 0.24867 nDCG@5: 0.76426 early stop: 17
[I 200915 23:50:39 models:83] 6 393216 train loss: 0.00223 P@5: 0.24821 nDCG@5: 0.76337 early stop: 18
[I 200915 23:54:07 models:83] 6 418816 train loss: 0.00207 P@5: 0.24814 nDCG@5: 0.76285 early stop: 19
[I 200915 23:57:36 models:83] 6 444416 train loss: 0.00221 P@5: 0.24861 nDCG@5: 0.76445 early stop: 20
[I 200916 00:01:05 models:83] 6 470016 train loss: 0.00211 P@5: 0.24856 nDCG@5: 0.76502 early stop: 21
[I 200916 00:04:33 models:83] 6 495616 train loss: 0.00204 P@5: 0.24878 nDCG@5: 0.76515 early stop: 22
[I 200916 00:08:02 models:83] 6 521216 train loss: 0.00225 P@5: 0.24847 nDCG@5: 0.76481 early stop: 23
[I 200916 00:11:30 models:83] 6 546816 train loss: 0.00228 P@5: 0.24884 nDCG@5: 0.76489 early stop: 24
[I 200916 00:14:59 models:83] 6 572416 train loss: 0.00204 P@5: 0.24891 nDCG@5: 0.76429 early stop: 25
[I 200916 00:18:29 models:83] 6 598016 train loss: 0.00218 P@5: 0.24935 nDCG@5: 0.7669 early stop: 0
[I 200916 00:21:59 models:83] 6 623616 train loss: 0.00206 P@5: 0.24856 nDCG@5: 0.76509 early stop: 1
[I 200916 00:25:28 models:83] 6 649216 train loss: 0.00237 P@5: 0.24838 nDCG@5: 0.76317 early stop: 2
[I 200916 00:28:56 models:83] 6 674816 train loss: 0.00202 P@5: 0.24912 nDCG@5: 0.76559 early stop: 3
[I 200916 00:32:24 models:83] 6 700416 train loss: 0.00218 P@5: 0.24862 nDCG@5: 0.76371 early stop: 4
[I 200916 00:35:52 models:83] 6 726016 train loss: 0.00218 P@5: 0.24897 nDCG@5: 0.76528 early stop: 5
[I 200916 00:39:21 models:83] 6 751616 train loss: 0.00188 P@5: 0.24839 nDCG@5: 0.76343 early stop: 6
[I 200916 00:42:50 models:83] 6 777216 train loss: 0.00228 P@5: 0.24901 nDCG@5: 0.76653 early stop: 7
[I 200916 00:46:17 models:83] 7 10752 train loss: 0.00213 P@5: 0.24783 nDCG@5: 0.76304 early stop: 8
[I 200916 00:49:46 models:83] 7 36352 train loss: 0.00174 P@5: 0.24872 nDCG@5: 0.76612 early stop: 9
[I 200916 00:53:14 models:83] 7 61952 train loss: 0.002 P@5: 0.24877 nDCG@5: 0.76515 early stop: 10
[I 200916 00:56:42 models:83] 7 87552 train loss: 0.00187 P@5: 0.24857 nDCG@5: 0.76427 early stop: 11
[I 200916 01:00:11 models:83] 7 113152 train loss: 0.00228 P@5: 0.248 nDCG@5: 0.76212 early stop: 12
[I 200916 01:03:40 models:83] 7 138752 train loss: 0.00211 P@5: 0.2486 nDCG@5: 0.76592 early stop: 13
[I 200916 01:07:08 models:83] 7 164352 train loss: 0.00209 P@5: 0.2488 nDCG@5: 0.76544 early stop: 14
[W 200916 01:08:47 models:104] Clipping gradients with total norm 0.010490000247955322 and max norm 0.0015300000086426735
[I 200916 01:10:37 models:83] 7 189952 train loss: 0.00189 P@5: 0.24874 nDCG@5: 0.76525 early stop: 15
[I 200916 01:14:05 models:83] 7 215552 train loss: 0.00208 P@5: 0.24863 nDCG@5: 0.76526 early stop: 16
[I 200916 01:17:33 models:83] 7 241152 train loss: 0.002 P@5: 0.24866 nDCG@5: 0.76428 early stop: 17
[I 200916 01:21:01 models:83] 7 266752 train loss: 0.00209 P@5: 0.24845 nDCG@5: 0.76496 early stop: 18
[I 200916 01:24:29 models:83] 7 292352 train loss: 0.00211 P@5: 0.24856 nDCG@5: 0.76477 early stop: 19
[I 200916 01:27:57 models:83] 7 317952 train loss: 0.00201 P@5: 0.24845 nDCG@5: 0.76467 early stop: 20
[I 200916 01:31:30 models:83] 7 343552 train loss: 0.00236 P@5: 0.24928 nDCG@5: 0.76698 early stop: 0
[I 200916 01:34:58 models:83] 7 369152 train loss: 0.00217 P@5: 0.24898 nDCG@5: 0.76508 early stop: 1
[I 200916 01:38:25 models:83] 7 394752 train loss: 0.0021 P@5: 0.24824 nDCG@5: 0.76341 early stop: 2
[I 200916 01:41:53 models:83] 7 420352 train loss: 0.00198 P@5: 0.2487 nDCG@5: 0.76516 early stop: 3
[I 200916 01:45:22 models:83] 7 445952 train loss: 0.00215 P@5: 0.24833 nDCG@5: 0.76386 early stop: 4
[I 200916 01:48:50 models:83] 7 471552 train loss: 0.00236 P@5: 0.24829 nDCG@5: 0.76276 early stop: 5
[I 200916 01:52:18 models:83] 7 497152 train loss: 0.00214 P@5: 0.24857 nDCG@5: 0.76338 early stop: 6
[I 200916 01:55:46 models:83] 7 522752 train loss: 0.00185 P@5: 0.24829 nDCG@5: 0.76356 early stop: 7
[I 200916 01:59:14 models:83] 7 548352 train loss: 0.00191 P@5: 0.24889 nDCG@5: 0.76608 early stop: 8
[I 200916 02:02:41 models:83] 7 573952 train loss: 0.00214 P@5: 0.24871 nDCG@5: 0.76484 early stop: 9
[I 200916 02:06:10 models:83] 7 599552 train loss: 0.00222 P@5: 0.24876 nDCG@5: 0.76507 early stop: 10
[I 200916 02:09:38 models:83] 7 625152 train loss: 0.00219 P@5: 0.2491 nDCG@5: 0.76611 early stop: 11
[I 200916 02:13:07 models:83] 7 650752 train loss: 0.00217 P@5: 0.24897 nDCG@5: 0.76577 early stop: 12
[I 200916 02:16:36 models:83] 7 676352 train loss: 0.00219 P@5: 0.24901 nDCG@5: 0.76482 early stop: 13
[I 200916 02:20:03 models:83] 7 701952 train loss: 0.00207 P@5: 0.24904 nDCG@5: 0.76574 early stop: 14
[I 200916 02:21:32 main:42] Model Name: laha_test
[I 200916 02:21:32 main:75] Loading Test Set
[I 200916 02:21:35 main:79] Size of Test Set: 198116
[I 200916 02:21:35 main:81] Predicting
[I 200916 02:22:15 main:42] Model Name: laha_test
[I 200916 02:22:15 main:75] Loading Test Set
[I 200916 02:22:15 main:79] Size of Test Set: 198116
[I 200916 02:22:15 main:81] Predicting
[I 200916 02:23:35 models:83] 7 727552 train loss: 0.00215 P@5: 0.24943 nDCG@5: 0.76768 early stop: 0
[I 200916 02:27:03 models:83] 7 753152 train loss: 0.00206 P@5: 0.2492 nDCG@5: 0.76642 early stop: 1
[I 200916 02:30:30 models:83] 7 778752 train loss: 0.00216 P@5: 0.24871 nDCG@5: 0.76471 early stop: 2
[I 200916 02:33:56 models:83] 8 12288 train loss: 0.00182 P@5: 0.24934 nDCG@5: 0.76756 early stop: 3
[I 200916 02:37:23 models:83] 8 37888 train loss: 0.0018 P@5: 0.24887 nDCG@5: 0.76551 early stop: 4
[I 200916 02:40:49 models:83] 8 63488 train loss: 0.00194 P@5: 0.24851 nDCG@5: 0.76471 early stop: 5
[I 200916 02:44:15 models:83] 8 89088 train loss: 0.00197 P@5: 0.24892 nDCG@5: 0.76543 early stop: 6
[I 200916 02:47:43 models:83] 8 114688 train loss: 0.00189 P@5: 0.24891 nDCG@5: 0.76588 early stop: 7
[I 200916 02:51:11 models:83] 8 140288 train loss: 0.00193 P@5: 0.24823 nDCG@5: 0.76322 early stop: 8
[I 200916 02:54:40 models:83] 8 165888 train loss: 0.0021 P@5: 0.24902 nDCG@5: 0.76549 early stop: 9
[I 200916 02:58:09 models:83] 8 191488 train loss: 0.00178 P@5: 0.24823 nDCG@5: 0.76321 early stop: 10
[I 200916 03:01:37 models:83] 8 217088 train loss: 0.00196 P@5: 0.24891 nDCG@5: 0.76662 early stop: 11
[I 200916 03:05:05 models:83] 8 242688 train loss: 0.00214 P@5: 0.24801 nDCG@5: 0.76299 early stop: 12
[I 200916 03:08:34 models:83] 8 268288 train loss: 0.00202 P@5: 0.24882 nDCG@5: 0.76632 early stop: 13
[I 200916 03:12:03 models:83] 8 293888 train loss: 0.0022 P@5: 0.24821 nDCG@5: 0.76361 early stop: 14
[I 200916 03:15:30 models:83] 8 319488 train loss: 0.00213 P@5: 0.24886 nDCG@5: 0.7662 early stop: 15
[I 200916 03:19:00 models:83] 8 345088 train loss: 0.00181 P@5: 0.24835 nDCG@5: 0.76299 early stop: 16
[I 200916 03:22:28 models:83] 8 370688 train loss: 0.00205 P@5: 0.24881 nDCG@5: 0.76512 early stop: 17
[I 200916 03:25:55 models:83] 8 396288 train loss: 0.00198 P@5: 0.24907 nDCG@5: 0.76697 early stop: 18
[I 200916 03:29:24 models:83] 8 421888 train loss: 0.00203 P@5: 0.24905 nDCG@5: 0.76603 early stop: 19
[I 200916 03:32:52 models:83] 8 447488 train loss: 0.0019 P@5: 0.24936 nDCG@5: 0.76726 early stop: 20
[I 200916 03:36:21 models:83] 8 473088 train loss: 0.00195 P@5: 0.249 nDCG@5: 0.76519 early stop: 21
[I 200916 03:39:49 models:83] 8 498688 train loss: 0.00197 P@5: 0.24824 nDCG@5: 0.7623 early stop: 22
[I 200916 03:43:17 models:83] 8 524288 train loss: 0.0021 P@5: 0.24873 nDCG@5: 0.76511 early stop: 23
[I 200916 03:46:45 models:83] 8 549888 train loss: 0.00178 P@5: 0.24846 nDCG@5: 0.76257 early stop: 24
[I 200916 03:50:14 models:83] 8 575488 train loss: 0.00179 P@5: 0.24882 nDCG@5: 0.76506 early stop: 25
[I 200916 03:53:42 models:83] 8 601088 train loss: 0.00211 P@5: 0.24902 nDCG@5: 0.76693 early stop: 26
[I 200916 03:57:11 models:83] 8 626688 train loss: 0.00194 P@5: 0.24917 nDCG@5: 0.76811 early stop: 0
[I 200916 04:00:37 models:83] 8 652288 train loss: 0.00213 P@5: 0.24865 nDCG@5: 0.7654 early stop: 1
[I 200916 04:04:04 models:83] 8 677888 train loss: 0.00211 P@5: 0.24881 nDCG@5: 0.76558 early stop: 2
[I 200916 04:07:30 models:83] 8 703488 train loss: 0.00193 P@5: 0.24902 nDCG@5: 0.76631 early stop: 3
[I 200916 04:10:57 models:83] 8 729088 train loss: 0.00238 P@5: 0.24779 nDCG@5: 0.76236 early stop: 4
[I 200916 04:14:25 models:83] 8 754688 train loss: 0.00205 P@5: 0.24888 nDCG@5: 0.76555 early stop: 5
[I 200916 04:17:53 models:83] 8 780288 train loss: 0.00196 P@5: 0.24949 nDCG@5: 0.76659 early stop: 6
[I 200916 04:21:22 models:83] 9 13824 train loss: 0.00175 P@5: 0.24933 nDCG@5: 0.76647 early stop: 7
[I 200916 04:24:50 models:83] 9 39424 train loss: 0.00174 P@5: 0.24862 nDCG@5: 0.76437 early stop: 8
[I 200916 04:28:18 models:83] 9 65024 train loss: 0.0018 P@5: 0.24825 nDCG@5: 0.76375 early stop: 9
[I 200916 04:31:47 models:83] 9 90624 train loss: 0.00182 P@5: 0.24849 nDCG@5: 0.7648 early stop: 10
[I 200916 04:35:16 models:83] 9 116224 train loss: 0.00183 P@5: 0.24897 nDCG@5: 0.76514 early stop: 11
[I 200916 04:38:44 models:83] 9 141824 train loss: 0.002 P@5: 0.24892 nDCG@5: 0.76661 early stop: 12
[I 200916 04:42:13 models:83] 9 167424 train loss: 0.00203 P@5: 0.24862 nDCG@5: 0.76446 early stop: 13
[I 200916 04:45:43 models:83] 9 193024 train loss: 0.00189 P@5: 0.24914 nDCG@5: 0.76647 early stop: 14
[I 200916 04:49:12 models:83] 9 218624 train loss: 0.00176 P@5: 0.24883 nDCG@5: 0.76485 early stop: 15
[I 200916 04:52:41 models:83] 9 244224 train loss: 0.00191 P@5: 0.24914 nDCG@5: 0.7661 early stop: 16
[I 200916 04:56:09 models:83] 9 269824 train loss: 0.00187 P@5: 0.24904 nDCG@5: 0.76529 early stop: 17
[I 200916 04:59:37 models:83] 9 295424 train loss: 0.00198 P@5: 0.24836 nDCG@5: 0.76381 early stop: 18
[I 200916 05:03:05 models:83] 9 321024 train loss: 0.00188 P@5: 0.24899 nDCG@5: 0.76541 early stop: 19
[I 200916 05:06:34 models:83] 9 346624 train loss: 0.00201 P@5: 0.24827 nDCG@5: 0.76323 early stop: 20
[I 200916 05:10:02 models:83] 9 372224 train loss: 0.00182 P@5: 0.24926 nDCG@5: 0.76585 early stop: 21
[I 200916 05:13:30 models:83] 9 397824 train loss: 0.00197 P@5: 0.24821 nDCG@5: 0.76377 early stop: 22
[I 200916 05:16:59 models:83] 9 423424 train loss: 0.00188 P@5: 0.249 nDCG@5: 0.7661 early stop: 23
[I 200916 05:20:27 models:83] 9 449024 train loss: 0.00208 P@5: 0.24863 nDCG@5: 0.76486 early stop: 24
[I 200916 05:23:56 models:83] 9 474624 train loss: 0.00186 P@5: 0.24844 nDCG@5: 0.76472 early stop: 25
[I 200916 05:27:24 models:83] 9 500224 train loss: 0.00208 P@5: 0.24861 nDCG@5: 0.76443 early stop: 26
[I 200916 05:30:53 models:83] 9 525824 train loss: 0.00211 P@5: 0.24906 nDCG@5: 0.76687 early stop: 27
[I 200916 05:34:21 models:83] 9 551424 train loss: 0.00195 P@5: 0.24922 nDCG@5: 0.76735 early stop: 28
[I 200916 05:37:52 models:83] 9 577024 train loss: 0.00205 P@5: 0.24954 nDCG@5: 0.76863 early stop: 0
[I 200916 05:41:20 models:83] 9 602624 train loss: 0.00202 P@5: 0.24932 nDCG@5: 0.7676 early stop: 1
[I 200916 05:44:48 models:83] 9 628224 train loss: 0.00202 P@5: 0.24907 nDCG@5: 0.76658 early stop: 2
[I 200916 05:48:16 models:83] 9 653824 train loss: 0.00191 P@5: 0.2489 nDCG@5: 0.76455 early stop: 3
[I 200916 05:51:45 models:83] 9 679424 train loss: 0.00202 P@5: 0.24908 nDCG@5: 0.7659 early stop: 4
[I 200916 05:55:13 models:83] 9 705024 train loss: 0.00201 P@5: 0.24953 nDCG@5: 0.76731 early stop: 5
[I 200916 05:58:41 models:83] 9 730624 train loss: 0.00199 P@5: 0.24897 nDCG@5: 0.76653 early stop: 6
[I 200916 06:02:10 models:83] 9 756224 train loss: 0.00204 P@5: 0.24941 nDCG@5: 0.76775 early stop: 7
[I 200916 06:05:38 models:83] 9 781824 train loss: 0.00208 P@5: 0.24936 nDCG@5: 0.76776 early stop: 8
[I 200916 06:06:27 models:109] SWA Initializing
[I 200916 06:09:08 models:83] 10 15360 train loss: 0.0019 P@5: 0.24992 nDCG@5: 0.76933 early stop: 0
[I 200916 06:12:39 models:83] 10 40960 train loss: 0.0019 P@5: 0.25025 nDCG@5: 0.77048 early stop: 0
[I 200916 06:16:11 models:83] 10 66560 train loss: 0.00177 P@5: 0.25033 nDCG@5: 0.77129 early stop: 0
[I 200916 06:19:41 models:83] 10 92160 train loss: 0.00194 P@5: 0.25054 nDCG@5: 0.77204 early stop: 0
[I 200916 06:23:11 models:83] 10 117760 train loss: 0.0018 P@5: 0.25067 nDCG@5: 0.77234 early stop: 0
[I 200916 06:26:40 models:83] 10 143360 train loss: 0.00186 P@5: 0.25073 nDCG@5: 0.77231 early stop: 1
[I 200916 06:30:11 models:83] 10 168960 train loss: 0.002 P@5: 0.25081 nDCG@5: 0.77254 early stop: 0
[I 200916 06:33:42 models:83] 10 194560 train loss: 0.00178 P@5: 0.25083 nDCG@5: 0.77273 early stop: 0
[I 200916 06:37:11 models:83] 10 220160 train loss: 0.00181 P@5: 0.25084 nDCG@5: 0.77248 early stop: 1
[I 200916 06:40:39 models:83] 10 245760 train loss: 0.00194 P@5: 0.25091 nDCG@5: 0.77249 early stop: 2
[I 200916 06:44:08 models:83] 10 271360 train loss: 0.00197 P@5: 0.25099 nDCG@5: 0.77262 early stop: 3
[I 200916 06:47:39 models:83] 10 296960 train loss: 0.00211 P@5: 0.25106 nDCG@5: 0.77301 early stop: 0
[I 200916 06:51:10 models:83] 10 322560 train loss: 0.002 P@5: 0.25122 nDCG@5: 0.77339 early stop: 0
[I 200916 06:54:41 models:83] 10 348160 train loss: 0.00195 P@5: 0.25121 nDCG@5: 0.77347 early stop: 0
[I 200916 06:58:12 models:83] 10 373760 train loss: 0.00171 P@5: 0.25125 nDCG@5: 0.77365 early stop: 0
[I 200916 07:01:42 models:83] 10 399360 train loss: 0.00207 P@5: 0.25125 nDCG@5: 0.77378 early stop: 0
[I 200916 07:05:15 models:83] 10 424960 train loss: 0.00197 P@5: 0.25129 nDCG@5: 0.774 early stop: 0
[I 200916 07:08:45 models:83] 10 450560 train loss: 0.00178 P@5: 0.25142 nDCG@5: 0.77432 early stop: 0
[I 200916 07:12:13 models:83] 10 476160 train loss: 0.00213 P@5: 0.25143 nDCG@5: 0.77422 early stop: 1
[I 200916 07:15:41 models:83] 10 501760 train loss: 0.00203 P@5: 0.25139 nDCG@5: 0.77422 early stop: 2
[I 200916 07:19:10 models:83] 10 527360 train loss: 0.00194 P@5: 0.25144 nDCG@5: 0.77432 early stop: 3
[I 200916 07:22:42 models:83] 10 552960 train loss: 0.00191 P@5: 0.25143 nDCG@5: 0.7745 early stop: 0
[I 200916 07:26:13 models:83] 10 578560 train loss: 0.00196 P@5: 0.25145 nDCG@5: 0.77466 early stop: 0
[I 200916 07:29:45 models:83] 10 604160 train loss: 0.00179 P@5: 0.25155 nDCG@5: 0.77495 early stop: 0
[I 200916 07:33:17 models:83] 10 629760 train loss: 0.00213 P@5: 0.25156 nDCG@5: 0.7751 early stop: 0
[I 200916 07:36:47 models:83] 10 655360 train loss: 0.00184 P@5: 0.25167 nDCG@5: 0.77523 early stop: 0
[I 200916 07:40:15 models:83] 10 680960 train loss: 0.00195 P@5: 0.25168 nDCG@5: 0.77519 early stop: 1
[I 200916 07:43:44 models:83] 10 706560 train loss: 0.00195 P@5: 0.25164 nDCG@5: 0.77515 early stop: 2
[I 200916 07:47:14 models:83] 10 732160 train loss: 0.00208 P@5: 0.25169 nDCG@5: 0.77524 early stop: 0
[I 200916 07:50:45 models:83] 10 757760 train loss: 0.00195 P@5: 0.25169 nDCG@5: 0.77527 early stop: 0
[I 200916 07:54:15 models:83] 10 783360 train loss: 0.00207 P@5: 0.25176 nDCG@5: 0.7754 early stop: 0
[I 200916 07:57:46 models:83] 11 16896 train loss: 0.00171 P@5: 0.25174 nDCG@5: 0.77544 early stop: 0
[I 200916 08:01:17 models:83] 11 42496 train loss: 0.00177 P@5: 0.25181 nDCG@5: 0.77561 early stop: 0
[I 200916 08:04:47 models:83] 11 68096 train loss: 0.00194 P@5: 0.25192 nDCG@5: 0.77578 early stop: 0
[I 200916 08:08:15 models:83] 11 93696 train loss: 0.00194 P@5: 0.25189 nDCG@5: 0.77572 early stop: 1
[I 200916 08:11:46 models:83] 11 119296 train loss: 0.00168 P@5: 0.25195 nDCG@5: 0.77587 early stop: 0
[I 200916 08:15:14 models:83] 11 144896 train loss: 0.00182 P@5: 0.25187 nDCG@5: 0.77578 early stop: 1
[I 200916 08:18:41 models:83] 11 170496 train loss: 0.00198 P@5: 0.25188 nDCG@5: 0.7758 early stop: 2
[I 200916 08:22:12 models:83] 11 196096 train loss: 0.002 P@5: 0.25197 nDCG@5: 0.77605 early stop: 0
[I 200916 08:25:40 models:83] 11 221696 train loss: 0.0021 P@5: 0.25194 nDCG@5: 0.77601 early stop: 1
[I 200916 08:29:08 models:83] 11 247296 train loss: 0.00195 P@5: 0.25188 nDCG@5: 0.77592 early stop: 2
[I 200916 08:32:37 models:83] 11 272896 train loss: 0.00194 P@5: 0.2519 nDCG@5: 0.77581 early stop: 3
[I 200916 08:36:06 models:83] 11 298496 train loss: 0.00192 P@5: 0.25193 nDCG@5: 0.77582 early stop: 4
[I 200916 08:39:34 models:83] 11 324096 train loss: 0.00176 P@5: 0.25196 nDCG@5: 0.77589 early stop: 5
[I 200916 08:43:04 models:83] 11 349696 train loss: 0.00193 P@5: 0.25198 nDCG@5: 0.77597 early stop: 6
[I 200916 08:46:32 models:83] 11 375296 train loss: 0.002 P@5: 0.252 nDCG@5: 0.77597 early stop: 7
[I 200916 08:50:00 models:83] 11 400896 train loss: 0.00199 P@5: 0.25207 nDCG@5: 0.77604 early stop: 8
[I 200916 08:53:28 models:83] 11 426496 train loss: 0.00202 P@5: 0.25196 nDCG@5: 0.77594 early stop: 9
[I 200916 08:56:56 models:83] 11 452096 train loss: 0.002 P@5: 0.25203 nDCG@5: 0.77593 early stop: 10
[I 200916 09:00:25 models:83] 11 477696 train loss: 0.00182 P@5: 0.25201 nDCG@5: 0.77589 early stop: 11
[I 200916 09:03:53 models:83] 11 503296 train loss: 0.00176 P@5: 0.25202 nDCG@5: 0.77587 early stop: 12
[I 200916 09:07:21 models:83] 11 528896 train loss: 0.00184 P@5: 0.252 nDCG@5: 0.77581 early stop: 13
[I 200916 09:10:49 models:83] 11 554496 train loss: 0.00203 P@5: 0.25207 nDCG@5: 0.77591 early stop: 14
[I 200916 09:14:17 models:83] 11 580096 train loss: 0.00215 P@5: 0.25198 nDCG@5: 0.77577 early stop: 15
[I 200916 09:17:44 models:83] 11 605696 train loss: 0.00173 P@5: 0.25202 nDCG@5: 0.77582 early stop: 16
[I 200916 09:21:12 models:83] 11 631296 train loss: 0.00199 P@5: 0.25201 nDCG@5: 0.77581 early stop: 17
[I 200916 09:24:41 models:83] 11 656896 train loss: 0.00171 P@5: 0.25203 nDCG@5: 0.77584 early stop: 18
[I 200916 09:28:09 models:83] 11 682496 train loss: 0.00183 P@5: 0.25204 nDCG@5: 0.77584 early stop: 19
[I 200916 09:31:37 models:83] 11 708096 train loss: 0.00198 P@5: 0.25205 nDCG@5: 0.77592 early stop: 20
[I 200916 09:35:06 models:83] 11 733696 train loss: 0.00204 P@5: 0.25215 nDCG@5: 0.77589 early stop: 21
[I 200916 09:38:34 models:83] 11 759296 train loss: 0.00193 P@5: 0.25213 nDCG@5: 0.77593 early stop: 22
[I 200916 09:42:03 models:83] 11 784896 train loss: 0.00182 P@5: 0.25214 nDCG@5: 0.77592 early stop: 23
[I 200916 09:45:32 models:83] 12 18432 train loss: 0.00174 P@5: 0.25217 nDCG@5: 0.77595 early stop: 24
[I 200916 09:48:59 models:83] 12 44032 train loss: 0.0016 P@5: 0.25217 nDCG@5: 0.77603 early stop: 25
[I 200916 09:52:28 models:83] 12 69632 train loss: 0.00194 P@5: 0.25215 nDCG@5: 0.77604 early stop: 26
[I 200916 09:56:00 models:83] 12 95232 train loss: 0.00166 P@5: 0.25216 nDCG@5: 0.77606 early stop: 0
[I 200916 09:59:30 models:83] 12 120832 train loss: 0.00213 P@5: 0.25215 nDCG@5: 0.7761 early stop: 0
[I 200916 10:03:01 models:83] 12 146432 train loss: 0.00192 P@5: 0.25215 nDCG@5: 0.77615 early stop: 0
[I 200916 10:06:30 models:83] 12 172032 train loss: 0.00207 P@5: 0.25209 nDCG@5: 0.77611 early stop: 1
[I 200916 10:09:57 models:83] 12 197632 train loss: 0.00195 P@5: 0.25209 nDCG@5: 0.77608 early stop: 2
[I 200916 10:13:28 models:83] 12 223232 train loss: 0.00179 P@5: 0.25209 nDCG@5: 0.77621 early stop: 0
[I 200916 10:16:57 models:83] 12 248832 train loss: 0.00194 P@5: 0.25208 nDCG@5: 0.77619 early stop: 1
[I 200916 10:20:28 models:83] 12 274432 train loss: 0.00198 P@5: 0.25213 nDCG@5: 0.77627 early stop: 0
[I 200916 10:23:57 models:83] 12 300032 train loss: 0.00171 P@5: 0.25213 nDCG@5: 0.77624 early stop: 1
[I 200916 10:27:28 models:83] 12 325632 train loss: 0.00165 P@5: 0.25217 nDCG@5: 0.7763 early stop: 0
[I 200916 10:30:55 models:83] 12 351232 train loss: 0.00166 P@5: 0.25215 nDCG@5: 0.77623 early stop: 1
[I 200916 10:34:24 models:83] 12 376832 train loss: 0.00191 P@5: 0.2522 nDCG@5: 0.77626 early stop: 2
[I 200916 10:37:53 models:83] 12 402432 train loss: 0.00205 P@5: 0.25218 nDCG@5: 0.77619 early stop: 3
[I 200916 10:41:21 models:83] 12 428032 train loss: 0.0017 P@5: 0.25213 nDCG@5: 0.77608 early stop: 4
[I 200916 10:44:50 models:83] 12 453632 train loss: 0.00185 P@5: 0.25216 nDCG@5: 0.77615 early stop: 5
[I 200916 10:48:19 models:83] 12 479232 train loss: 0.00162 P@5: 0.25214 nDCG@5: 0.77612 early stop: 6
[I 200916 10:51:47 models:83] 12 504832 train loss: 0.00176 P@5: 0.25213 nDCG@5: 0.77615 early stop: 7
[I 200916 10:55:15 models:83] 12 530432 train loss: 0.00185 P@5: 0.25214 nDCG@5: 0.77613 early stop: 8
[I 200916 10:58:43 models:83] 12 556032 train loss: 0.00177 P@5: 0.25211 nDCG@5: 0.77605 early stop: 9
[I 200916 11:02:12 models:83] 12 581632 train loss: 0.00178 P@5: 0.25212 nDCG@5: 0.77603 early stop: 10
[I 200916 11:05:39 models:83] 12 607232 train loss: 0.00168 P@5: 0.25209 nDCG@5: 0.77606 early stop: 11
[I 200916 11:09:08 models:83] 12 632832 train loss: 0.00177 P@5: 0.2521 nDCG@5: 0.77604 early stop: 12
[I 200916 11:12:36 models:83] 12 658432 train loss: 0.00198 P@5: 0.25213 nDCG@5: 0.77611 early stop: 13
[I 200916 11:16:04 models:83] 12 684032 train loss: 0.00203 P@5: 0.25212 nDCG@5: 0.7761 early stop: 14
[I 200916 11:19:33 models:83] 12 709632 train loss: 0.00185 P@5: 0.25211 nDCG@5: 0.77616 early stop: 15
[I 200916 11:23:00 models:83] 12 735232 train loss: 0.00177 P@5: 0.25202 nDCG@5: 0.77605 early stop: 16
[I 200916 11:26:29 models:83] 12 760832 train loss: 0.00166 P@5: 0.252 nDCG@5: 0.7761 early stop: 17
[I 200916 11:29:57 models:83] 12 786432 train loss: 0.00184 P@5: 0.25201 nDCG@5: 0.77603 early stop: 18
[I 200916 11:33:25 models:83] 13 19968 train loss: 0.00166 P@5: 0.25196 nDCG@5: 0.77592 early stop: 19
[I 200916 11:36:53 models:83] 13 45568 train loss: 0.00186 P@5: 0.25199 nDCG@5: 0.77589 early stop: 20
[I 200916 11:40:21 models:83] 13 71168 train loss: 0.00173 P@5: 0.25194 nDCG@5: 0.77574 early stop: 21
[I 200916 11:43:49 models:83] 13 96768 train loss: 0.00195 P@5: 0.25195 nDCG@5: 0.77571 early stop: 22
[I 200916 11:47:18 models:83] 13 122368 train loss: 0.00151 P@5: 0.25192 nDCG@5: 0.77562 early stop: 23
[I 200916 11:50:47 models:83] 13 147968 train loss: 0.00173 P@5: 0.25193 nDCG@5: 0.77559 early stop: 24
[I 200916 11:54:15 models:83] 13 173568 train loss: 0.00183 P@5: 0.25191 nDCG@5: 0.77554 early stop: 25
[I 200916 11:57:44 models:83] 13 199168 train loss: 0.00167 P@5: 0.25189 nDCG@5: 0.77554 early stop: 26
[I 200916 12:01:14 models:83] 13 224768 train loss: 0.002 P@5: 0.25187 nDCG@5: 0.77546 early stop: 27
[I 200916 12:04:42 models:83] 13 250368 train loss: 0.00199 P@5: 0.25184 nDCG@5: 0.7754 early stop: 28
[I 200916 12:08:10 models:83] 13 275968 train loss: 0.00164 P@5: 0.2518 nDCG@5: 0.7753 early stop: 29
[I 200916 12:11:38 models:83] 13 301568 train loss: 0.00172 P@5: 0.25183 nDCG@5: 0.77542 early stop: 30
[I 200916 12:15:06 models:83] 13 327168 train loss: 0.00174 P@5: 0.25181 nDCG@5: 0.77533 early stop: 31
[I 200916 12:18:34 models:83] 13 352768 train loss: 0.00176 P@5: 0.25185 nDCG@5: 0.77541 early stop: 32
[I 200916 12:22:03 models:83] 13 378368 train loss: 0.00164 P@5: 0.25182 nDCG@5: 0.77536 early stop: 33
[I 200916 12:25:31 models:83] 13 403968 train loss: 0.00181 P@5: 0.25177 nDCG@5: 0.77526 early stop: 34
[I 200916 12:29:00 models:83] 13 429568 train loss: 0.00182 P@5: 0.25177 nDCG@5: 0.77516 early stop: 35
[I 200916 12:32:28 models:83] 13 455168 train loss: 0.00179 P@5: 0.2518 nDCG@5: 0.77523 early stop: 36
[I 200916 12:35:56 models:83] 13 480768 train loss: 0.00206 P@5: 0.25175 nDCG@5: 0.77507 early stop: 37
[I 200916 12:39:24 models:83] 13 506368 train loss: 0.00178 P@5: 0.25177 nDCG@5: 0.77511 early stop: 38
[I 200916 12:42:53 models:83] 13 531968 train loss: 0.00185 P@5: 0.25176 nDCG@5: 0.77503 early stop: 39
[I 200916 12:46:21 models:83] 13 557568 train loss: 0.00194 P@5: 0.25178 nDCG@5: 0.77501 early stop: 40
[I 200916 12:49:50 models:83] 13 583168 train loss: 0.00185 P@5: 0.25177 nDCG@5: 0.77491 early stop: 41
[I 200916 12:53:19 models:83] 13 608768 train loss: 0.00199 P@5: 0.25179 nDCG@5: 0.77488 early stop: 42
[I 200916 12:56:47 models:83] 13 634368 train loss: 0.00198 P@5: 0.25176 nDCG@5: 0.7749 early stop: 43
[I 200916 13:00:16 models:83] 13 659968 train loss: 0.00174 P@5: 0.25176 nDCG@5: 0.77491 early stop: 44
[I 200916 13:03:45 models:83] 13 685568 train loss: 0.00191 P@5: 0.25172 nDCG@5: 0.77486 early stop: 45
[I 200916 13:07:13 models:83] 13 711168 train loss: 0.00197 P@5: 0.25171 nDCG@5: 0.77482 early stop: 46
[I 200916 13:10:41 models:83] 13 736768 train loss: 0.00204 P@5: 0.25174 nDCG@5: 0.77477 early stop: 47
[I 200916 13:14:09 models:83] 13 762368 train loss: 0.00187 P@5: 0.25175 nDCG@5: 0.77475 early stop: 48
[I 200916 13:17:37 models:83] 13 787968 train loss: 0.00207 P@5: 0.25175 nDCG@5: 0.77473 early stop: 49
[I 200916 13:21:05 models:83] 14 21504 train loss: 0.00179 P@5: 0.25179 nDCG@5: 0.77483 early stop: 50
[I 200916 13:24:34 main:72] Finish Training
[I 200916 13:24:34 main:75] Loading Test Set
[I 200916 13:24:35 main:79] Size of Test Set: 198116
[I 200916 13:24:35 main:81] Predicting
[I 200916 13:28:22 main:93] Finish Predicting
